/scratch/chenyuan-data/SAGEN/llvm/llvm-4/clang/lib/Analysis/plugins/SAGenTestHandling/SAGenTestChecker.cpp: In member function ‘void {anonymous}::SAGenTestChecker::reportRemoteWrite(const clang::BinaryOperator*, const clang::FieldDecl*, clang::ento::CheckerContext&) const’:
/scratch/chenyuan-data/SAGEN/llvm/llvm-4/clang/lib/Analysis/plugins/SAGenTestHandling/SAGenTestChecker.cpp:131:60: error: cannot convert ‘clang::SourceLocation’ to ‘const clang::ento::PathDiagnosticLocation&’
  131 |           R->addNote("Field: " + FD->getNameAsString(), BO ? BO->getBeginLoc() : SourceLocation());
      |                                                         ~~~^~~~~~~~~~~~~~~~~~~~~~~~~~~~~~~~~~~~~~
      |                                                            |
      |                                                            clang::SourceLocation
In file included from /scratch/chenyuan-data/SAGEN/llvm/llvm-4/clang/lib/Analysis/plugins/SAGenTestHandling/SAGenTestChecker.cpp:1:
/scratch/chenyuan-data/SAGEN/llvm/llvm-4/clang/include/clang/StaticAnalyzer/Core/BugReporter/BugReporter.h:201:61: note:   initializing argument 2 of ‘void clang::ento::BugReport::addNote(llvm::StringRef, const clang::ento::PathDiagnosticLocation&, llvm::ArrayRef<clang::SourceRange>)’
  201 |   void addNote(StringRef Msg, const PathDiagnosticLocation &Pos,
      |                               ~~~~~~~~~~~~~~~~~~~~~~~~~~~~~~^~~
/scratch/chenyuan-data/SAGEN/llvm/llvm-4/clang/lib/Analysis/plugins/SAGenTestHandling/SAGenTestChecker.cpp: In member function ‘void {anonymous}::SAGenTestChecker::reportLocalRMW(const clang::BinaryOperator*, const clang::FieldDecl*, clang::ento::CheckerContext&) const’:
/scratch/chenyuan-data/SAGEN/llvm/llvm-4/clang/lib/Analysis/plugins/SAGenTestHandling/SAGenTestChecker.cpp:144:60: error: cannot convert ‘clang::SourceLocation’ to ‘const clang::ento::PathDiagnosticLocation&’
  144 |           R->addNote("Field: " + FD->getNameAsString(), BO ? BO->getBeginLoc() : SourceLocation());
      |                                                         ~~~^~~~~~~~~~~~~~~~~~~~~~~~~~~~~~~~~~~~~~
      |                                                            |
      |                                                            clang::SourceLocation
In file included from /scratch/chenyuan-data/SAGEN/llvm/llvm-4/clang/lib/Analysis/plugins/SAGenTestHandling/SAGenTestChecker.cpp:1:
/scratch/chenyuan-data/SAGEN/llvm/llvm-4/clang/include/clang/StaticAnalyzer/Core/BugReporter/BugReporter.h:201:61: note:   initializing argument 2 of ‘void clang::ento::BugReport::addNote(llvm::StringRef, const clang::ento::PathDiagnosticLocation&, llvm::ArrayRef<clang::SourceRange>)’
  201 |   void addNote(StringRef Msg, const PathDiagnosticLocation &Pos,
      |                               ~~~~~~~~~~~~~~~~~~~~~~~~~~~~~~^~~
/scratch/chenyuan-data/SAGEN/llvm/llvm-4/clang/lib/Analysis/plugins/SAGenTestHandling/SAGenTestChecker.cpp: In member function ‘void {anonymous}::SAGenTestChecker::checkBind(clang::ento::SVal, clang::ento::SVal, const clang::Stmt*, clang::ento::CheckerContext&) const’:
/scratch/chenyuan-data/SAGEN/llvm/llvm-4/clang/lib/Analysis/plugins/SAGenTestHandling/SAGenTestChecker.cpp:180:30: error: ‘dyn_cast_or_cast’ was not declared in this scope
  180 |         if (const auto *ME = dyn_cast_or_cast<MemberExpr>(R)) {
      |                              ^~~~~~~~~~~~~~~~
/scratch/chenyuan-data/SAGEN/llvm/llvm-4/clang/lib/Analysis/plugins/SAGenTestHandling/SAGenTestChecker.cpp:180:57: error: expected primary-expression before ‘>’ token
  180 |         if (const auto *ME = dyn_cast_or_cast<MemberExpr>(R)) {
      |                                                         ^
make[3]: *** [tools/clang/lib/Analysis/plugins/SAGenTestHandling/CMakeFiles/SAGenTestPlugin.dir/build.make:76: tools/clang/lib/Analysis/plugins/SAGenTestHandling/CMakeFiles/SAGenTestPlugin.dir/SAGenTestChecker.cpp.o] Error 1
make[2]: *** [CMakeFiles/Makefile2:31101: tools/clang/lib/Analysis/plugins/SAGenTestHandling/CMakeFiles/SAGenTestPlugin.dir/all] Error 2
make[1]: *** [CMakeFiles/Makefile2:31108: tools/clang/lib/Analysis/plugins/SAGenTestHandling/CMakeFiles/SAGenTestPlugin.dir/rule] Error 2
make: *** [Makefile:7495: SAGenTestPlugin] Error 2
