/scratch/chenyuan-data/SAGEN/llvm/llvm-4/clang/lib/Analysis/plugins/SAGenTestHandling/SAGenTestChecker.cpp:54:89: error: type/value mismatch at argument 1 in template parameter list for ‘template<class CHECK1, class ... CHECKs> class clang::ento::Checker’
   54 | class SAGenTestChecker : public Checker<check::PostStmt, check::PostCall, check::PreCall> {
      |                                                                                         ^
/scratch/chenyuan-data/SAGEN/llvm/llvm-4/clang/lib/Analysis/plugins/SAGenTestHandling/SAGenTestChecker.cpp:54:89: note:   expected a type, got ‘PostStmt’
/scratch/chenyuan-data/SAGEN/llvm/llvm-4/clang/lib/Analysis/plugins/SAGenTestHandling/SAGenTestChecker.cpp: In constructor ‘{anonymous}::SAGenTestChecker::SAGenTestChecker()’:
/scratch/chenyuan-data/SAGEN/llvm/llvm-4/clang/lib/Analysis/plugins/SAGenTestHandling/SAGenTestChecker.cpp:58:81: error: no matching function for call to ‘clang::ento::BugType::BugType({anonymous}::SAGenTestChecker*, const char [16], const char [16])’
   58 |   SAGenTestChecker() : BT(new BugType(this, "Kernel InfoLeak", "Kernel InfoLeak")) {}
      |                                                                                 ^
In file included from /scratch/chenyuan-data/SAGEN/llvm/llvm-4/clang/include/clang/StaticAnalyzer/Core/BugReporter/BugReporter.h:23,
                 from /scratch/chenyuan-data/SAGEN/llvm/llvm-4/clang/lib/Analysis/plugins/SAGenTestHandling/SAGenTestChecker.cpp:1:
/scratch/chenyuan-data/SAGEN/llvm/llvm-4/clang/include/clang/StaticAnalyzer/Core/BugReporter/BugType.h:42:3: note: candidate: ‘clang::ento::BugType::BugType(const clang::ento::CheckerBase*, llvm::StringRef, llvm::StringRef, bool)’
   42 |   BugType(const CheckerBase *Checker, StringRef Desc,
      |   ^~~~~~~
/scratch/chenyuan-data/SAGEN/llvm/llvm-4/clang/include/clang/StaticAnalyzer/Core/BugReporter/BugType.h:42:30: note:   no known conversion for argument 1 from ‘{anonymous}::SAGenTestChecker*’ to ‘const clang::ento::CheckerBase*’
   42 |   BugType(const CheckerBase *Checker, StringRef Desc,
      |           ~~~~~~~~~~~~~~~~~~~^~~~~~~
/scratch/chenyuan-data/SAGEN/llvm/llvm-4/clang/include/clang/StaticAnalyzer/Core/BugReporter/BugType.h:38:3: note: candidate: ‘clang::ento::BugType::BugType(clang::ento::CheckerNameRef, llvm::StringRef, llvm::StringRef, bool)’
   38 |   BugType(CheckerNameRef CheckerName, StringRef Desc,
      |   ^~~~~~~
/scratch/chenyuan-data/SAGEN/llvm/llvm-4/clang/include/clang/StaticAnalyzer/Core/BugReporter/BugType.h:38:26: note:   no known conversion for argument 1 from ‘{anonymous}::SAGenTestChecker*’ to ‘clang::ento::CheckerNameRef’
   38 |   BugType(CheckerNameRef CheckerName, StringRef Desc,
      |           ~~~~~~~~~~~~~~~^~~~~~~~~~~
/scratch/chenyuan-data/SAGEN/llvm/llvm-4/clang/include/clang/StaticAnalyzer/Core/BugReporter/BugType.h:27:7: note: candidate: ‘clang::ento::BugType::BugType(const clang::ento::BugType&)’
   27 | class BugType {
      |       ^~~~~~~
/scratch/chenyuan-data/SAGEN/llvm/llvm-4/clang/include/clang/StaticAnalyzer/Core/BugReporter/BugType.h:27:7: note:   candidate expects 1 argument, 3 provided
/scratch/chenyuan-data/SAGEN/llvm/llvm-4/clang/lib/Analysis/plugins/SAGenTestHandling/SAGenTestChecker.cpp: In member function ‘void {anonymous}::SAGenTestChecker::checkPostStmt(const clang::DeclStmt*, clang::ento::CheckerContext&) const’:
/scratch/chenyuan-data/SAGEN/llvm/llvm-4/clang/lib/Analysis/plugins/SAGenTestHandling/SAGenTestChecker.cpp:88:33: error: no matching function for call to ‘clang::ento::ProgramState::getSVal(const clang::VarDecl*&, const clang::LocationContext*) const’
   88 |     SVal VarVal = State->getSVal(VD, C.getLocationContext());
      |                   ~~~~~~~~~~~~~~^~~~~~~~~~~~~~~~~~~~~~~~~~~~
In file included from /scratch/chenyuan-data/SAGEN/llvm/llvm-4/clang/include/clang/StaticAnalyzer/Core/PathSensitive/RangedConstraintManager.h:16,
                 from /scratch/chenyuan-data/SAGEN/llvm/llvm-4/clang/include/clang/StaticAnalyzer/Core/BugReporter/BugReporterVisitors.h:19,
                 from /scratch/chenyuan-data/SAGEN/llvm/llvm-4/clang/include/clang/StaticAnalyzer/Core/BugReporter/BugReporter.h:21,
                 from /scratch/chenyuan-data/SAGEN/llvm/llvm-4/clang/lib/Analysis/plugins/SAGenTestHandling/SAGenTestChecker.cpp:1:
/scratch/chenyuan-data/SAGEN/llvm/llvm-4/clang/include/clang/StaticAnalyzer/Core/PathSensitive/ProgramState.h:805:13: note: candidate: ‘clang::ento::SVal clang::ento::ProgramState::getSVal(const clang::Stmt*, const clang::LocationContext*) const’
  805 | inline SVal ProgramState::getSVal(const Stmt *Ex,
      |             ^~~~~~~~~~~~
/scratch/chenyuan-data/SAGEN/llvm/llvm-4/clang/include/clang/StaticAnalyzer/Core/PathSensitive/ProgramState.h:805:47: note:   no known conversion for argument 1 from ‘const clang::VarDecl*’ to ‘const clang::Stmt*’
  805 | inline SVal ProgramState::getSVal(const Stmt *Ex,
      |                                   ~~~~~~~~~~~~^~
/scratch/chenyuan-data/SAGEN/llvm/llvm-4/clang/include/clang/StaticAnalyzer/Core/PathSensitive/ProgramState.h:380:8: note: candidate: ‘clang::ento::SVal clang::ento::ProgramState::getSVal(clang::ento::Loc, clang::QualType) const’
  380 |   SVal getSVal(Loc LV, QualType T = QualType()) const;
      |        ^~~~~~~
/scratch/chenyuan-data/SAGEN/llvm/llvm-4/clang/include/clang/StaticAnalyzer/Core/PathSensitive/ProgramState.h:380:20: note:   no known conversion for argument 1 from ‘const clang::VarDecl*’ to ‘clang::ento::Loc’
  380 |   SVal getSVal(Loc LV, QualType T = QualType()) const;
      |                ~~~~^~
/scratch/chenyuan-data/SAGEN/llvm/llvm-4/clang/include/clang/StaticAnalyzer/Core/PathSensitive/ProgramState.h:828:13: note: candidate: ‘clang::ento::SVal clang::ento::ProgramState::getSVal(const clang::ento::MemRegion*, clang::QualType) const’
  828 | inline SVal ProgramState::getSVal(const MemRegion* R, QualType T) const {
      |             ^~~~~~~~~~~~
/scratch/chenyuan-data/SAGEN/llvm/llvm-4/clang/include/clang/StaticAnalyzer/Core/PathSensitive/ProgramState.h:828:52: note:   no known conversion for argument 1 from ‘const clang::VarDecl*’ to ‘const clang::ento::MemRegion*’
  828 | inline SVal ProgramState::getSVal(const MemRegion* R, QualType T) const {
      |                                   ~~~~~~~~~~~~~~~~~^
In file included from /scratch/chenyuan-data/SAGEN/llvm/llvm-4/clang/include/clang/StaticAnalyzer/Core/Checker.h:18,
                 from /scratch/chenyuan-data/SAGEN/llvm/llvm-4/clang/include/clang/StaticAnalyzer/Core/BugReporter/BugType.h:18,
                 from /scratch/chenyuan-data/SAGEN/llvm/llvm-4/clang/include/clang/StaticAnalyzer/Core/BugReporter/BugReporter.h:23,
                 from /scratch/chenyuan-data/SAGEN/llvm/llvm-4/clang/lib/Analysis/plugins/SAGenTestHandling/SAGenTestChecker.cpp:1:
/scratch/chenyuan-data/SAGEN/llvm/llvm-4/clang/include/clang/StaticAnalyzer/Core/CheckerManager.h: In instantiation of ‘CHECKER* clang::ento::CheckerManager::registerChecker(AT&& ...) [with CHECKER = {anonymous}::SAGenTestChecker; AT = {}]’:
/scratch/chenyuan-data/SAGEN/llvm/llvm-4/clang/include/clang/StaticAnalyzer/Frontend/CheckerRegistry.h:108:36:   required from ‘static void clang::ento::CheckerRegistry::initializeManager(MGR&) [with MGR = clang::ento::CheckerManager; T = {anonymous}::SAGenTestChecker]’
/scratch/chenyuan-data/SAGEN/llvm/llvm-4/clang/include/clang/StaticAnalyzer/Frontend/CheckerRegistry.h:132:15:   required from ‘void clang::ento::CheckerRegistry::addChecker(llvm::StringRef, llvm::StringRef, llvm::StringRef, bool) [with T = {anonymous}::SAGenTestChecker]’
/scratch/chenyuan-data/SAGEN/llvm/llvm-4/clang/lib/Analysis/plugins/SAGenTestHandling/SAGenTestChecker.cpp:167:40:   required from here
/scratch/chenyuan-data/SAGEN/llvm/llvm-4/clang/include/clang/StaticAnalyzer/Core/CheckerManager.h:210:14: error: ‘class {anonymous}::SAGenTestChecker’ has no member named ‘Name’
  210 |     checker->Name = CurrentCheckerName;
      |     ~~~~~~~~~^~~~
/scratch/chenyuan-data/SAGEN/llvm/llvm-4/clang/include/clang/StaticAnalyzer/Core/CheckerManager.h:211:28: error: no matching function for call to ‘clang::ento::CheckerFn<void()>::CheckerFn({anonymous}::SAGenTestChecker*&, <unresolved overloaded function type>)’
  211 |     CheckerDtors.push_back(CheckerDtor(checker, destruct<CHECKER>));
      |                            ^~~~~~~~~~~~~~~~~~~~~~~~~~~~~~~~~~~~~~~
/scratch/chenyuan-data/SAGEN/llvm/llvm-4/clang/include/clang/StaticAnalyzer/Core/CheckerManager.h:69:3: note: candidate: ‘clang::ento::CheckerFn<RET(Ps ...)>::CheckerFn(clang::ento::CheckerBase*, clang::ento::CheckerFn<RET(Ps ...)>::Func) [with RET = void; Ps = {}; clang::ento::CheckerFn<RET(Ps ...)>::Func = void (*)(void*)]’
   69 |   CheckerFn(CheckerBase *checker, Func fn) : Fn(fn), Checker(checker) {}
      |   ^~~~~~~~~
/scratch/chenyuan-data/SAGEN/llvm/llvm-4/clang/include/clang/StaticAnalyzer/Core/CheckerManager.h:69:26: note:   no known conversion for argument 1 from ‘{anonymous}::SAGenTestChecker*’ to ‘clang::ento::CheckerBase*’
   69 |   CheckerFn(CheckerBase *checker, Func fn) : Fn(fn), Checker(checker) {}
      |             ~~~~~~~~~~~~~^~~~~~~
/scratch/chenyuan-data/SAGEN/llvm/llvm-4/clang/include/clang/StaticAnalyzer/Core/CheckerManager.h:61:7: note: candidate: ‘constexpr clang::ento::CheckerFn<void()>::CheckerFn(const clang::ento::CheckerFn<void()>&)’
   61 | class CheckerFn<RET(Ps...)> {
      |       ^~~~~~~~~~~~~~~~~~~~~
/scratch/chenyuan-data/SAGEN/llvm/llvm-4/clang/include/clang/StaticAnalyzer/Core/CheckerManager.h:61:7: note:   candidate expects 1 argument, 2 provided
/scratch/chenyuan-data/SAGEN/llvm/llvm-4/clang/include/clang/StaticAnalyzer/Core/CheckerManager.h:61:7: note: candidate: ‘constexpr clang::ento::CheckerFn<void()>::CheckerFn(clang::ento::CheckerFn<void()>&&)’
/scratch/chenyuan-data/SAGEN/llvm/llvm-4/clang/include/clang/StaticAnalyzer/Core/CheckerManager.h:61:7: note:   candidate expects 1 argument, 2 provided
/scratch/chenyuan-data/SAGEN/llvm/llvm-4/clang/include/clang/StaticAnalyzer/Core/CheckerManager.h:212:23: error: ‘_register’ is not a member of ‘{anonymous}::SAGenTestChecker’
  212 |     CHECKER::_register(checker, *this);
      |     ~~~~~~~~~~~~~~~~~~^~~~~~~~~~~~~~~~
/scratch/chenyuan-data/SAGEN/llvm/llvm-4/clang/include/clang/StaticAnalyzer/Core/CheckerManager.h:213:11: error: cannot convert ‘{anonymous}::SAGenTestChecker*’ to ‘clang::ento::CheckerManager::CheckerRef’ {aka ‘clang::ento::CheckerBase*’} in assignment
  213 |     ref = checker;
      |           ^~~~~~~
      |           |
      |           {anonymous}::SAGenTestChecker*
/scratch/chenyuan-data/SAGEN/llvm/llvm-4/clang/lib/Analysis/plugins/SAGenTestHandling/SAGenTestChecker.cpp: At global scope:
/scratch/chenyuan-data/SAGEN/llvm/llvm-4/clang/lib/Analysis/plugins/SAGenTestHandling/SAGenTestChecker.cpp:130:6: warning: ‘void {anonymous}::SAGenTestChecker::checkPreCall(const clang::ento::CallEvent&, clang::ento::CheckerContext&) const’ defined but not used [-Wunused-function]
  130 | void SAGenTestChecker::checkPreCall(const CallEvent &Call, CheckerContext &C) const {
      |      ^~~~~~~~~~~~~~~~
/scratch/chenyuan-data/SAGEN/llvm/llvm-4/clang/lib/Analysis/plugins/SAGenTestHandling/SAGenTestChecker.cpp:105:6: warning: ‘void {anonymous}::SAGenTestChecker::checkPostCall(const clang::ento::CallEvent&, clang::ento::CheckerContext&) const’ defined but not used [-Wunused-function]
  105 | void SAGenTestChecker::checkPostCall(const CallEvent &Call, CheckerContext &C) const {
      |      ^~~~~~~~~~~~~~~~
/scratch/chenyuan-data/SAGEN/llvm/llvm-4/clang/lib/Analysis/plugins/SAGenTestHandling/SAGenTestChecker.cpp:74:6: warning: ‘void {anonymous}::SAGenTestChecker::checkPostStmt(const clang::DeclStmt*, clang::ento::CheckerContext&) const’ defined but not used [-Wunused-function]
   74 | void SAGenTestChecker::checkPostStmt(const DeclStmt *DS, CheckerContext &C) const {
      |      ^~~~~~~~~~~~~~~~
make[3]: *** [tools/clang/lib/Analysis/plugins/SAGenTestHandling/CMakeFiles/SAGenTestPlugin.dir/build.make:76: tools/clang/lib/Analysis/plugins/SAGenTestHandling/CMakeFiles/SAGenTestPlugin.dir/SAGenTestChecker.cpp.o] Error 1
make[2]: *** [CMakeFiles/Makefile2:31101: tools/clang/lib/Analysis/plugins/SAGenTestHandling/CMakeFiles/SAGenTestPlugin.dir/all] Error 2
make[1]: *** [CMakeFiles/Makefile2:31108: tools/clang/lib/Analysis/plugins/SAGenTestHandling/CMakeFiles/SAGenTestPlugin.dir/rule] Error 2
make: *** [Makefile:7495: SAGenTestPlugin] Error 2
