/scratch/chenyuan-data/SAGEN/llvm/llvm-4/clang/lib/Analysis/plugins/SAGenTestHandling/SAGenTestChecker.cpp: In static member function ‘static bool {anonymous}::SAGenTestChecker::isReleaseLikeFunction(const clang::ento::CallEvent&, clang::ento::CheckerContext&)’:
/scratch/chenyuan-data/SAGEN/llvm/llvm-4/clang/lib/Analysis/plugins/SAGenTestHandling/SAGenTestChecker.cpp:91:32: error: ‘class llvm::StringRef’ has no member named ‘contains_lower’
   91 |   bool NameLooksRelease = Text.contains_lower("free(") || Text.endswith_lower("put)") || Text.contains_lower("put(");
      |                                ^~~~~~~~~~~~~~
/scratch/chenyuan-data/SAGEN/llvm/llvm-4/clang/lib/Analysis/plugins/SAGenTestHandling/SAGenTestChecker.cpp:91:64: error: ‘class llvm::StringRef’ has no member named ‘endswith_lower’
   91 |   bool NameLooksRelease = Text.contains_lower("free(") || Text.endswith_lower("put)") || Text.contains_lower("put(");
      |                                                                ^~~~~~~~~~~~~~
/scratch/chenyuan-data/SAGEN/llvm/llvm-4/clang/lib/Analysis/plugins/SAGenTestHandling/SAGenTestChecker.cpp:91:95: error: ‘class llvm::StringRef’ has no member named ‘contains_lower’
   91 |   bool NameLooksRelease = Text.contains_lower("free(") || Text.endswith_lower("put)") || Text.contains_lower("put(");
      |                                                                                               ^~~~~~~~~~~~~~
/scratch/chenyuan-data/SAGEN/llvm/llvm-4/clang/lib/Analysis/plugins/SAGenTestHandling/SAGenTestChecker.cpp: In static member function ‘static bool {anonymous}::SAGenTestChecker::isNullSVal(clang::ento::SVal)’:
/scratch/chenyuan-data/SAGEN/llvm/llvm-4/clang/lib/Analysis/plugins/SAGenTestHandling/SAGenTestChecker.cpp:219:29: error: ‘const class llvm::APSInt’ has no member named ‘isNullValue’
  219 |       return CI->getValue().isNullValue();
      |                             ^~~~~~~~~~~
/scratch/chenyuan-data/SAGEN/llvm/llvm-4/clang/lib/Analysis/plugins/SAGenTestHandling/SAGenTestChecker.cpp: At global scope:
/scratch/chenyuan-data/SAGEN/llvm/llvm-4/clang/lib/Analysis/plugins/SAGenTestHandling/SAGenTestChecker.cpp:216:6: warning: ‘static bool {anonymous}::SAGenTestChecker::isNullSVal(clang::ento::SVal)’ defined but not used [-Wunused-function]
  216 | bool SAGenTestChecker::isNullSVal(SVal V) {
      |      ^~~~~~~~~~~~~~~~
make[3]: *** [tools/clang/lib/Analysis/plugins/SAGenTestHandling/CMakeFiles/SAGenTestPlugin.dir/build.make:76: tools/clang/lib/Analysis/plugins/SAGenTestHandling/CMakeFiles/SAGenTestPlugin.dir/SAGenTestChecker.cpp.o] Error 1
make[2]: *** [CMakeFiles/Makefile2:31101: tools/clang/lib/Analysis/plugins/SAGenTestHandling/CMakeFiles/SAGenTestPlugin.dir/all] Error 2
make[1]: *** [CMakeFiles/Makefile2:31108: tools/clang/lib/Analysis/plugins/SAGenTestHandling/CMakeFiles/SAGenTestPlugin.dir/rule] Error 2
make: *** [Makefile:7495: SAGenTestPlugin] Error 2
