/scratch/chenyuan-data/SAGEN/llvm/llvm-2/clang/lib/Analysis/plugins/SAGenTestHandling/SAGenTestChecker.cpp:52:85: error: macro "REGISTER_MAP_WITH_PROGRAMSTATE" passed 4 arguments, but takes just 3
   52 |                                std::pair<const MemRegion*, const StackFrameContext*>)
      |                                                                                     ^
In file included from /scratch/chenyuan-data/SAGEN/llvm/llvm-2/clang/include/clang/StaticAnalyzer/Core/PathSensitive/RangedConstraintManager.h:17,
                 from /scratch/chenyuan-data/SAGEN/llvm/llvm-2/clang/include/clang/StaticAnalyzer/Core/BugReporter/BugReporterVisitors.h:19,
                 from /scratch/chenyuan-data/SAGEN/llvm/llvm-2/clang/include/clang/StaticAnalyzer/Core/BugReporter/BugReporter.h:21,
                 from /scratch/chenyuan-data/SAGEN/llvm/llvm-2/clang/lib/Analysis/plugins/SAGenTestHandling/SAGenTestChecker.cpp:1:
/scratch/chenyuan-data/SAGEN/llvm/llvm-2/clang/include/clang/StaticAnalyzer/Core/PathSensitive/ProgramStateTrait.h:87: note: macro "REGISTER_MAP_WITH_PROGRAMSTATE" defined here
   87 |   #define REGISTER_MAP_WITH_PROGRAMSTATE(Name, Key, Value) \
      |
/scratch/chenyuan-data/SAGEN/llvm/llvm-2/clang/lib/Analysis/plugins/SAGenTestHandling/SAGenTestChecker.cpp:51:1: error: ‘REGISTER_MAP_WITH_PROGRAMSTATE’ does not name a type
   51 | REGISTER_MAP_WITH_PROGRAMSTATE(PendingInitMap, SymbolRef,
      | ^~~~~~~~~~~~~~~~~~~~~~~~~~~~~~
In file included from /scratch/chenyuan-data/SAGEN/llvm/llvm-2/clang/include/clang/StaticAnalyzer/Core/PathSensitive/RangedConstraintManager.h:17,
                 from /scratch/chenyuan-data/SAGEN/llvm/llvm-2/clang/include/clang/StaticAnalyzer/Core/BugReporter/BugReporterVisitors.h:19,
                 from /scratch/chenyuan-data/SAGEN/llvm/llvm-2/clang/include/clang/StaticAnalyzer/Core/BugReporter/BugReporter.h:21,
                 from /scratch/chenyuan-data/SAGEN/llvm/llvm-2/clang/lib/Analysis/plugins/SAGenTestHandling/SAGenTestChecker.cpp:1:
/scratch/chenyuan-data/SAGEN/llvm/llvm-2/clang/lib/Analysis/plugins/SAGenTestHandling/SAGenTestChecker.cpp:55:32: error: ‘OwnedReqsMap’ was not declared in this scope
   55 | REGISTER_MAP_WITH_PROGRAMSTATE(OwnedReqsMap, const MemRegion*, const StackFrameContext*)
      |                                ^~~~~~~~~~~~
/scratch/chenyuan-data/SAGEN/llvm/llvm-2/clang/include/clang/StaticAnalyzer/Core/PathSensitive/ProgramStateTrait.h:42:28: note: in definition of macro ‘REGISTER_TRAIT_WITH_PROGRAMSTATE’
   42 |   struct ProgramStateTrait<Name> : public ProgramStatePartialTrait<Name##Ty> { \
      |                            ^~~~
/scratch/chenyuan-data/SAGEN/llvm/llvm-2/clang/lib/Analysis/plugins/SAGenTestHandling/SAGenTestChecker.cpp:55:1: note: in expansion of macro ‘REGISTER_MAP_WITH_PROGRAMSTATE’
   55 | REGISTER_MAP_WITH_PROGRAMSTATE(OwnedReqsMap, const MemRegion*, const StackFrameContext*)
      | ^~~~~~~~~~~~~~~~~~~~~~~~~~~~~~
/scratch/chenyuan-data/SAGEN/llvm/llvm-2/clang/include/clang/StaticAnalyzer/Core/PathSensitive/ProgramStateTrait.h:42:32: error: template argument 1 is invalid
   42 |   struct ProgramStateTrait<Name> : public ProgramStatePartialTrait<Name##Ty> { \
      |                                ^
/scratch/chenyuan-data/SAGEN/llvm/llvm-2/clang/include/clang/StaticAnalyzer/Core/PathSensitive/ProgramStateTrait.h:88:5: note: in expansion of macro ‘REGISTER_TRAIT_WITH_PROGRAMSTATE’
   88 |     REGISTER_TRAIT_WITH_PROGRAMSTATE(Name, \
      |     ^~~~~~~~~~~~~~~~~~~~~~~~~~~~~~~~
/scratch/chenyuan-data/SAGEN/llvm/llvm-2/clang/lib/Analysis/plugins/SAGenTestHandling/SAGenTestChecker.cpp:55:1: note: in expansion of macro ‘REGISTER_MAP_WITH_PROGRAMSTATE’
   55 | REGISTER_MAP_WITH_PROGRAMSTATE(OwnedReqsMap, const MemRegion*, const StackFrameContext*)
      | ^~~~~~~~~~~~~~~~~~~~~~~~~~~~~~
/scratch/chenyuan-data/SAGEN/llvm/llvm-2/clang/lib/Analysis/plugins/SAGenTestHandling/SAGenTestChecker.cpp:55:32: error: ‘OwnedReqsMapTy’ was not declared in this scope
   55 | REGISTER_MAP_WITH_PROGRAMSTATE(OwnedReqsMap, const MemRegion*, const StackFrameContext*)
      |                                ^~~~~~~~~~~~
/scratch/chenyuan-data/SAGEN/llvm/llvm-2/clang/include/clang/StaticAnalyzer/Core/PathSensitive/ProgramStateTrait.h:42:68: note: in definition of macro ‘REGISTER_TRAIT_WITH_PROGRAMSTATE’
   42 |   struct ProgramStateTrait<Name> : public ProgramStatePartialTrait<Name##Ty> { \
      |                                                                    ^~~~
/scratch/chenyuan-data/SAGEN/llvm/llvm-2/clang/lib/Analysis/plugins/SAGenTestHandling/SAGenTestChecker.cpp:55:1: note: in expansion of macro ‘REGISTER_MAP_WITH_PROGRAMSTATE’
   55 | REGISTER_MAP_WITH_PROGRAMSTATE(OwnedReqsMap, const MemRegion*, const StackFrameContext*)
      | ^~~~~~~~~~~~~~~~~~~~~~~~~~~~~~
/scratch/chenyuan-data/SAGEN/llvm/llvm-2/clang/include/clang/StaticAnalyzer/Core/PathSensitive/ProgramStateTrait.h:42:76: error: template argument 1 is invalid
   42 |   struct ProgramStateTrait<Name> : public ProgramStatePartialTrait<Name##Ty> { \
      |                                                                            ^
/scratch/chenyuan-data/SAGEN/llvm/llvm-2/clang/include/clang/StaticAnalyzer/Core/PathSensitive/ProgramStateTrait.h:88:5: note: in expansion of macro ‘REGISTER_TRAIT_WITH_PROGRAMSTATE’
   88 |     REGISTER_TRAIT_WITH_PROGRAMSTATE(Name, \
      |     ^~~~~~~~~~~~~~~~~~~~~~~~~~~~~~~~
/scratch/chenyuan-data/SAGEN/llvm/llvm-2/clang/lib/Analysis/plugins/SAGenTestHandling/SAGenTestChecker.cpp:55:1: note: in expansion of macro ‘REGISTER_MAP_WITH_PROGRAMSTATE’
   55 | REGISTER_MAP_WITH_PROGRAMSTATE(OwnedReqsMap, const MemRegion*, const StackFrameContext*)
      | ^~~~~~~~~~~~~~~~~~~~~~~~~~~~~~
/scratch/chenyuan-data/SAGEN/llvm/llvm-2/clang/lib/Analysis/plugins/SAGenTestHandling/SAGenTestChecker.cpp: In member function ‘bool {anonymous}::SAGenTestChecker::hasOwnedInCurrentFrame(clang::ento::ProgramStateRef, const clang::StackFrameContext*) const’:
/scratch/chenyuan-data/SAGEN/llvm/llvm-2/clang/lib/Analysis/plugins/SAGenTestHandling/SAGenTestChecker.cpp:104:29: error: ‘OwnedReqsMap’ was not declared in this scope
  104 |     auto Owned = State->get<OwnedReqsMap>();
      |                             ^~~~~~~~~~~~
/scratch/chenyuan-data/SAGEN/llvm/llvm-2/clang/lib/Analysis/plugins/SAGenTestHandling/SAGenTestChecker.cpp:104:42: error: no matching function for call to ‘clang::ento::ProgramState::get<<expression error> >() const’
  104 |     auto Owned = State->get<OwnedReqsMap>();
      |                  ~~~~~~~~~~~~~~~~~~~~~~~~^~
In file included from /scratch/chenyuan-data/SAGEN/llvm/llvm-2/clang/include/clang/StaticAnalyzer/Core/PathSensitive/RangedConstraintManager.h:16,
                 from /scratch/chenyuan-data/SAGEN/llvm/llvm-2/clang/include/clang/StaticAnalyzer/Core/BugReporter/BugReporterVisitors.h:19,
                 from /scratch/chenyuan-data/SAGEN/llvm/llvm-2/clang/include/clang/StaticAnalyzer/Core/BugReporter/BugReporter.h:21,
                 from /scratch/chenyuan-data/SAGEN/llvm/llvm-2/clang/lib/Analysis/plugins/SAGenTestHandling/SAGenTestChecker.cpp:1:
/scratch/chenyuan-data/SAGEN/llvm/llvm-2/clang/include/clang/StaticAnalyzer/Core/PathSensitive/ProgramState.h:427:3: note: candidate: ‘template<class T> typename clang::ento::ProgramStateTrait<T>::data_type clang::ento::ProgramState::get() const’
  427 |   get() const {
      |   ^~~
/scratch/chenyuan-data/SAGEN/llvm/llvm-2/clang/include/clang/StaticAnalyzer/Core/PathSensitive/ProgramState.h:427:3: note:   template argument deduction/substitution failed:
/scratch/chenyuan-data/SAGEN/llvm/llvm-2/clang/lib/Analysis/plugins/SAGenTestHandling/SAGenTestChecker.cpp:104:42: error: template argument 1 is invalid
  104 |     auto Owned = State->get<OwnedReqsMap>();
      |                  ~~~~~~~~~~~~~~~~~~~~~~~~^~
In file included from /scratch/chenyuan-data/SAGEN/llvm/llvm-2/clang/include/clang/StaticAnalyzer/Core/PathSensitive/RangedConstraintManager.h:16,
                 from /scratch/chenyuan-data/SAGEN/llvm/llvm-2/clang/include/clang/StaticAnalyzer/Core/BugReporter/BugReporterVisitors.h:19,
                 from /scratch/chenyuan-data/SAGEN/llvm/llvm-2/clang/include/clang/StaticAnalyzer/Core/BugReporter/BugReporter.h:21,
                 from /scratch/chenyuan-data/SAGEN/llvm/llvm-2/clang/lib/Analysis/plugins/SAGenTestHandling/SAGenTestChecker.cpp:1:
/scratch/chenyuan-data/SAGEN/llvm/llvm-2/clang/include/clang/StaticAnalyzer/Core/PathSensitive/ProgramState.h:433:3: note: candidate: ‘template<class T> typename clang::ento::ProgramStateTrait<T>::lookup_type clang::ento::ProgramState::get(typename clang::ento::ProgramStateTrait<T>::key_type) const’
  433 |   get(typename ProgramStateTrait<T>::key_type key) const {
      |   ^~~
/scratch/chenyuan-data/SAGEN/llvm/llvm-2/clang/include/clang/StaticAnalyzer/Core/PathSensitive/ProgramState.h:433:3: note:   template argument deduction/substitution failed:
/scratch/chenyuan-data/SAGEN/llvm/llvm-2/clang/lib/Analysis/plugins/SAGenTestHandling/SAGenTestChecker.cpp:104:42: error: template argument 1 is invalid
  104 |     auto Owned = State->get<OwnedReqsMap>();
      |                  ~~~~~~~~~~~~~~~~~~~~~~~~^~
/scratch/chenyuan-data/SAGEN/llvm/llvm-2/clang/lib/Analysis/plugins/SAGenTestHandling/SAGenTestChecker.cpp: In member function ‘clang::ento::ProgramStateRef {anonymous}::SAGenTestChecker::removeOwnedOfCurrentFrame(clang::ento::ProgramStateRef, const clang::StackFrameContext*) const’:
/scratch/chenyuan-data/SAGEN/llvm/llvm-2/clang/lib/Analysis/plugins/SAGenTestHandling/SAGenTestChecker.cpp:116:29: error: ‘OwnedReqsMap’ was not declared in this scope
  116 |     auto Owned = State->get<OwnedReqsMap>();
      |                             ^~~~~~~~~~~~
/scratch/chenyuan-data/SAGEN/llvm/llvm-2/clang/lib/Analysis/plugins/SAGenTestHandling/SAGenTestChecker.cpp:116:42: error: no matching function for call to ‘clang::ento::ProgramState::get<<expression error> >() const’
  116 |     auto Owned = State->get<OwnedReqsMap>();
      |                  ~~~~~~~~~~~~~~~~~~~~~~~~^~
In file included from /scratch/chenyuan-data/SAGEN/llvm/llvm-2/clang/include/clang/StaticAnalyzer/Core/PathSensitive/RangedConstraintManager.h:16,
                 from /scratch/chenyuan-data/SAGEN/llvm/llvm-2/clang/include/clang/StaticAnalyzer/Core/BugReporter/BugReporterVisitors.h:19,
                 from /scratch/chenyuan-data/SAGEN/llvm/llvm-2/clang/include/clang/StaticAnalyzer/Core/BugReporter/BugReporter.h:21,
                 from /scratch/chenyuan-data/SAGEN/llvm/llvm-2/clang/lib/Analysis/plugins/SAGenTestHandling/SAGenTestChecker.cpp:1:
/scratch/chenyuan-data/SAGEN/llvm/llvm-2/clang/include/clang/StaticAnalyzer/Core/PathSensitive/ProgramState.h:427:3: note: candidate: ‘template<class T> typename clang::ento::ProgramStateTrait<T>::data_type clang::ento::ProgramState::get() const’
  427 |   get() const {
      |   ^~~
/scratch/chenyuan-data/SAGEN/llvm/llvm-2/clang/include/clang/StaticAnalyzer/Core/PathSensitive/ProgramState.h:427:3: note:   template argument deduction/substitution failed:
/scratch/chenyuan-data/SAGEN/llvm/llvm-2/clang/lib/Analysis/plugins/SAGenTestHandling/SAGenTestChecker.cpp:116:42: error: template argument 1 is invalid
  116 |     auto Owned = State->get<OwnedReqsMap>();
      |                  ~~~~~~~~~~~~~~~~~~~~~~~~^~
In file included from /scratch/chenyuan-data/SAGEN/llvm/llvm-2/clang/include/clang/StaticAnalyzer/Core/PathSensitive/RangedConstraintManager.h:16,
                 from /scratch/chenyuan-data/SAGEN/llvm/llvm-2/clang/include/clang/StaticAnalyzer/Core/BugReporter/BugReporterVisitors.h:19,
                 from /scratch/chenyuan-data/SAGEN/llvm/llvm-2/clang/include/clang/StaticAnalyzer/Core/BugReporter/BugReporter.h:21,
                 from /scratch/chenyuan-data/SAGEN/llvm/llvm-2/clang/lib/Analysis/plugins/SAGenTestHandling/SAGenTestChecker.cpp:1:
/scratch/chenyuan-data/SAGEN/llvm/llvm-2/clang/include/clang/StaticAnalyzer/Core/PathSensitive/ProgramState.h:433:3: note: candidate: ‘template<class T> typename clang::ento::ProgramStateTrait<T>::lookup_type clang::ento::ProgramState::get(typename clang::ento::ProgramStateTrait<T>::key_type) const’
  433 |   get(typename ProgramStateTrait<T>::key_type key) const {
      |   ^~~
/scratch/chenyuan-data/SAGEN/llvm/llvm-2/clang/include/clang/StaticAnalyzer/Core/PathSensitive/ProgramState.h:433:3: note:   template argument deduction/substitution failed:
/scratch/chenyuan-data/SAGEN/llvm/llvm-2/clang/lib/Analysis/plugins/SAGenTestHandling/SAGenTestChecker.cpp:116:42: error: template argument 1 is invalid
  116 |     auto Owned = State->get<OwnedReqsMap>();
      |                  ~~~~~~~~~~~~~~~~~~~~~~~~^~
/scratch/chenyuan-data/SAGEN/llvm/llvm-2/clang/lib/Analysis/plugins/SAGenTestHandling/SAGenTestChecker.cpp: In member function ‘void {anonymous}::SAGenTestChecker::checkPostCall(const clang::ento::CallEvent&, clang::ento::CheckerContext&) const’:
/scratch/chenyuan-data/SAGEN/llvm/llvm-2/clang/lib/Analysis/plugins/SAGenTestHandling/SAGenTestChecker.cpp:151:24: error: ‘PendingInitMap’ was not declared in this scope
  151 |     State = State->set<PendingInitMap>(RetSym, std::make_pair(ReqMR, CurSFC));
      |                        ^~~~~~~~~~~~~~
/scratch/chenyuan-data/SAGEN/llvm/llvm-2/clang/lib/Analysis/plugins/SAGenTestHandling/SAGenTestChecker.cpp:151:39: error: no matching function for call to ‘clang::ento::ProgramState::set<<expression error> >(const clang::ento::SymExpr*&, std::pair<const clang::ento::MemRegion*, const clang::StackFrameContext*>) const’
  151 |     State = State->set<PendingInitMap>(RetSym, std::make_pair(ReqMR, CurSFC));
      |             ~~~~~~~~~~~~~~~~~~~~~~~~~~^~~~~~~~~~~~~~~~~~~~~~~~~~~~~~~~~~~~~~~
In file included from /scratch/chenyuan-data/SAGEN/llvm/llvm-2/clang/include/clang/StaticAnalyzer/Core/PathSensitive/RangedConstraintManager.h:16,
                 from /scratch/chenyuan-data/SAGEN/llvm/llvm-2/clang/include/clang/StaticAnalyzer/Core/BugReporter/BugReporterVisitors.h:19,
                 from /scratch/chenyuan-data/SAGEN/llvm/llvm-2/clang/include/clang/StaticAnalyzer/Core/BugReporter/BugReporter.h:21,
                 from /scratch/chenyuan-data/SAGEN/llvm/llvm-2/clang/lib/Analysis/plugins/SAGenTestHandling/SAGenTestChecker.cpp:1:
/scratch/chenyuan-data/SAGEN/llvm/llvm-2/clang/include/clang/StaticAnalyzer/Core/PathSensitive/ProgramState.h:454:3: note: candidate: ‘template<class T> clang::ento::ProgramStateRef clang::ento::ProgramState::set(typename clang::ento::ProgramStateTrait<T>::data_type) const’
  454 |   set(typename ProgramStateTrait<T>::data_type D) const;
      |   ^~~
/scratch/chenyuan-data/SAGEN/llvm/llvm-2/clang/include/clang/StaticAnalyzer/Core/PathSensitive/ProgramState.h:454:3: note:   template argument deduction/substitution failed:
/scratch/chenyuan-data/SAGEN/llvm/llvm-2/clang/lib/Analysis/plugins/SAGenTestHandling/SAGenTestChecker.cpp:151:39: error: template argument 1 is invalid
  151 |     State = State->set<PendingInitMap>(RetSym, std::make_pair(ReqMR, CurSFC));
      |             ~~~~~~~~~~~~~~~~~~~~~~~~~~^~~~~~~~~~~~~~~~~~~~~~~~~~~~~~~~~~~~~~~
In file included from /scratch/chenyuan-data/SAGEN/llvm/llvm-2/clang/include/clang/StaticAnalyzer/Core/PathSensitive/RangedConstraintManager.h:16,
                 from /scratch/chenyuan-data/SAGEN/llvm/llvm-2/clang/include/clang/StaticAnalyzer/Core/BugReporter/BugReporterVisitors.h:19,
                 from /scratch/chenyuan-data/SAGEN/llvm/llvm-2/clang/include/clang/StaticAnalyzer/Core/BugReporter/BugReporter.h:21,
                 from /scratch/chenyuan-data/SAGEN/llvm/llvm-2/clang/lib/Analysis/plugins/SAGenTestHandling/SAGenTestChecker.cpp:1:
/scratch/chenyuan-data/SAGEN/llvm/llvm-2/clang/include/clang/StaticAnalyzer/Core/PathSensitive/ProgramState.h:458:3: note: candidate: ‘template<class T> clang::ento::ProgramStateRef clang::ento::ProgramState::set(typename clang::ento::ProgramStateTrait<T>::key_type, typename clang::ento::ProgramStateTrait<T>::value_type) const’
  458 |   set(typename ProgramStateTrait<T>::key_type K,
      |   ^~~
/scratch/chenyuan-data/SAGEN/llvm/llvm-2/clang/include/clang/StaticAnalyzer/Core/PathSensitive/ProgramState.h:458:3: note:   template argument deduction/substitution failed:
/scratch/chenyuan-data/SAGEN/llvm/llvm-2/clang/lib/Analysis/plugins/SAGenTestHandling/SAGenTestChecker.cpp:151:39: error: template argument 1 is invalid
  151 |     State = State->set<PendingInitMap>(RetSym, std::make_pair(ReqMR, CurSFC));
      |             ~~~~~~~~~~~~~~~~~~~~~~~~~~^~~~~~~~~~~~~~~~~~~~~~~~~~~~~~~~~~~~~~~
In file included from /scratch/chenyuan-data/SAGEN/llvm/llvm-2/clang/include/clang/StaticAnalyzer/Core/PathSensitive/RangedConstraintManager.h:16,
                 from /scratch/chenyuan-data/SAGEN/llvm/llvm-2/clang/include/clang/StaticAnalyzer/Core/BugReporter/BugReporterVisitors.h:19,
                 from /scratch/chenyuan-data/SAGEN/llvm/llvm-2/clang/include/clang/StaticAnalyzer/Core/BugReporter/BugReporter.h:21,
                 from /scratch/chenyuan-data/SAGEN/llvm/llvm-2/clang/lib/Analysis/plugins/SAGenTestHandling/SAGenTestChecker.cpp:1:
/scratch/chenyuan-data/SAGEN/llvm/llvm-2/clang/include/clang/StaticAnalyzer/Core/PathSensitive/ProgramState.h:463:3: note: candidate: ‘template<class T> clang::ento::ProgramStateRef clang::ento::ProgramState::set(typename clang::ento::ProgramStateTrait<T>::key_type, typename clang::ento::ProgramStateTrait<T>::value_type, typename clang::ento::ProgramStateTrait<T>::context_type) const’
  463 |   set(typename ProgramStateTrait<T>::key_type K,
      |   ^~~
/scratch/chenyuan-data/SAGEN/llvm/llvm-2/clang/include/clang/StaticAnalyzer/Core/PathSensitive/ProgramState.h:463:3: note:   template argument deduction/substitution failed:
/scratch/chenyuan-data/SAGEN/llvm/llvm-2/clang/lib/Analysis/plugins/SAGenTestHandling/SAGenTestChecker.cpp:151:39: error: template argument 1 is invalid
  151 |     State = State->set<PendingInitMap>(RetSym, std::make_pair(ReqMR, CurSFC));
      |             ~~~~~~~~~~~~~~~~~~~~~~~~~~^~~~~~~~~~~~~~~~~~~~~~~~~~~~~~~~~~~~~~~
/scratch/chenyuan-data/SAGEN/llvm/llvm-2/clang/lib/Analysis/plugins/SAGenTestHandling/SAGenTestChecker.cpp:173:25: error: ‘OwnedReqsMap’ was not declared in this scope
  173 |     if (State->contains<OwnedReqsMap>(ReqMR)) {
      |                         ^~~~~~~~~~~~
/scratch/chenyuan-data/SAGEN/llvm/llvm-2/clang/lib/Analysis/plugins/SAGenTestHandling/SAGenTestChecker.cpp:173:38: error: no matching function for call to ‘clang::ento::ProgramState::contains<<expression error> >(const clang::ento::MemRegion*&) const’
  173 |     if (State->contains<OwnedReqsMap>(ReqMR)) {
      |         ~~~~~~~~~~~~~~~~~~~~~~~~~~~~~^~~~~~~
In file included from /scratch/chenyuan-data/SAGEN/llvm/llvm-2/clang/include/clang/StaticAnalyzer/Core/PathSensitive/RangedConstraintManager.h:16,
                 from /scratch/chenyuan-data/SAGEN/llvm/llvm-2/clang/include/clang/StaticAnalyzer/Core/BugReporter/BugReporterVisitors.h:19,
                 from /scratch/chenyuan-data/SAGEN/llvm/llvm-2/clang/include/clang/StaticAnalyzer/Core/BugReporter/BugReporter.h:21,
                 from /scratch/chenyuan-data/SAGEN/llvm/llvm-2/clang/lib/Analysis/plugins/SAGenTestHandling/SAGenTestChecker.cpp:1:
/scratch/chenyuan-data/SAGEN/llvm/llvm-2/clang/include/clang/StaticAnalyzer/Core/PathSensitive/ProgramState.h:468:8: note: candidate: ‘template<class T> bool clang::ento::ProgramState::contains(typename clang::ento::ProgramStateTrait<T>::key_type) const’
  468 |   bool contains(typename ProgramStateTrait<T>::key_type key) const {
      |        ^~~~~~~~
/scratch/chenyuan-data/SAGEN/llvm/llvm-2/clang/include/clang/StaticAnalyzer/Core/PathSensitive/ProgramState.h:468:8: note:   template argument deduction/substitution failed:
/scratch/chenyuan-data/SAGEN/llvm/llvm-2/clang/lib/Analysis/plugins/SAGenTestHandling/SAGenTestChecker.cpp:173:38: error: template argument 1 is invalid
  173 |     if (State->contains<OwnedReqsMap>(ReqMR)) {
      |         ~~~~~~~~~~~~~~~~~~~~~~~~~~~~~^~~~~~~
/scratch/chenyuan-data/SAGEN/llvm/llvm-2/clang/lib/Analysis/plugins/SAGenTestHandling/SAGenTestChecker.cpp:174:42: error: no matching function for call to ‘clang::ento::ProgramState::remove<OwnedReqsMap>(const clang::ento::MemRegion*&) const’
  174 |       State = State->remove<OwnedReqsMap>(ReqMR);
      |               ~~~~~~~~~~~~~~~~~~~~~~~~~~~^~~~~~~
In file included from /scratch/chenyuan-data/SAGEN/llvm/llvm-2/clang/include/clang/StaticAnalyzer/Core/PathSensitive/RangedConstraintManager.h:16,
                 from /scratch/chenyuan-data/SAGEN/llvm/llvm-2/clang/include/clang/StaticAnalyzer/Core/BugReporter/BugReporterVisitors.h:19,
                 from /scratch/chenyuan-data/SAGEN/llvm/llvm-2/clang/include/clang/StaticAnalyzer/Core/BugReporter/BugReporter.h:21,
                 from /scratch/chenyuan-data/SAGEN/llvm/llvm-2/clang/lib/Analysis/plugins/SAGenTestHandling/SAGenTestChecker.cpp:1:
/scratch/chenyuan-data/SAGEN/llvm/llvm-2/clang/include/clang/StaticAnalyzer/Core/PathSensitive/ProgramState.h:443:3: note: candidate: ‘template<class T> clang::ento::ProgramStateRef clang::ento::ProgramState::remove(typename clang::ento::ProgramStateTrait<T>::key_type) const’
  443 |   remove(typename ProgramStateTrait<T>::key_type K) const;
      |   ^~~~~~
/scratch/chenyuan-data/SAGEN/llvm/llvm-2/clang/include/clang/StaticAnalyzer/Core/PathSensitive/ProgramState.h:443:3: note:   template argument deduction/substitution failed:
/scratch/chenyuan-data/SAGEN/llvm/llvm-2/clang/include/clang/StaticAnalyzer/Core/PathSensitive/ProgramState.h:447:3: note: candidate: ‘template<class T> clang::ento::ProgramStateRef clang::ento::ProgramState::remove(typename clang::ento::ProgramStateTrait<T>::key_type, typename clang::ento::ProgramStateTrait<T>::context_type) const’
  447 |   remove(typename ProgramStateTrait<T>::key_type K,
      |   ^~~~~~
/scratch/chenyuan-data/SAGEN/llvm/llvm-2/clang/include/clang/StaticAnalyzer/Core/PathSensitive/ProgramState.h:447:3: note:   template argument deduction/substitution failed:
/scratch/chenyuan-data/SAGEN/llvm/llvm-2/clang/include/clang/StaticAnalyzer/Core/PathSensitive/ProgramState.h:450:55: note: candidate: ‘template<class T> clang::ento::ProgramStateRef clang::ento::ProgramState::remove() const’
  450 |   template <typename T> [[nodiscard]] ProgramStateRef remove() const;
      |                                                       ^~~~~~
/scratch/chenyuan-data/SAGEN/llvm/llvm-2/clang/include/clang/StaticAnalyzer/Core/PathSensitive/ProgramState.h:450:55: note:   template argument deduction/substitution failed:
/scratch/chenyuan-data/SAGEN/llvm/llvm-2/clang/lib/Analysis/plugins/SAGenTestHandling/SAGenTestChecker.cpp: In lambda function:
/scratch/chenyuan-data/SAGEN/llvm/llvm-2/clang/lib/Analysis/plugins/SAGenTestHandling/SAGenTestChecker.cpp:193:37: error: ‘PendingInitMap’ was not declared in this scope
  193 |     if (const auto *PI = State->get<PendingInitMap>(Sym)) {
      |                                     ^~~~~~~~~~~~~~
/scratch/chenyuan-data/SAGEN/llvm/llvm-2/clang/lib/Analysis/plugins/SAGenTestHandling/SAGenTestChecker.cpp:193:52: error: no matching function for call to ‘clang::ento::ProgramState::get<<expression error> >(const clang::ento::SymExpr*&) const’
  193 |     if (const auto *PI = State->get<PendingInitMap>(Sym)) {
      |                          ~~~~~~~~~~~~~~~~~~~~~~~~~~^~~~~
In file included from /scratch/chenyuan-data/SAGEN/llvm/llvm-2/clang/include/clang/StaticAnalyzer/Core/PathSensitive/RangedConstraintManager.h:16,
                 from /scratch/chenyuan-data/SAGEN/llvm/llvm-2/clang/include/clang/StaticAnalyzer/Core/BugReporter/BugReporterVisitors.h:19,
                 from /scratch/chenyuan-data/SAGEN/llvm/llvm-2/clang/include/clang/StaticAnalyzer/Core/BugReporter/BugReporter.h:21,
                 from /scratch/chenyuan-data/SAGEN/llvm/llvm-2/clang/lib/Analysis/plugins/SAGenTestHandling/SAGenTestChecker.cpp:1:
/scratch/chenyuan-data/SAGEN/llvm/llvm-2/clang/include/clang/StaticAnalyzer/Core/PathSensitive/ProgramState.h:427:3: note: candidate: ‘template<class T> typename clang::ento::ProgramStateTrait<T>::data_type clang::ento::ProgramState::get() const’
  427 |   get() const {
      |   ^~~
/scratch/chenyuan-data/SAGEN/llvm/llvm-2/clang/include/clang/StaticAnalyzer/Core/PathSensitive/ProgramState.h:427:3: note:   template argument deduction/substitution failed:
/scratch/chenyuan-data/SAGEN/llvm/llvm-2/clang/lib/Analysis/plugins/SAGenTestHandling/SAGenTestChecker.cpp:193:52: error: template argument 1 is invalid
  193 |     if (const auto *PI = State->get<PendingInitMap>(Sym)) {
      |                          ~~~~~~~~~~~~~~~~~~~~~~~~~~^~~~~
In file included from /scratch/chenyuan-data/SAGEN/llvm/llvm-2/clang/include/clang/StaticAnalyzer/Core/PathSensitive/RangedConstraintManager.h:16,
                 from /scratch/chenyuan-data/SAGEN/llvm/llvm-2/clang/include/clang/StaticAnalyzer/Core/BugReporter/BugReporterVisitors.h:19,
                 from /scratch/chenyuan-data/SAGEN/llvm/llvm-2/clang/include/clang/StaticAnalyzer/Core/BugReporter/BugReporter.h:21,
                 from /scratch/chenyuan-data/SAGEN/llvm/llvm-2/clang/lib/Analysis/plugins/SAGenTestHandling/SAGenTestChecker.cpp:1:
/scratch/chenyuan-data/SAGEN/llvm/llvm-2/clang/include/clang/StaticAnalyzer/Core/PathSensitive/ProgramState.h:433:3: note: candidate: ‘template<class T> typename clang::ento::ProgramStateTrait<T>::lookup_type clang::ento::ProgramState::get(typename clang::ento::ProgramStateTrait<T>::key_type) const’
  433 |   get(typename ProgramStateTrait<T>::key_type key) const {
      |   ^~~
/scratch/chenyuan-data/SAGEN/llvm/llvm-2/clang/include/clang/StaticAnalyzer/Core/PathSensitive/ProgramState.h:433:3: note:   template argument deduction/substitution failed:
/scratch/chenyuan-data/SAGEN/llvm/llvm-2/clang/lib/Analysis/plugins/SAGenTestHandling/SAGenTestChecker.cpp:193:52: error: template argument 1 is invalid
  193 |     if (const auto *PI = State->get<PendingInitMap>(Sym)) {
      |                          ~~~~~~~~~~~~~~~~~~~~~~~~~~^~~~~
/scratch/chenyuan-data/SAGEN/llvm/llvm-2/clang/lib/Analysis/plugins/SAGenTestHandling/SAGenTestChecker.cpp:197:26: error: ‘OwnedReqsMap’ was not declared in this scope
  197 |       State = State->set<OwnedReqsMap>(ReqMR, InitSFC);
      |                          ^~~~~~~~~~~~
/scratch/chenyuan-data/SAGEN/llvm/llvm-2/clang/lib/Analysis/plugins/SAGenTestHandling/SAGenTestChecker.cpp:197:39: error: no matching function for call to ‘clang::ento::ProgramState::set<<expression error> >(const clang::ento::MemRegion*&, const clang::StackFrameContext*&) const’
  197 |       State = State->set<OwnedReqsMap>(ReqMR, InitSFC);
      |               ~~~~~~~~~~~~~~~~~~~~~~~~^~~~~~~~~~~~~~~~
In file included from /scratch/chenyuan-data/SAGEN/llvm/llvm-2/clang/include/clang/StaticAnalyzer/Core/PathSensitive/RangedConstraintManager.h:16,
                 from /scratch/chenyuan-data/SAGEN/llvm/llvm-2/clang/include/clang/StaticAnalyzer/Core/BugReporter/BugReporterVisitors.h:19,
                 from /scratch/chenyuan-data/SAGEN/llvm/llvm-2/clang/include/clang/StaticAnalyzer/Core/BugReporter/BugReporter.h:21,
                 from /scratch/chenyuan-data/SAGEN/llvm/llvm-2/clang/lib/Analysis/plugins/SAGenTestHandling/SAGenTestChecker.cpp:1:
/scratch/chenyuan-data/SAGEN/llvm/llvm-2/clang/include/clang/StaticAnalyzer/Core/PathSensitive/ProgramState.h:454:3: note: candidate: ‘template<class T> clang::ento::ProgramStateRef clang::ento::ProgramState::set(typename clang::ento::ProgramStateTrait<T>::data_type) const’
  454 |   set(typename ProgramStateTrait<T>::data_type D) const;
      |   ^~~
/scratch/chenyuan-data/SAGEN/llvm/llvm-2/clang/include/clang/StaticAnalyzer/Core/PathSensitive/ProgramState.h:454:3: note:   template argument deduction/substitution failed:
/scratch/chenyuan-data/SAGEN/llvm/llvm-2/clang/lib/Analysis/plugins/SAGenTestHandling/SAGenTestChecker.cpp:197:39: error: template argument 1 is invalid
  197 |       State = State->set<OwnedReqsMap>(ReqMR, InitSFC);
      |               ~~~~~~~~~~~~~~~~~~~~~~~~^~~~~~~~~~~~~~~~
In file included from /scratch/chenyuan-data/SAGEN/llvm/llvm-2/clang/include/clang/StaticAnalyzer/Core/PathSensitive/RangedConstraintManager.h:16,
                 from /scratch/chenyuan-data/SAGEN/llvm/llvm-2/clang/include/clang/StaticAnalyzer/Core/BugReporter/BugReporterVisitors.h:19,
                 from /scratch/chenyuan-data/SAGEN/llvm/llvm-2/clang/include/clang/StaticAnalyzer/Core/BugReporter/BugReporter.h:21,
                 from /scratch/chenyuan-data/SAGEN/llvm/llvm-2/clang/lib/Analysis/plugins/SAGenTestHandling/SAGenTestChecker.cpp:1:
/scratch/chenyuan-data/SAGEN/llvm/llvm-2/clang/include/clang/StaticAnalyzer/Core/PathSensitive/ProgramState.h:458:3: note: candidate: ‘template<class T> clang::ento::ProgramStateRef clang::ento::ProgramState::set(typename clang::ento::ProgramStateTrait<T>::key_type, typename clang::ento::ProgramStateTrait<T>::value_type) const’
  458 |   set(typename ProgramStateTrait<T>::key_type K,
      |   ^~~
/scratch/chenyuan-data/SAGEN/llvm/llvm-2/clang/include/clang/StaticAnalyzer/Core/PathSensitive/ProgramState.h:458:3: note:   template argument deduction/substitution failed:
/scratch/chenyuan-data/SAGEN/llvm/llvm-2/clang/lib/Analysis/plugins/SAGenTestHandling/SAGenTestChecker.cpp:197:39: error: template argument 1 is invalid
  197 |       State = State->set<OwnedReqsMap>(ReqMR, InitSFC);
      |               ~~~~~~~~~~~~~~~~~~~~~~~~^~~~~~~~~~~~~~~~
In file included from /scratch/chenyuan-data/SAGEN/llvm/llvm-2/clang/include/clang/StaticAnalyzer/Core/PathSensitive/RangedConstraintManager.h:16,
                 from /scratch/chenyuan-data/SAGEN/llvm/llvm-2/clang/include/clang/StaticAnalyzer/Core/BugReporter/BugReporterVisitors.h:19,
                 from /scratch/chenyuan-data/SAGEN/llvm/llvm-2/clang/include/clang/StaticAnalyzer/Core/BugReporter/BugReporter.h:21,
                 from /scratch/chenyuan-data/SAGEN/llvm/llvm-2/clang/lib/Analysis/plugins/SAGenTestHandling/SAGenTestChecker.cpp:1:
/scratch/chenyuan-data/SAGEN/llvm/llvm-2/clang/include/clang/StaticAnalyzer/Core/PathSensitive/ProgramState.h:463:3: note: candidate: ‘template<class T> clang::ento::ProgramStateRef clang::ento::ProgramState::set(typename clang::ento::ProgramStateTrait<T>::key_type, typename clang::ento::ProgramStateTrait<T>::value_type, typename clang::ento::ProgramStateTrait<T>::context_type) const’
  463 |   set(typename ProgramStateTrait<T>::key_type K,
      |   ^~~
/scratch/chenyuan-data/SAGEN/llvm/llvm-2/clang/include/clang/StaticAnalyzer/Core/PathSensitive/ProgramState.h:463:3: note:   template argument deduction/substitution failed:
/scratch/chenyuan-data/SAGEN/llvm/llvm-2/clang/lib/Analysis/plugins/SAGenTestHandling/SAGenTestChecker.cpp:197:39: error: template argument 1 is invalid
  197 |       State = State->set<OwnedReqsMap>(ReqMR, InitSFC);
      |               ~~~~~~~~~~~~~~~~~~~~~~~~^~~~~~~~~~~~~~~~
/scratch/chenyuan-data/SAGEN/llvm/llvm-2/clang/lib/Analysis/plugins/SAGenTestHandling/SAGenTestChecker.cpp:198:44: error: no matching function for call to ‘clang::ento::ProgramState::remove<PendingInitMap>(const clang::ento::SymExpr*&) const’
  198 |       State = State->remove<PendingInitMap>(Sym);
      |               ~~~~~~~~~~~~~~~~~~~~~~~~~~~~~^~~~~
In file included from /scratch/chenyuan-data/SAGEN/llvm/llvm-2/clang/include/clang/StaticAnalyzer/Core/PathSensitive/RangedConstraintManager.h:16,
                 from /scratch/chenyuan-data/SAGEN/llvm/llvm-2/clang/include/clang/StaticAnalyzer/Core/BugReporter/BugReporterVisitors.h:19,
                 from /scratch/chenyuan-data/SAGEN/llvm/llvm-2/clang/include/clang/StaticAnalyzer/Core/BugReporter/BugReporter.h:21,
                 from /scratch/chenyuan-data/SAGEN/llvm/llvm-2/clang/lib/Analysis/plugins/SAGenTestHandling/SAGenTestChecker.cpp:1:
/scratch/chenyuan-data/SAGEN/llvm/llvm-2/clang/include/clang/StaticAnalyzer/Core/PathSensitive/ProgramState.h:443:3: note: candidate: ‘template<class T> clang::ento::ProgramStateRef clang::ento::ProgramState::remove(typename clang::ento::ProgramStateTrait<T>::key_type) const’
  443 |   remove(typename ProgramStateTrait<T>::key_type K) const;
      |   ^~~~~~
/scratch/chenyuan-data/SAGEN/llvm/llvm-2/clang/include/clang/StaticAnalyzer/Core/PathSensitive/ProgramState.h:443:3: note:   template argument deduction/substitution failed:
/scratch/chenyuan-data/SAGEN/llvm/llvm-2/clang/include/clang/StaticAnalyzer/Core/PathSensitive/ProgramState.h:447:3: note: candidate: ‘template<class T> clang::ento::ProgramStateRef clang::ento::ProgramState::remove(typename clang::ento::ProgramStateTrait<T>::key_type, typename clang::ento::ProgramStateTrait<T>::context_type) const’
  447 |   remove(typename ProgramStateTrait<T>::key_type K,
      |   ^~~~~~
/scratch/chenyuan-data/SAGEN/llvm/llvm-2/clang/include/clang/StaticAnalyzer/Core/PathSensitive/ProgramState.h:447:3: note:   template argument deduction/substitution failed:
/scratch/chenyuan-data/SAGEN/llvm/llvm-2/clang/include/clang/StaticAnalyzer/Core/PathSensitive/ProgramState.h:450:55: note: candidate: ‘template<class T> clang::ento::ProgramStateRef clang::ento::ProgramState::remove() const’
  450 |   template <typename T> [[nodiscard]] ProgramStateRef remove() const;
      |                                                       ^~~~~~
/scratch/chenyuan-data/SAGEN/llvm/llvm-2/clang/include/clang/StaticAnalyzer/Core/PathSensitive/ProgramState.h:450:55: note:   template argument deduction/substitution failed:
/scratch/chenyuan-data/SAGEN/llvm/llvm-2/clang/lib/Analysis/plugins/SAGenTestHandling/SAGenTestChecker.cpp: In lambda function:
/scratch/chenyuan-data/SAGEN/llvm/llvm-2/clang/lib/Analysis/plugins/SAGenTestHandling/SAGenTestChecker.cpp:206:20: error: ‘PendingInitMap’ was not declared in this scope
  206 |     if (State->get<PendingInitMap>(Sym)) {
      |                    ^~~~~~~~~~~~~~
/scratch/chenyuan-data/SAGEN/llvm/llvm-2/clang/lib/Analysis/plugins/SAGenTestHandling/SAGenTestChecker.cpp:206:35: error: no matching function for call to ‘clang::ento::ProgramState::get<<expression error> >(const clang::ento::SymExpr*&) const’
  206 |     if (State->get<PendingInitMap>(Sym)) {
      |         ~~~~~~~~~~~~~~~~~~~~~~~~~~^~~~~
In file included from /scratch/chenyuan-data/SAGEN/llvm/llvm-2/clang/include/clang/StaticAnalyzer/Core/PathSensitive/RangedConstraintManager.h:16,
                 from /scratch/chenyuan-data/SAGEN/llvm/llvm-2/clang/include/clang/StaticAnalyzer/Core/BugReporter/BugReporterVisitors.h:19,
                 from /scratch/chenyuan-data/SAGEN/llvm/llvm-2/clang/include/clang/StaticAnalyzer/Core/BugReporter/BugReporter.h:21,
                 from /scratch/chenyuan-data/SAGEN/llvm/llvm-2/clang/lib/Analysis/plugins/SAGenTestHandling/SAGenTestChecker.cpp:1:
/scratch/chenyuan-data/SAGEN/llvm/llvm-2/clang/include/clang/StaticAnalyzer/Core/PathSensitive/ProgramState.h:427:3: note: candidate: ‘template<class T> typename clang::ento::ProgramStateTrait<T>::data_type clang::ento::ProgramState::get() const’
  427 |   get() const {
      |   ^~~
/scratch/chenyuan-data/SAGEN/llvm/llvm-2/clang/include/clang/StaticAnalyzer/Core/PathSensitive/ProgramState.h:427:3: note:   template argument deduction/substitution failed:
/scratch/chenyuan-data/SAGEN/llvm/llvm-2/clang/lib/Analysis/plugins/SAGenTestHandling/SAGenTestChecker.cpp:206:35: error: template argument 1 is invalid
  206 |     if (State->get<PendingInitMap>(Sym)) {
      |         ~~~~~~~~~~~~~~~~~~~~~~~~~~^~~~~
In file included from /scratch/chenyuan-data/SAGEN/llvm/llvm-2/clang/include/clang/StaticAnalyzer/Core/PathSensitive/RangedConstraintManager.h:16,
                 from /scratch/chenyuan-data/SAGEN/llvm/llvm-2/clang/include/clang/StaticAnalyzer/Core/BugReporter/BugReporterVisitors.h:19,
                 from /scratch/chenyuan-data/SAGEN/llvm/llvm-2/clang/include/clang/StaticAnalyzer/Core/BugReporter/BugReporter.h:21,
                 from /scratch/chenyuan-data/SAGEN/llvm/llvm-2/clang/lib/Analysis/plugins/SAGenTestHandling/SAGenTestChecker.cpp:1:
/scratch/chenyuan-data/SAGEN/llvm/llvm-2/clang/include/clang/StaticAnalyzer/Core/PathSensitive/ProgramState.h:433:3: note: candidate: ‘template<class T> typename clang::ento::ProgramStateTrait<T>::lookup_type clang::ento::ProgramState::get(typename clang::ento::ProgramStateTrait<T>::key_type) const’
  433 |   get(typename ProgramStateTrait<T>::key_type key) const {
      |   ^~~
/scratch/chenyuan-data/SAGEN/llvm/llvm-2/clang/include/clang/StaticAnalyzer/Core/PathSensitive/ProgramState.h:433:3: note:   template argument deduction/substitution failed:
/scratch/chenyuan-data/SAGEN/llvm/llvm-2/clang/lib/Analysis/plugins/SAGenTestHandling/SAGenTestChecker.cpp:206:35: error: template argument 1 is invalid
  206 |     if (State->get<PendingInitMap>(Sym)) {
      |         ~~~~~~~~~~~~~~~~~~~~~~~~~~^~~~~
/scratch/chenyuan-data/SAGEN/llvm/llvm-2/clang/lib/Analysis/plugins/SAGenTestHandling/SAGenTestChecker.cpp:208:44: error: no matching function for call to ‘clang::ento::ProgramState::remove<PendingInitMap>(const clang::ento::SymExpr*&) const’
  208 |       State = State->remove<PendingInitMap>(Sym);
      |               ~~~~~~~~~~~~~~~~~~~~~~~~~~~~~^~~~~
In file included from /scratch/chenyuan-data/SAGEN/llvm/llvm-2/clang/include/clang/StaticAnalyzer/Core/PathSensitive/RangedConstraintManager.h:16,
                 from /scratch/chenyuan-data/SAGEN/llvm/llvm-2/clang/include/clang/StaticAnalyzer/Core/BugReporter/BugReporterVisitors.h:19,
                 from /scratch/chenyuan-data/SAGEN/llvm/llvm-2/clang/include/clang/StaticAnalyzer/Core/BugReporter/BugReporter.h:21,
                 from /scratch/chenyuan-data/SAGEN/llvm/llvm-2/clang/lib/Analysis/plugins/SAGenTestHandling/SAGenTestChecker.cpp:1:
/scratch/chenyuan-data/SAGEN/llvm/llvm-2/clang/include/clang/StaticAnalyzer/Core/PathSensitive/ProgramState.h:443:3: note: candidate: ‘template<class T> clang::ento::ProgramStateRef clang::ento::ProgramState::remove(typename clang::ento::ProgramStateTrait<T>::key_type) const’
  443 |   remove(typename ProgramStateTrait<T>::key_type K) const;
      |   ^~~~~~
/scratch/chenyuan-data/SAGEN/llvm/llvm-2/clang/include/clang/StaticAnalyzer/Core/PathSensitive/ProgramState.h:443:3: note:   template argument deduction/substitution failed:
/scratch/chenyuan-data/SAGEN/llvm/llvm-2/clang/include/clang/StaticAnalyzer/Core/PathSensitive/ProgramState.h:447:3: note: candidate: ‘template<class T> clang::ento::ProgramStateRef clang::ento::ProgramState::remove(typename clang::ento::ProgramStateTrait<T>::key_type, typename clang::ento::ProgramStateTrait<T>::context_type) const’
  447 |   remove(typename ProgramStateTrait<T>::key_type K,
      |   ^~~~~~
/scratch/chenyuan-data/SAGEN/llvm/llvm-2/clang/include/clang/StaticAnalyzer/Core/PathSensitive/ProgramState.h:447:3: note:   template argument deduction/substitution failed:
/scratch/chenyuan-data/SAGEN/llvm/llvm-2/clang/include/clang/StaticAnalyzer/Core/PathSensitive/ProgramState.h:450:55: note: candidate: ‘template<class T> clang::ento::ProgramStateRef clang::ento::ProgramState::remove() const’
  450 |   template <typename T> [[nodiscard]] ProgramStateRef remove() const;
      |                                                       ^~~~~~
/scratch/chenyuan-data/SAGEN/llvm/llvm-2/clang/include/clang/StaticAnalyzer/Core/PathSensitive/ProgramState.h:450:55: note:   template argument deduction/substitution failed:
make[3]: *** [tools/clang/lib/Analysis/plugins/SAGenTestHandling/CMakeFiles/SAGenTestPlugin.dir/build.make:76: tools/clang/lib/Analysis/plugins/SAGenTestHandling/CMakeFiles/SAGenTestPlugin.dir/SAGenTestChecker.cpp.o] Error 1
make[2]: *** [CMakeFiles/Makefile2:29772: tools/clang/lib/Analysis/plugins/SAGenTestHandling/CMakeFiles/SAGenTestPlugin.dir/all] Error 2
make[1]: *** [CMakeFiles/Makefile2:29779: tools/clang/lib/Analysis/plugins/SAGenTestHandling/CMakeFiles/SAGenTestPlugin.dir/rule] Error 2
make: *** [Makefile:7495: SAGenTestPlugin] Error 2
