In file included from /scratch/chenyuan-data/SAGEN/llvm/llvm-4/clang/include/clang/StaticAnalyzer/Core/PathSensitive/RangedConstraintManager.h:16,
                 from /scratch/chenyuan-data/SAGEN/llvm/llvm-4/clang/include/clang/StaticAnalyzer/Core/BugReporter/BugReporterVisitors.h:19,
                 from /scratch/chenyuan-data/SAGEN/llvm/llvm-4/clang/include/clang/StaticAnalyzer/Core/BugReporter/BugReporter.h:21,
                 from /scratch/chenyuan-data/SAGEN/llvm/llvm-4/clang/lib/Analysis/plugins/SAGenTestHandling/SAGenTestChecker.cpp:1:
/scratch/chenyuan-data/SAGEN/llvm/llvm-4/clang/include/clang/StaticAnalyzer/Core/PathSensitive/ProgramState.h: In instantiation of ‘struct clang::ento::ProgramStateTrait<llvm::ImmutableSet<const clang::FieldDecl*> >’:
/scratch/chenyuan-data/SAGEN/llvm/llvm-4/clang/include/clang/StaticAnalyzer/Core/PathSensitive/ProgramState.h:848:45:   required by substitution of ‘template<class T> typename clang::ento::ProgramStateTrait<T>::context_type clang::ento::ProgramState::get_context() const [with T = llvm::ImmutableSet<const clang::FieldDecl*>]’
/scratch/chenyuan-data/SAGEN/llvm/llvm-4/clang/lib/Analysis/plugins/SAGenTestHandling/SAGenTestChecker.cpp:70:51:   required from here
/scratch/chenyuan-data/SAGEN/llvm/llvm-4/clang/include/clang/StaticAnalyzer/Core/PathSensitive/ProgramState.h:52:33: error: no type named ‘data_type’ in ‘class llvm::ImmutableSet<const clang::FieldDecl*>’
   52 |   typedef typename T::data_type data_type;
      |                                 ^~~~~~~~~
/scratch/chenyuan-data/SAGEN/llvm/llvm-4/clang/lib/Analysis/plugins/SAGenTestHandling/SAGenTestChecker.cpp: In member function ‘clang::ento::ProgramStateRef {anonymous}::SAGenTestChecker::addFieldToMap(clang::ento::ProgramStateRef, const clang::ento::MemRegion*, const clang::FieldDecl*) const’:
/scratch/chenyuan-data/SAGEN/llvm/llvm-4/clang/lib/Analysis/plugins/SAGenTestHandling/SAGenTestChecker.cpp:70:51: error: no matching function for call to ‘clang::ento::ProgramState::get_context<FieldSetTy>() const’
   70 |           auto &F = State->get_context<FieldSetTy>();
      |                     ~~~~~~~~~~~~~~~~~~~~~~~~~~~~~~^~
In file included from /scratch/chenyuan-data/SAGEN/llvm/llvm-4/clang/include/clang/StaticAnalyzer/Core/PathSensitive/RangedConstraintManager.h:16,
                 from /scratch/chenyuan-data/SAGEN/llvm/llvm-4/clang/include/clang/StaticAnalyzer/Core/BugReporter/BugReporterVisitors.h:19,
                 from /scratch/chenyuan-data/SAGEN/llvm/llvm-4/clang/include/clang/StaticAnalyzer/Core/BugReporter/BugReporter.h:21,
                 from /scratch/chenyuan-data/SAGEN/llvm/llvm-4/clang/lib/Analysis/plugins/SAGenTestHandling/SAGenTestChecker.cpp:1:
/scratch/chenyuan-data/SAGEN/llvm/llvm-4/clang/include/clang/StaticAnalyzer/Core/PathSensitive/ProgramState.h:439:47: note: candidate: ‘template<class T> typename clang::ento::ProgramStateTrait<T>::context_type clang::ento::ProgramState::get_context() const’
  439 |   typename ProgramStateTrait<T>::context_type get_context() const;
      |                                               ^~~~~~~~~~~
/scratch/chenyuan-data/SAGEN/llvm/llvm-4/clang/include/clang/StaticAnalyzer/Core/PathSensitive/ProgramState.h:439:47: note:   substitution of deduced template arguments resulted in errors seen above
/scratch/chenyuan-data/SAGEN/llvm/llvm-4/clang/lib/Analysis/plugins/SAGenTestHandling/SAGenTestChecker.cpp:82:51: error: no matching function for call to ‘clang::ento::ProgramState::get_context<FieldSetTy>() const’
   82 |           auto &F = State->get_context<FieldSetTy>();
      |                     ~~~~~~~~~~~~~~~~~~~~~~~~~~~~~~^~
In file included from /scratch/chenyuan-data/SAGEN/llvm/llvm-4/clang/include/clang/StaticAnalyzer/Core/PathSensitive/RangedConstraintManager.h:16,
                 from /scratch/chenyuan-data/SAGEN/llvm/llvm-4/clang/include/clang/StaticAnalyzer/Core/BugReporter/BugReporterVisitors.h:19,
                 from /scratch/chenyuan-data/SAGEN/llvm/llvm-4/clang/include/clang/StaticAnalyzer/Core/BugReporter/BugReporter.h:21,
                 from /scratch/chenyuan-data/SAGEN/llvm/llvm-4/clang/lib/Analysis/plugins/SAGenTestHandling/SAGenTestChecker.cpp:1:
/scratch/chenyuan-data/SAGEN/llvm/llvm-4/clang/include/clang/StaticAnalyzer/Core/PathSensitive/ProgramState.h:439:47: note: candidate: ‘template<class T> typename clang::ento::ProgramStateTrait<T>::context_type clang::ento::ProgramState::get_context() const’
  439 |   typename ProgramStateTrait<T>::context_type get_context() const;
      |                                               ^~~~~~~~~~~
/scratch/chenyuan-data/SAGEN/llvm/llvm-4/clang/include/clang/StaticAnalyzer/Core/PathSensitive/ProgramState.h:439:47: note:   template argument deduction/substitution failed:
/scratch/chenyuan-data/SAGEN/llvm/llvm-4/clang/include/clang/StaticAnalyzer/Core/PathSensitive/ProgramState.h: In substitution of ‘template<class T> typename clang::ento::ProgramStateTrait<T>::context_type clang::ento::ProgramState::get_context() const [with T = llvm::ImmutableSet<const clang::FieldDecl*>]’:
/scratch/chenyuan-data/SAGEN/llvm/llvm-4/clang/lib/Analysis/plugins/SAGenTestHandling/SAGenTestChecker.cpp:82:51:   required from here
/scratch/chenyuan-data/SAGEN/llvm/llvm-4/clang/include/clang/StaticAnalyzer/Core/PathSensitive/ProgramState.h:848:45: error: no type named ‘context_type’ in ‘struct clang::ento::ProgramStateTrait<llvm::ImmutableSet<const clang::FieldDecl*> >’
  848 | typename ProgramStateTrait<T>::context_type ProgramState::get_context() const {
      |                                             ^~~~~~~~~~~~
/scratch/chenyuan-data/SAGEN/llvm/llvm-4/clang/lib/Analysis/plugins/SAGenTestHandling/SAGenTestChecker.cpp: In instantiation of ‘clang::ento::ProgramStateRef {anonymous}::SAGenTestChecker::addFieldToMap(clang::ento::ProgramStateRef, const clang::ento::MemRegion*, const clang::FieldDecl*) const [with MapTrait = {anonymous}::ManualFreedMap; clang::ento::ProgramStateRef = llvm::IntrusiveRefCntPtr<const clang::ento::ProgramState>]’:
/scratch/chenyuan-data/SAGEN/llvm/llvm-4/clang/lib/Analysis/plugins/SAGenTestHandling/SAGenTestChecker.cpp:263:42:   required from here
/scratch/chenyuan-data/SAGEN/llvm/llvm-4/clang/lib/Analysis/plugins/SAGenTestHandling/SAGenTestChecker.cpp:66:20: error: no matching function for call to ‘llvm::ImmutableSet<const clang::FieldDecl*>::ImmutableSet()’
   66 |         FieldSetTy Set;
      |                    ^~~
In file included from /scratch/chenyuan-data/SAGEN/llvm/llvm-4/llvm/include/llvm/ADT/ImmutableMap.h:18,
                 from /scratch/chenyuan-data/SAGEN/llvm/llvm-4/clang/include/clang/StaticAnalyzer/Core/PathSensitive/Environment.h:19,
                 from /scratch/chenyuan-data/SAGEN/llvm/llvm-4/clang/include/clang/StaticAnalyzer/Core/PathSensitive/ProgramState.h:19,
                 from /scratch/chenyuan-data/SAGEN/llvm/llvm-4/clang/include/clang/StaticAnalyzer/Core/PathSensitive/RangedConstraintManager.h:16,
                 from /scratch/chenyuan-data/SAGEN/llvm/llvm-4/clang/include/clang/StaticAnalyzer/Core/BugReporter/BugReporterVisitors.h:19,
                 from /scratch/chenyuan-data/SAGEN/llvm/llvm-4/clang/include/clang/StaticAnalyzer/Core/BugReporter/BugReporter.h:21,
                 from /scratch/chenyuan-data/SAGEN/llvm/llvm-4/clang/lib/Analysis/plugins/SAGenTestHandling/SAGenTestChecker.cpp:1:
/scratch/chenyuan-data/SAGEN/llvm/llvm-4/llvm/include/llvm/ADT/ImmutableSet.h:971:12: note: candidate: ‘llvm::ImmutableSet<ValT, ValInfo>::ImmutableSet(llvm::ImmutableSet<ValT, ValInfo>::TreeTy*) [with ValT = const clang::FieldDecl*; ValInfo = llvm::ImutContainerInfo<const clang::FieldDecl*>; llvm::ImmutableSet<ValT, ValInfo>::TreeTy = llvm::ImutAVLTree<llvm::ImutContainerInfo<const clang::FieldDecl*> >]’
  971 |   explicit ImmutableSet(TreeTy *R) : Root(R) {}
      |            ^~~~~~~~~~~~
/scratch/chenyuan-data/SAGEN/llvm/llvm-4/llvm/include/llvm/ADT/ImmutableSet.h:971:12: note:   candidate expects 1 argument, 0 provided
/scratch/chenyuan-data/SAGEN/llvm/llvm-4/llvm/include/llvm/ADT/ImmutableSet.h:957:7: note: candidate: ‘llvm::ImmutableSet<const clang::FieldDecl*>::ImmutableSet(const llvm::ImmutableSet<const clang::FieldDecl*>&)’
  957 | class ImmutableSet {
      |       ^~~~~~~~~~~~
/scratch/chenyuan-data/SAGEN/llvm/llvm-4/llvm/include/llvm/ADT/ImmutableSet.h:957:7: note:   candidate expects 1 argument, 0 provided
/scratch/chenyuan-data/SAGEN/llvm/llvm-4/llvm/include/llvm/ADT/ImmutableSet.h:957:7: note: candidate: ‘llvm::ImmutableSet<const clang::FieldDecl*>::ImmutableSet(llvm::ImmutableSet<const clang::FieldDecl*>&&)’
/scratch/chenyuan-data/SAGEN/llvm/llvm-4/llvm/include/llvm/ADT/ImmutableSet.h:957:7: note:   candidate expects 1 argument, 0 provided
/scratch/chenyuan-data/SAGEN/llvm/llvm-4/clang/lib/Analysis/plugins/SAGenTestHandling/SAGenTestChecker.cpp: In instantiation of ‘clang::ento::ProgramStateRef {anonymous}::SAGenTestChecker::addFieldToMap(clang::ento::ProgramStateRef, const clang::ento::MemRegion*, const clang::FieldDecl*) const [with MapTrait = {anonymous}::CleanupFreedMap; clang::ento::ProgramStateRef = llvm::IntrusiveRefCntPtr<const clang::ento::ProgramState>]’:
/scratch/chenyuan-data/SAGEN/llvm/llvm-4/clang/lib/Analysis/plugins/SAGenTestHandling/SAGenTestChecker.cpp:289:45:   required from here
/scratch/chenyuan-data/SAGEN/llvm/llvm-4/clang/lib/Analysis/plugins/SAGenTestHandling/SAGenTestChecker.cpp:66:20: error: no matching function for call to ‘llvm::ImmutableSet<const clang::FieldDecl*>::ImmutableSet()’
   66 |         FieldSetTy Set;
      |                    ^~~
In file included from /scratch/chenyuan-data/SAGEN/llvm/llvm-4/llvm/include/llvm/ADT/ImmutableMap.h:18,
                 from /scratch/chenyuan-data/SAGEN/llvm/llvm-4/clang/include/clang/StaticAnalyzer/Core/PathSensitive/Environment.h:19,
                 from /scratch/chenyuan-data/SAGEN/llvm/llvm-4/clang/include/clang/StaticAnalyzer/Core/PathSensitive/ProgramState.h:19,
                 from /scratch/chenyuan-data/SAGEN/llvm/llvm-4/clang/include/clang/StaticAnalyzer/Core/PathSensitive/RangedConstraintManager.h:16,
                 from /scratch/chenyuan-data/SAGEN/llvm/llvm-4/clang/include/clang/StaticAnalyzer/Core/BugReporter/BugReporterVisitors.h:19,
                 from /scratch/chenyuan-data/SAGEN/llvm/llvm-4/clang/include/clang/StaticAnalyzer/Core/BugReporter/BugReporter.h:21,
                 from /scratch/chenyuan-data/SAGEN/llvm/llvm-4/clang/lib/Analysis/plugins/SAGenTestHandling/SAGenTestChecker.cpp:1:
/scratch/chenyuan-data/SAGEN/llvm/llvm-4/llvm/include/llvm/ADT/ImmutableSet.h:971:12: note: candidate: ‘llvm::ImmutableSet<ValT, ValInfo>::ImmutableSet(llvm::ImmutableSet<ValT, ValInfo>::TreeTy*) [with ValT = const clang::FieldDecl*; ValInfo = llvm::ImutContainerInfo<const clang::FieldDecl*>; llvm::ImmutableSet<ValT, ValInfo>::TreeTy = llvm::ImutAVLTree<llvm::ImutContainerInfo<const clang::FieldDecl*> >]’
  971 |   explicit ImmutableSet(TreeTy *R) : Root(R) {}
      |            ^~~~~~~~~~~~
/scratch/chenyuan-data/SAGEN/llvm/llvm-4/llvm/include/llvm/ADT/ImmutableSet.h:971:12: note:   candidate expects 1 argument, 0 provided
/scratch/chenyuan-data/SAGEN/llvm/llvm-4/llvm/include/llvm/ADT/ImmutableSet.h:957:7: note: candidate: ‘llvm::ImmutableSet<const clang::FieldDecl*>::ImmutableSet(const llvm::ImmutableSet<const clang::FieldDecl*>&)’
  957 | class ImmutableSet {
      |       ^~~~~~~~~~~~
/scratch/chenyuan-data/SAGEN/llvm/llvm-4/llvm/include/llvm/ADT/ImmutableSet.h:957:7: note:   candidate expects 1 argument, 0 provided
/scratch/chenyuan-data/SAGEN/llvm/llvm-4/llvm/include/llvm/ADT/ImmutableSet.h:957:7: note: candidate: ‘llvm::ImmutableSet<const clang::FieldDecl*>::ImmutableSet(llvm::ImmutableSet<const clang::FieldDecl*>&&)’
/scratch/chenyuan-data/SAGEN/llvm/llvm-4/llvm/include/llvm/ADT/ImmutableSet.h:957:7: note:   candidate expects 1 argument, 0 provided
make[3]: *** [tools/clang/lib/Analysis/plugins/SAGenTestHandling/CMakeFiles/SAGenTestPlugin.dir/build.make:76: tools/clang/lib/Analysis/plugins/SAGenTestHandling/CMakeFiles/SAGenTestPlugin.dir/SAGenTestChecker.cpp.o] Error 1
make[2]: *** [CMakeFiles/Makefile2:31101: tools/clang/lib/Analysis/plugins/SAGenTestHandling/CMakeFiles/SAGenTestPlugin.dir/all] Error 2
make[1]: *** [CMakeFiles/Makefile2:31108: tools/clang/lib/Analysis/plugins/SAGenTestHandling/CMakeFiles/SAGenTestPlugin.dir/rule] Error 2
make: *** [Makefile:7495: SAGenTestPlugin] Error 2
