In file included from /usr/include/c++/11/bits/unique_ptr.h:38,
                 from /usr/include/c++/11/memory:76,
                 from /scratch/chenyuan-data/SAGEN/llvm/llvm-4/llvm/include/llvm/Support/Casting.h:20,
                 from /scratch/chenyuan-data/SAGEN/llvm/llvm-4/clang/include/clang/Basic/LLVM.h:21,
                 from /scratch/chenyuan-data/SAGEN/llvm/llvm-4/clang/include/clang/AST/APValue.h:16,
                 from /scratch/chenyuan-data/SAGEN/llvm/llvm-4/clang/include/clang/AST/Stmt.h:16,
                 from /scratch/chenyuan-data/SAGEN/llvm/llvm-4/clang/include/clang/Analysis/PathDiagnostic.h:16,
                 from /scratch/chenyuan-data/SAGEN/llvm/llvm-4/clang/include/clang/StaticAnalyzer/Core/BugReporter/BugReporter.h:17,
                 from /scratch/chenyuan-data/SAGEN/llvm/llvm-4/clang/lib/Analysis/plugins/SAGenTestHandling/SAGenTestChecker.cpp:1:
/usr/include/c++/11/bits/stl_function.h: In instantiation of ‘constexpr bool std::less<_Tp>::operator()(const _Tp&, const _Tp&) const [with _Tp = const FieldKey]’:
/scratch/chenyuan-data/SAGEN/llvm/llvm-4/llvm/include/llvm/ADT/ImmutableSet.h:924:33:   required from ‘static bool llvm::ImutContainerInfo<T>::isLess(llvm::ImutContainerInfo<T>::key_type_ref, llvm::ImutContainerInfo<T>::key_type_ref) [with T = FieldKey; llvm::ImutContainerInfo<T>::key_type_ref = const FieldKey&]’
/scratch/chenyuan-data/SAGEN/llvm/llvm-4/llvm/include/llvm/ADT/ImmutableSet.h:82:32:   required from ‘llvm::ImutAVLTree<ImutInfo>* llvm::ImutAVLTree<ImutInfo>::find(llvm::ImutAVLTree<ImutInfo>::key_type_ref) [with ImutInfo = llvm::ImutContainerInfo<FieldKey>; llvm::ImutAVLTree<ImutInfo>::key_type_ref = const FieldKey&]’
/scratch/chenyuan-data/SAGEN/llvm/llvm-4/llvm/include/llvm/ADT/ImmutableSet.h:171:49:   required from ‘bool llvm::ImutAVLTree<ImutInfo>::contains(llvm::ImutAVLTree<ImutInfo>::key_type_ref) [with ImutInfo = llvm::ImutContainerInfo<FieldKey>; llvm::ImutAVLTree<ImutInfo>::key_type_ref = const FieldKey&]’
/scratch/chenyuan-data/SAGEN/llvm/llvm-4/llvm/include/llvm/ADT/ImmutableSet.h:1027:33:   required from ‘bool llvm::ImmutableSet<ValT, ValInfo>::contains(llvm::ImmutableSet<ValT, ValInfo>::value_type_ref) const [with ValT = FieldKey; ValInfo = llvm::ImutContainerInfo<FieldKey>; llvm::ImmutableSet<ValT, ValInfo>::value_type_ref = const FieldKey&]’
/scratch/chenyuan-data/SAGEN/llvm/llvm-4/clang/include/clang/StaticAnalyzer/Core/PathSensitive/ProgramStateTrait.h:220:24:   required from ‘static bool clang::ento::ProgramStatePartialTrait<llvm::ImmutableSet<Key, Info> >::Contains(clang::ento::ProgramStatePartialTrait<llvm::ImmutableSet<Key, Info> >::data_type, clang::ento::ProgramStatePartialTrait<llvm::ImmutableSet<Key, Info> >::key_type) [with Key = FieldKey; Info = llvm::ImutContainerInfo<FieldKey>; clang::ento::ProgramStatePartialTrait<llvm::ImmutableSet<Key, Info> >::data_type = llvm::ImmutableSet<FieldKey>; clang::ento::ProgramStatePartialTrait<llvm::ImmutableSet<Key, Info> >::key_type = FieldKey]’
/scratch/chenyuan-data/SAGEN/llvm/llvm-4/clang/include/clang/StaticAnalyzer/Core/PathSensitive/ProgramState.h:470:42:   required from ‘bool clang::ento::ProgramState::contains(typename clang::ento::ProgramStateTrait<T>::key_type) const [with T = {anonymous}::CleanupFreedSet; typename clang::ento::ProgramStateTrait<T>::key_type = FieldKey]’
/scratch/chenyuan-data/SAGEN/llvm/llvm-4/clang/lib/Analysis/plugins/SAGenTestHandling/SAGenTestChecker.cpp:103:41:   required from ‘bool {anonymous}::SAGenTestChecker::containsField(clang::ento::ProgramStateRef, const clang::ento::MemRegion*, const clang::FieldDecl*) const [with SetTrait = {anonymous}::CleanupFreedSet; clang::ento::ProgramStateRef = llvm::IntrusiveRefCntPtr<const clang::ento::ProgramState>]’
/scratch/chenyuan-data/SAGEN/llvm/llvm-4/clang/lib/Analysis/plugins/SAGenTestHandling/SAGenTestChecker.cpp:261:39:   required from here
/usr/include/c++/11/bits/stl_function.h:400:20: error: no match for ‘operator<’ (operand types are ‘const FieldKey’ and ‘const FieldKey’)
  400 |       { return __x < __y; }
      |                ~~~~^~~~~
In file included from /usr/include/c++/11/utility:70,
                 from /scratch/chenyuan-data/SAGEN/llvm/llvm-4/llvm/include/llvm/Support/type_traits.h:18,
                 from /scratch/chenyuan-data/SAGEN/llvm/llvm-4/llvm/include/llvm/Support/Casting.h:18,
                 from /scratch/chenyuan-data/SAGEN/llvm/llvm-4/clang/include/clang/Basic/LLVM.h:21,
                 from /scratch/chenyuan-data/SAGEN/llvm/llvm-4/clang/include/clang/AST/APValue.h:16,
                 from /scratch/chenyuan-data/SAGEN/llvm/llvm-4/clang/include/clang/AST/Stmt.h:16,
                 from /scratch/chenyuan-data/SAGEN/llvm/llvm-4/clang/include/clang/Analysis/PathDiagnostic.h:16,
                 from /scratch/chenyuan-data/SAGEN/llvm/llvm-4/clang/include/clang/StaticAnalyzer/Core/BugReporter/BugReporter.h:17,
                 from /scratch/chenyuan-data/SAGEN/llvm/llvm-4/clang/lib/Analysis/plugins/SAGenTestHandling/SAGenTestChecker.cpp:1:
/usr/include/c++/11/bits/stl_pair.h:489:5: note: candidate: ‘template<class _T1, class _T2> constexpr bool std::operator<(const std::pair<_T1, _T2>&, const std::pair<_T1, _T2>&)’
  489 |     operator<(const pair<_T1, _T2>& __x, const pair<_T1, _T2>& __y)
      |     ^~~~~~~~
/usr/include/c++/11/bits/stl_pair.h:489:5: note:   template argument deduction/substitution failed:
In file included from /usr/include/c++/11/bits/unique_ptr.h:38,
                 from /usr/include/c++/11/memory:76,
                 from /scratch/chenyuan-data/SAGEN/llvm/llvm-4/llvm/include/llvm/Support/Casting.h:20,
                 from /scratch/chenyuan-data/SAGEN/llvm/llvm-4/clang/include/clang/Basic/LLVM.h:21,
                 from /scratch/chenyuan-data/SAGEN/llvm/llvm-4/clang/include/clang/AST/APValue.h:16,
                 from /scratch/chenyuan-data/SAGEN/llvm/llvm-4/clang/include/clang/AST/Stmt.h:16,
                 from /scratch/chenyuan-data/SAGEN/llvm/llvm-4/clang/include/clang/Analysis/PathDiagnostic.h:16,
                 from /scratch/chenyuan-data/SAGEN/llvm/llvm-4/clang/include/clang/StaticAnalyzer/Core/BugReporter/BugReporter.h:17,
                 from /scratch/chenyuan-data/SAGEN/llvm/llvm-4/clang/lib/Analysis/plugins/SAGenTestHandling/SAGenTestChecker.cpp:1:
/usr/include/c++/11/bits/stl_function.h:400:20: note:   ‘const FieldKey’ is not derived from ‘const std::pair<_T1, _T2>’
  400 |       { return __x < __y; }
      |                ~~~~^~~~~
In file included from /usr/include/c++/11/bits/stl_algobase.h:67,
                 from /usr/include/c++/11/memory:63,
                 from /scratch/chenyuan-data/SAGEN/llvm/llvm-4/llvm/include/llvm/Support/Casting.h:20,
                 from /scratch/chenyuan-data/SAGEN/llvm/llvm-4/clang/include/clang/Basic/LLVM.h:21,
                 from /scratch/chenyuan-data/SAGEN/llvm/llvm-4/clang/include/clang/AST/APValue.h:16,
                 from /scratch/chenyuan-data/SAGEN/llvm/llvm-4/clang/include/clang/AST/Stmt.h:16,
                 from /scratch/chenyuan-data/SAGEN/llvm/llvm-4/clang/include/clang/Analysis/PathDiagnostic.h:16,
                 from /scratch/chenyuan-data/SAGEN/llvm/llvm-4/clang/include/clang/StaticAnalyzer/Core/BugReporter/BugReporter.h:17,
                 from /scratch/chenyuan-data/SAGEN/llvm/llvm-4/clang/lib/Analysis/plugins/SAGenTestHandling/SAGenTestChecker.cpp:1:
/usr/include/c++/11/bits/stl_iterator.h:426:5: note: candidate: ‘template<class _Iterator> constexpr bool std::operator<(const std::reverse_iterator<_Iterator>&, const std::reverse_iterator<_Iterator>&)’
  426 |     operator<(const reverse_iterator<_Iterator>& __x,
      |     ^~~~~~~~
/usr/include/c++/11/bits/stl_iterator.h:426:5: note:   template argument deduction/substitution failed:
In file included from /usr/include/c++/11/bits/unique_ptr.h:38,
                 from /usr/include/c++/11/memory:76,
                 from /scratch/chenyuan-data/SAGEN/llvm/llvm-4/llvm/include/llvm/Support/Casting.h:20,
                 from /scratch/chenyuan-data/SAGEN/llvm/llvm-4/clang/include/clang/Basic/LLVM.h:21,
                 from /scratch/chenyuan-data/SAGEN/llvm/llvm-4/clang/include/clang/AST/APValue.h:16,
                 from /scratch/chenyuan-data/SAGEN/llvm/llvm-4/clang/include/clang/AST/Stmt.h:16,
                 from /scratch/chenyuan-data/SAGEN/llvm/llvm-4/clang/include/clang/Analysis/PathDiagnostic.h:16,
                 from /scratch/chenyuan-data/SAGEN/llvm/llvm-4/clang/include/clang/StaticAnalyzer/Core/BugReporter/BugReporter.h:17,
                 from /scratch/chenyuan-data/SAGEN/llvm/llvm-4/clang/lib/Analysis/plugins/SAGenTestHandling/SAGenTestChecker.cpp:1:
/usr/include/c++/11/bits/stl_function.h:400:20: note:   ‘const FieldKey’ is not derived from ‘const std::reverse_iterator<_Iterator>’
  400 |       { return __x < __y; }
      |                ~~~~^~~~~
In file included from /usr/include/c++/11/bits/stl_algobase.h:67,
                 from /usr/include/c++/11/memory:63,
                 from /scratch/chenyuan-data/SAGEN/llvm/llvm-4/llvm/include/llvm/Support/Casting.h:20,
                 from /scratch/chenyuan-data/SAGEN/llvm/llvm-4/clang/include/clang/Basic/LLVM.h:21,
                 from /scratch/chenyuan-data/SAGEN/llvm/llvm-4/clang/include/clang/AST/APValue.h:16,
                 from /scratch/chenyuan-data/SAGEN/llvm/llvm-4/clang/include/clang/AST/Stmt.h:16,
                 from /scratch/chenyuan-data/SAGEN/llvm/llvm-4/clang/include/clang/Analysis/PathDiagnostic.h:16,
                 from /scratch/chenyuan-data/SAGEN/llvm/llvm-4/clang/include/clang/StaticAnalyzer/Core/BugReporter/BugReporter.h:17,
                 from /scratch/chenyuan-data/SAGEN/llvm/llvm-4/clang/lib/Analysis/plugins/SAGenTestHandling/SAGenTestChecker.cpp:1:
/usr/include/c++/11/bits/stl_iterator.h:465:5: note: candidate: ‘template<class _IteratorL, class _IteratorR> constexpr bool std::operator<(const std::reverse_iterator<_Iterator>&, const std::reverse_iterator<_IteratorR>&)’
  465 |     operator<(const reverse_iterator<_IteratorL>& __x,
      |     ^~~~~~~~
/usr/include/c++/11/bits/stl_iterator.h:465:5: note:   template argument deduction/substitution failed:
In file included from /usr/include/c++/11/bits/unique_ptr.h:38,
                 from /usr/include/c++/11/memory:76,
                 from /scratch/chenyuan-data/SAGEN/llvm/llvm-4/llvm/include/llvm/Support/Casting.h:20,
                 from /scratch/chenyuan-data/SAGEN/llvm/llvm-4/clang/include/clang/Basic/LLVM.h:21,
                 from /scratch/chenyuan-data/SAGEN/llvm/llvm-4/clang/include/clang/AST/APValue.h:16,
                 from /scratch/chenyuan-data/SAGEN/llvm/llvm-4/clang/include/clang/AST/Stmt.h:16,
                 from /scratch/chenyuan-data/SAGEN/llvm/llvm-4/clang/include/clang/Analysis/PathDiagnostic.h:16,
                 from /scratch/chenyuan-data/SAGEN/llvm/llvm-4/clang/include/clang/StaticAnalyzer/Core/BugReporter/BugReporter.h:17,
                 from /scratch/chenyuan-data/SAGEN/llvm/llvm-4/clang/lib/Analysis/plugins/SAGenTestHandling/SAGenTestChecker.cpp:1:
/usr/include/c++/11/bits/stl_function.h:400:20: note:   ‘const FieldKey’ is not derived from ‘const std::reverse_iterator<_Iterator>’
  400 |       { return __x < __y; }
      |                ~~~~^~~~~
In file included from /usr/include/c++/11/bits/stl_algobase.h:67,
                 from /usr/include/c++/11/memory:63,
                 from /scratch/chenyuan-data/SAGEN/llvm/llvm-4/llvm/include/llvm/Support/Casting.h:20,
                 from /scratch/chenyuan-data/SAGEN/llvm/llvm-4/clang/include/clang/Basic/LLVM.h:21,
                 from /scratch/chenyuan-data/SAGEN/llvm/llvm-4/clang/include/clang/AST/APValue.h:16,
                 from /scratch/chenyuan-data/SAGEN/llvm/llvm-4/clang/include/clang/AST/Stmt.h:16,
                 from /scratch/chenyuan-data/SAGEN/llvm/llvm-4/clang/include/clang/Analysis/PathDiagnostic.h:16,
                 from /scratch/chenyuan-data/SAGEN/llvm/llvm-4/clang/include/clang/StaticAnalyzer/Core/BugReporter/BugReporter.h:17,
                 from /scratch/chenyuan-data/SAGEN/llvm/llvm-4/clang/lib/Analysis/plugins/SAGenTestHandling/SAGenTestChecker.cpp:1:
/usr/include/c++/11/bits/stl_iterator.h:1609:5: note: candidate: ‘template<class _IteratorL, class _IteratorR> constexpr bool std::operator<(const std::move_iterator<_IteratorL>&, const std::move_iterator<_IteratorR>&)’
 1609 |     operator<(const move_iterator<_IteratorL>& __x,
      |     ^~~~~~~~
/usr/include/c++/11/bits/stl_iterator.h:1609:5: note:   template argument deduction/substitution failed:
In file included from /usr/include/c++/11/bits/unique_ptr.h:38,
                 from /usr/include/c++/11/memory:76,
                 from /scratch/chenyuan-data/SAGEN/llvm/llvm-4/llvm/include/llvm/Support/Casting.h:20,
                 from /scratch/chenyuan-data/SAGEN/llvm/llvm-4/clang/include/clang/Basic/LLVM.h:21,
                 from /scratch/chenyuan-data/SAGEN/llvm/llvm-4/clang/include/clang/AST/APValue.h:16,
                 from /scratch/chenyuan-data/SAGEN/llvm/llvm-4/clang/include/clang/AST/Stmt.h:16,
                 from /scratch/chenyuan-data/SAGEN/llvm/llvm-4/clang/include/clang/Analysis/PathDiagnostic.h:16,
                 from /scratch/chenyuan-data/SAGEN/llvm/llvm-4/clang/include/clang/StaticAnalyzer/Core/BugReporter/BugReporter.h:17,
                 from /scratch/chenyuan-data/SAGEN/llvm/llvm-4/clang/lib/Analysis/plugins/SAGenTestHandling/SAGenTestChecker.cpp:1:
/usr/include/c++/11/bits/stl_function.h:400:20: note:   ‘const FieldKey’ is not derived from ‘const std::move_iterator<_IteratorL>’
  400 |       { return __x < __y; }
      |                ~~~~^~~~~
In file included from /usr/include/c++/11/bits/stl_algobase.h:67,
                 from /usr/include/c++/11/memory:63,
                 from /scratch/chenyuan-data/SAGEN/llvm/llvm-4/llvm/include/llvm/Support/Casting.h:20,
                 from /scratch/chenyuan-data/SAGEN/llvm/llvm-4/clang/include/clang/Basic/LLVM.h:21,
                 from /scratch/chenyuan-data/SAGEN/llvm/llvm-4/clang/include/clang/AST/APValue.h:16,
                 from /scratch/chenyuan-data/SAGEN/llvm/llvm-4/clang/include/clang/AST/Stmt.h:16,
                 from /scratch/chenyuan-data/SAGEN/llvm/llvm-4/clang/include/clang/Analysis/PathDiagnostic.h:16,
                 from /scratch/chenyuan-data/SAGEN/llvm/llvm-4/clang/include/clang/StaticAnalyzer/Core/BugReporter/BugReporter.h:17,
                 from /scratch/chenyuan-data/SAGEN/llvm/llvm-4/clang/lib/Analysis/plugins/SAGenTestHandling/SAGenTestChecker.cpp:1:
/usr/include/c++/11/bits/stl_iterator.h:1667:5: note: candidate: ‘template<class _Iterator> constexpr bool std::operator<(const std::move_iterator<_IteratorL>&, const std::move_iterator<_IteratorL>&)’
 1667 |     operator<(const move_iterator<_Iterator>& __x,
      |     ^~~~~~~~
/usr/include/c++/11/bits/stl_iterator.h:1667:5: note:   template argument deduction/substitution failed:
In file included from /usr/include/c++/11/bits/unique_ptr.h:38,
                 from /usr/include/c++/11/memory:76,
                 from /scratch/chenyuan-data/SAGEN/llvm/llvm-4/llvm/include/llvm/Support/Casting.h:20,
                 from /scratch/chenyuan-data/SAGEN/llvm/llvm-4/clang/include/clang/Basic/LLVM.h:21,
                 from /scratch/chenyuan-data/SAGEN/llvm/llvm-4/clang/include/clang/AST/APValue.h:16,
                 from /scratch/chenyuan-data/SAGEN/llvm/llvm-4/clang/include/clang/AST/Stmt.h:16,
                 from /scratch/chenyuan-data/SAGEN/llvm/llvm-4/clang/include/clang/Analysis/PathDiagnostic.h:16,
                 from /scratch/chenyuan-data/SAGEN/llvm/llvm-4/clang/include/clang/StaticAnalyzer/Core/BugReporter/BugReporter.h:17,
                 from /scratch/chenyuan-data/SAGEN/llvm/llvm-4/clang/lib/Analysis/plugins/SAGenTestHandling/SAGenTestChecker.cpp:1:
/usr/include/c++/11/bits/stl_function.h:400:20: note:   ‘const FieldKey’ is not derived from ‘const std::move_iterator<_IteratorL>’
  400 |       { return __x < __y; }
      |                ~~~~^~~~~
In file included from /usr/include/c++/11/tuple:39,
                 from /usr/include/c++/11/bits/unique_ptr.h:37,
                 from /usr/include/c++/11/memory:76,
                 from /scratch/chenyuan-data/SAGEN/llvm/llvm-4/llvm/include/llvm/Support/Casting.h:20,
                 from /scratch/chenyuan-data/SAGEN/llvm/llvm-4/clang/include/clang/Basic/LLVM.h:21,
                 from /scratch/chenyuan-data/SAGEN/llvm/llvm-4/clang/include/clang/AST/APValue.h:16,
                 from /scratch/chenyuan-data/SAGEN/llvm/llvm-4/clang/include/clang/AST/Stmt.h:16,
                 from /scratch/chenyuan-data/SAGEN/llvm/llvm-4/clang/include/clang/Analysis/PathDiagnostic.h:16,
                 from /scratch/chenyuan-data/SAGEN/llvm/llvm-4/clang/include/clang/StaticAnalyzer/Core/BugReporter/BugReporter.h:17,
                 from /scratch/chenyuan-data/SAGEN/llvm/llvm-4/clang/lib/Analysis/plugins/SAGenTestHandling/SAGenTestChecker.cpp:1:
/usr/include/c++/11/array:311:5: note: candidate: ‘template<class _Tp, long unsigned int _Nm> bool std::operator<(const std::array<_Tp, _Nm>&, const std::array<_Tp, _Nm>&)’
  311 |     operator<(const array<_Tp, _Nm>& __a, const array<_Tp, _Nm>& __b)
      |     ^~~~~~~~
/usr/include/c++/11/array:311:5: note:   template argument deduction/substitution failed:
In file included from /usr/include/c++/11/bits/unique_ptr.h:38,
                 from /usr/include/c++/11/memory:76,
                 from /scratch/chenyuan-data/SAGEN/llvm/llvm-4/llvm/include/llvm/Support/Casting.h:20,
                 from /scratch/chenyuan-data/SAGEN/llvm/llvm-4/clang/include/clang/Basic/LLVM.h:21,
                 from /scratch/chenyuan-data/SAGEN/llvm/llvm-4/clang/include/clang/AST/APValue.h:16,
                 from /scratch/chenyuan-data/SAGEN/llvm/llvm-4/clang/include/clang/AST/Stmt.h:16,
                 from /scratch/chenyuan-data/SAGEN/llvm/llvm-4/clang/include/clang/Analysis/PathDiagnostic.h:16,
                 from /scratch/chenyuan-data/SAGEN/llvm/llvm-4/clang/include/clang/StaticAnalyzer/Core/BugReporter/BugReporter.h:17,
                 from /scratch/chenyuan-data/SAGEN/llvm/llvm-4/clang/lib/Analysis/plugins/SAGenTestHandling/SAGenTestChecker.cpp:1:
/usr/include/c++/11/bits/stl_function.h:400:20: note:   ‘const FieldKey’ is not derived from ‘const std::array<_Tp, _Nm>’
  400 |       { return __x < __y; }
      |                ~~~~^~~~~
In file included from /usr/include/c++/11/bits/unique_ptr.h:37,
                 from /usr/include/c++/11/memory:76,
                 from /scratch/chenyuan-data/SAGEN/llvm/llvm-4/llvm/include/llvm/Support/Casting.h:20,
                 from /scratch/chenyuan-data/SAGEN/llvm/llvm-4/clang/include/clang/Basic/LLVM.h:21,
                 from /scratch/chenyuan-data/SAGEN/llvm/llvm-4/clang/include/clang/AST/APValue.h:16,
                 from /scratch/chenyuan-data/SAGEN/llvm/llvm-4/clang/include/clang/AST/Stmt.h:16,
                 from /scratch/chenyuan-data/SAGEN/llvm/llvm-4/clang/include/clang/Analysis/PathDiagnostic.h:16,
                 from /scratch/chenyuan-data/SAGEN/llvm/llvm-4/clang/include/clang/StaticAnalyzer/Core/BugReporter/BugReporter.h:17,
                 from /scratch/chenyuan-data/SAGEN/llvm/llvm-4/clang/lib/Analysis/plugins/SAGenTestHandling/SAGenTestChecker.cpp:1:
/usr/include/c++/11/tuple:1566:5: note: candidate: ‘template<class ... _TElements, class ... _UElements> constexpr bool std::operator<(const std::tuple<_Tps ...>&, const std::tuple<_UTypes ...>&)’
 1566 |     operator<(const tuple<_TElements...>& __t,
      |     ^~~~~~~~
/usr/include/c++/11/tuple:1566:5: note:   template argument deduction/substitution failed:
In file included from /usr/include/c++/11/bits/unique_ptr.h:38,
                 from /usr/include/c++/11/memory:76,
                 from /scratch/chenyuan-data/SAGEN/llvm/llvm-4/llvm/include/llvm/Support/Casting.h:20,
                 from /scratch/chenyuan-data/SAGEN/llvm/llvm-4/clang/include/clang/Basic/LLVM.h:21,
                 from /scratch/chenyuan-data/SAGEN/llvm/llvm-4/clang/include/clang/AST/APValue.h:16,
                 from /scratch/chenyuan-data/SAGEN/llvm/llvm-4/clang/include/clang/AST/Stmt.h:16,
                 from /scratch/chenyuan-data/SAGEN/llvm/llvm-4/clang/include/clang/Analysis/PathDiagnostic.h:16,
                 from /scratch/chenyuan-data/SAGEN/llvm/llvm-4/clang/include/clang/StaticAnalyzer/Core/BugReporter/BugReporter.h:17,
                 from /scratch/chenyuan-data/SAGEN/llvm/llvm-4/clang/lib/Analysis/plugins/SAGenTestHandling/SAGenTestChecker.cpp:1:
/usr/include/c++/11/bits/stl_function.h:400:20: note:   ‘const FieldKey’ is not derived from ‘const std::tuple<_Tps ...>’
  400 |       { return __x < __y; }
      |                ~~~~^~~~~
In file included from /usr/include/c++/11/memory:76,
                 from /scratch/chenyuan-data/SAGEN/llvm/llvm-4/llvm/include/llvm/Support/Casting.h:20,
                 from /scratch/chenyuan-data/SAGEN/llvm/llvm-4/clang/include/clang/Basic/LLVM.h:21,
                 from /scratch/chenyuan-data/SAGEN/llvm/llvm-4/clang/include/clang/AST/APValue.h:16,
                 from /scratch/chenyuan-data/SAGEN/llvm/llvm-4/clang/include/clang/AST/Stmt.h:16,
                 from /scratch/chenyuan-data/SAGEN/llvm/llvm-4/clang/include/clang/Analysis/PathDiagnostic.h:16,
                 from /scratch/chenyuan-data/SAGEN/llvm/llvm-4/clang/include/clang/StaticAnalyzer/Core/BugReporter/BugReporter.h:17,
                 from /scratch/chenyuan-data/SAGEN/llvm/llvm-4/clang/lib/Analysis/plugins/SAGenTestHandling/SAGenTestChecker.cpp:1:
/usr/include/c++/11/bits/unique_ptr.h:795:5: note: candidate: ‘template<class _Tp, class _Dp, class _Up, class _Ep> bool std::operator<(const std::unique_ptr<_Tp, _Dp>&, const std::unique_ptr<_Up, _Ep>&)’
  795 |     operator<(const unique_ptr<_Tp, _Dp>& __x,
      |     ^~~~~~~~
/usr/include/c++/11/bits/unique_ptr.h:795:5: note:   template argument deduction/substitution failed:
In file included from /usr/include/c++/11/bits/unique_ptr.h:38,
                 from /usr/include/c++/11/memory:76,
                 from /scratch/chenyuan-data/SAGEN/llvm/llvm-4/llvm/include/llvm/Support/Casting.h:20,
                 from /scratch/chenyuan-data/SAGEN/llvm/llvm-4/clang/include/clang/Basic/LLVM.h:21,
                 from /scratch/chenyuan-data/SAGEN/llvm/llvm-4/clang/include/clang/AST/APValue.h:16,
                 from /scratch/chenyuan-data/SAGEN/llvm/llvm-4/clang/include/clang/AST/Stmt.h:16,
                 from /scratch/chenyuan-data/SAGEN/llvm/llvm-4/clang/include/clang/Analysis/PathDiagnostic.h:16,
                 from /scratch/chenyuan-data/SAGEN/llvm/llvm-4/clang/include/clang/StaticAnalyzer/Core/BugReporter/BugReporter.h:17,
                 from /scratch/chenyuan-data/SAGEN/llvm/llvm-4/clang/lib/Analysis/plugins/SAGenTestHandling/SAGenTestChecker.cpp:1:
/usr/include/c++/11/bits/stl_function.h:400:20: note:   ‘const FieldKey’ is not derived from ‘const std::unique_ptr<_Tp, _Dp>’
  400 |       { return __x < __y; }
      |                ~~~~^~~~~
In file included from /usr/include/c++/11/memory:76,
                 from /scratch/chenyuan-data/SAGEN/llvm/llvm-4/llvm/include/llvm/Support/Casting.h:20,
                 from /scratch/chenyuan-data/SAGEN/llvm/llvm-4/clang/include/clang/Basic/LLVM.h:21,
                 from /scratch/chenyuan-data/SAGEN/llvm/llvm-4/clang/include/clang/AST/APValue.h:16,
                 from /scratch/chenyuan-data/SAGEN/llvm/llvm-4/clang/include/clang/AST/Stmt.h:16,
                 from /scratch/chenyuan-data/SAGEN/llvm/llvm-4/clang/include/clang/Analysis/PathDiagnostic.h:16,
                 from /scratch/chenyuan-data/SAGEN/llvm/llvm-4/clang/include/clang/StaticAnalyzer/Core/BugReporter/BugReporter.h:17,
                 from /scratch/chenyuan-data/SAGEN/llvm/llvm-4/clang/lib/Analysis/plugins/SAGenTestHandling/SAGenTestChecker.cpp:1:
/usr/include/c++/11/bits/unique_ptr.h:807:5: note: candidate: ‘template<class _Tp, class _Dp> bool std::operator<(const std::unique_ptr<_Tp, _Dp>&, std::nullptr_t)’
  807 |     operator<(const unique_ptr<_Tp, _Dp>& __x, nullptr_t)
      |     ^~~~~~~~
/usr/include/c++/11/bits/unique_ptr.h:807:5: note:   template argument deduction/substitution failed:
In file included from /usr/include/c++/11/bits/unique_ptr.h:38,
                 from /usr/include/c++/11/memory:76,
                 from /scratch/chenyuan-data/SAGEN/llvm/llvm-4/llvm/include/llvm/Support/Casting.h:20,
                 from /scratch/chenyuan-data/SAGEN/llvm/llvm-4/clang/include/clang/Basic/LLVM.h:21,
                 from /scratch/chenyuan-data/SAGEN/llvm/llvm-4/clang/include/clang/AST/APValue.h:16,
                 from /scratch/chenyuan-data/SAGEN/llvm/llvm-4/clang/include/clang/AST/Stmt.h:16,
                 from /scratch/chenyuan-data/SAGEN/llvm/llvm-4/clang/include/clang/Analysis/PathDiagnostic.h:16,
                 from /scratch/chenyuan-data/SAGEN/llvm/llvm-4/clang/include/clang/StaticAnalyzer/Core/BugReporter/BugReporter.h:17,
                 from /scratch/chenyuan-data/SAGEN/llvm/llvm-4/clang/lib/Analysis/plugins/SAGenTestHandling/SAGenTestChecker.cpp:1:
/usr/include/c++/11/bits/stl_function.h:400:20: note:   ‘const FieldKey’ is not derived from ‘const std::unique_ptr<_Tp, _Dp>’
  400 |       { return __x < __y; }
      |                ~~~~^~~~~
In file included from /usr/include/c++/11/memory:76,
                 from /scratch/chenyuan-data/SAGEN/llvm/llvm-4/llvm/include/llvm/Support/Casting.h:20,
                 from /scratch/chenyuan-data/SAGEN/llvm/llvm-4/clang/include/clang/Basic/LLVM.h:21,
                 from /scratch/chenyuan-data/SAGEN/llvm/llvm-4/clang/include/clang/AST/APValue.h:16,
                 from /scratch/chenyuan-data/SAGEN/llvm/llvm-4/clang/include/clang/AST/Stmt.h:16,
                 from /scratch/chenyuan-data/SAGEN/llvm/llvm-4/clang/include/clang/Analysis/PathDiagnostic.h:16,
                 from /scratch/chenyuan-data/SAGEN/llvm/llvm-4/clang/include/clang/StaticAnalyzer/Core/BugReporter/BugReporter.h:17,
                 from /scratch/chenyuan-data/SAGEN/llvm/llvm-4/clang/lib/Analysis/plugins/SAGenTestHandling/SAGenTestChecker.cpp:1:
/usr/include/c++/11/bits/unique_ptr.h:816:5: note: candidate: ‘template<class _Tp, class _Dp> bool std::operator<(std::nullptr_t, const std::unique_ptr<_Tp, _Dp>&)’
  816 |     operator<(nullptr_t, const unique_ptr<_Tp, _Dp>& __x)
      |     ^~~~~~~~
/usr/include/c++/11/bits/unique_ptr.h:816:5: note:   template argument deduction/substitution failed:
In file included from /usr/include/c++/11/bits/unique_ptr.h:38,
                 from /usr/include/c++/11/memory:76,
                 from /scratch/chenyuan-data/SAGEN/llvm/llvm-4/llvm/include/llvm/Support/Casting.h:20,
                 from /scratch/chenyuan-data/SAGEN/llvm/llvm-4/clang/include/clang/Basic/LLVM.h:21,
                 from /scratch/chenyuan-data/SAGEN/llvm/llvm-4/clang/include/clang/AST/APValue.h:16,
                 from /scratch/chenyuan-data/SAGEN/llvm/llvm-4/clang/include/clang/AST/Stmt.h:16,
                 from /scratch/chenyuan-data/SAGEN/llvm/llvm-4/clang/include/clang/Analysis/PathDiagnostic.h:16,
                 from /scratch/chenyuan-data/SAGEN/llvm/llvm-4/clang/include/clang/StaticAnalyzer/Core/BugReporter/BugReporter.h:17,
                 from /scratch/chenyuan-data/SAGEN/llvm/llvm-4/clang/lib/Analysis/plugins/SAGenTestHandling/SAGenTestChecker.cpp:1:
/usr/include/c++/11/bits/stl_function.h:400:20: note:   ‘const FieldKey’ is not derived from ‘const std::unique_ptr<_Tp, _Dp>’
  400 |       { return __x < __y; }
      |                ~~~~^~~~~
In file included from /usr/include/c++/11/bits/shared_ptr.h:53,
                 from /usr/include/c++/11/memory:77,
                 from /scratch/chenyuan-data/SAGEN/llvm/llvm-4/llvm/include/llvm/Support/Casting.h:20,
                 from /scratch/chenyuan-data/SAGEN/llvm/llvm-4/clang/include/clang/Basic/LLVM.h:21,
                 from /scratch/chenyuan-data/SAGEN/llvm/llvm-4/clang/include/clang/AST/APValue.h:16,
                 from /scratch/chenyuan-data/SAGEN/llvm/llvm-4/clang/include/clang/AST/Stmt.h:16,
                 from /scratch/chenyuan-data/SAGEN/llvm/llvm-4/clang/include/clang/Analysis/PathDiagnostic.h:16,
                 from /scratch/chenyuan-data/SAGEN/llvm/llvm-4/clang/include/clang/StaticAnalyzer/Core/BugReporter/BugReporter.h:17,
                 from /scratch/chenyuan-data/SAGEN/llvm/llvm-4/clang/lib/Analysis/plugins/SAGenTestHandling/SAGenTestChecker.cpp:1:
/usr/include/c++/11/bits/shared_ptr_base.h:1457:5: note: candidate: ‘template<class _Tp, class _Up, __gnu_cxx::_Lock_policy _Lp> bool std::operator<(const std::__shared_ptr<_Tp1, _Lp>&, const std::__shared_ptr<_Tp2, _Lp>&)’
 1457 |     operator<(const __shared_ptr<_Tp, _Lp>& __a,
      |     ^~~~~~~~
/usr/include/c++/11/bits/shared_ptr_base.h:1457:5: note:   template argument deduction/substitution failed:
In file included from /usr/include/c++/11/bits/unique_ptr.h:38,
                 from /usr/include/c++/11/memory:76,
                 from /scratch/chenyuan-data/SAGEN/llvm/llvm-4/llvm/include/llvm/Support/Casting.h:20,
                 from /scratch/chenyuan-data/SAGEN/llvm/llvm-4/clang/include/clang/Basic/LLVM.h:21,
                 from /scratch/chenyuan-data/SAGEN/llvm/llvm-4/clang/include/clang/AST/APValue.h:16,
                 from /scratch/chenyuan-data/SAGEN/llvm/llvm-4/clang/include/clang/AST/Stmt.h:16,
                 from /scratch/chenyuan-data/SAGEN/llvm/llvm-4/clang/include/clang/Analysis/PathDiagnostic.h:16,
                 from /scratch/chenyuan-data/SAGEN/llvm/llvm-4/clang/include/clang/StaticAnalyzer/Core/BugReporter/BugReporter.h:17,
                 from /scratch/chenyuan-data/SAGEN/llvm/llvm-4/clang/lib/Analysis/plugins/SAGenTestHandling/SAGenTestChecker.cpp:1:
/usr/include/c++/11/bits/stl_function.h:400:20: note:   ‘const FieldKey’ is not derived from ‘const std::__shared_ptr<_Tp1, _Lp>’
  400 |       { return __x < __y; }
      |                ~~~~^~~~~
In file included from /usr/include/c++/11/bits/shared_ptr.h:53,
                 from /usr/include/c++/11/memory:77,
                 from /scratch/chenyuan-data/SAGEN/llvm/llvm-4/llvm/include/llvm/Support/Casting.h:20,
                 from /scratch/chenyuan-data/SAGEN/llvm/llvm-4/clang/include/clang/Basic/LLVM.h:21,
                 from /scratch/chenyuan-data/SAGEN/llvm/llvm-4/clang/include/clang/AST/APValue.h:16,
                 from /scratch/chenyuan-data/SAGEN/llvm/llvm-4/clang/include/clang/AST/Stmt.h:16,
                 from /scratch/chenyuan-data/SAGEN/llvm/llvm-4/clang/include/clang/Analysis/PathDiagnostic.h:16,
                 from /scratch/chenyuan-data/SAGEN/llvm/llvm-4/clang/include/clang/StaticAnalyzer/Core/BugReporter/BugReporter.h:17,
                 from /scratch/chenyuan-data/SAGEN/llvm/llvm-4/clang/lib/Analysis/plugins/SAGenTestHandling/SAGenTestChecker.cpp:1:
/usr/include/c++/11/bits/shared_ptr_base.h:1468:5: note: candidate: ‘template<class _Tp, __gnu_cxx::_Lock_policy _Lp> bool std::operator<(const std::__shared_ptr<_Tp, _Lp>&, std::nullptr_t)’
 1468 |     operator<(const __shared_ptr<_Tp, _Lp>& __a, nullptr_t) noexcept
      |     ^~~~~~~~
/usr/include/c++/11/bits/shared_ptr_base.h:1468:5: note:   template argument deduction/substitution failed:
In file included from /usr/include/c++/11/bits/unique_ptr.h:38,
                 from /usr/include/c++/11/memory:76,
                 from /scratch/chenyuan-data/SAGEN/llvm/llvm-4/llvm/include/llvm/Support/Casting.h:20,
                 from /scratch/chenyuan-data/SAGEN/llvm/llvm-4/clang/include/clang/Basic/LLVM.h:21,
                 from /scratch/chenyuan-data/SAGEN/llvm/llvm-4/clang/include/clang/AST/APValue.h:16,
                 from /scratch/chenyuan-data/SAGEN/llvm/llvm-4/clang/include/clang/AST/Stmt.h:16,
                 from /scratch/chenyuan-data/SAGEN/llvm/llvm-4/clang/include/clang/Analysis/PathDiagnostic.h:16,
                 from /scratch/chenyuan-data/SAGEN/llvm/llvm-4/clang/include/clang/StaticAnalyzer/Core/BugReporter/BugReporter.h:17,
                 from /scratch/chenyuan-data/SAGEN/llvm/llvm-4/clang/lib/Analysis/plugins/SAGenTestHandling/SAGenTestChecker.cpp:1:
/usr/include/c++/11/bits/stl_function.h:400:20: note:   ‘const FieldKey’ is not derived from ‘const std::__shared_ptr<_Tp, _Lp>’
  400 |       { return __x < __y; }
      |                ~~~~^~~~~
In file included from /usr/include/c++/11/bits/shared_ptr.h:53,
                 from /usr/include/c++/11/memory:77,
                 from /scratch/chenyuan-data/SAGEN/llvm/llvm-4/llvm/include/llvm/Support/Casting.h:20,
                 from /scratch/chenyuan-data/SAGEN/llvm/llvm-4/clang/include/clang/Basic/LLVM.h:21,
                 from /scratch/chenyuan-data/SAGEN/llvm/llvm-4/clang/include/clang/AST/APValue.h:16,
                 from /scratch/chenyuan-data/SAGEN/llvm/llvm-4/clang/include/clang/AST/Stmt.h:16,
                 from /scratch/chenyuan-data/SAGEN/llvm/llvm-4/clang/include/clang/Analysis/PathDiagnostic.h:16,
                 from /scratch/chenyuan-data/SAGEN/llvm/llvm-4/clang/include/clang/StaticAnalyzer/Core/BugReporter/BugReporter.h:17,
                 from /scratch/chenyuan-data/SAGEN/llvm/llvm-4/clang/lib/Analysis/plugins/SAGenTestHandling/SAGenTestChecker.cpp:1:
/usr/include/c++/11/bits/shared_ptr_base.h:1476:5: note: candidate: ‘template<class _Tp, __gnu_cxx::_Lock_policy _Lp> bool std::operator<(std::nullptr_t, const std::__shared_ptr<_Tp, _Lp>&)’
 1476 |     operator<(nullptr_t, const __shared_ptr<_Tp, _Lp>& __a) noexcept
      |     ^~~~~~~~
/usr/include/c++/11/bits/shared_ptr_base.h:1476:5: note:   template argument deduction/substitution failed:
In file included from /usr/include/c++/11/bits/unique_ptr.h:38,
                 from /usr/include/c++/11/memory:76,
                 from /scratch/chenyuan-data/SAGEN/llvm/llvm-4/llvm/include/llvm/Support/Casting.h:20,
                 from /scratch/chenyuan-data/SAGEN/llvm/llvm-4/clang/include/clang/Basic/LLVM.h:21,
                 from /scratch/chenyuan-data/SAGEN/llvm/llvm-4/clang/include/clang/AST/APValue.h:16,
                 from /scratch/chenyuan-data/SAGEN/llvm/llvm-4/clang/include/clang/AST/Stmt.h:16,
                 from /scratch/chenyuan-data/SAGEN/llvm/llvm-4/clang/include/clang/Analysis/PathDiagnostic.h:16,
                 from /scratch/chenyuan-data/SAGEN/llvm/llvm-4/clang/include/clang/StaticAnalyzer/Core/BugReporter/BugReporter.h:17,
                 from /scratch/chenyuan-data/SAGEN/llvm/llvm-4/clang/lib/Analysis/plugins/SAGenTestHandling/SAGenTestChecker.cpp:1:
/usr/include/c++/11/bits/stl_function.h:400:20: note:   ‘const FieldKey’ is not derived from ‘const std::__shared_ptr<_Tp, _Lp>’
  400 |       { return __x < __y; }
      |                ~~~~^~~~~
In file included from /usr/include/c++/11/memory:77,
                 from /scratch/chenyuan-data/SAGEN/llvm/llvm-4/llvm/include/llvm/Support/Casting.h:20,
                 from /scratch/chenyuan-data/SAGEN/llvm/llvm-4/clang/include/clang/Basic/LLVM.h:21,
                 from /scratch/chenyuan-data/SAGEN/llvm/llvm-4/clang/include/clang/AST/APValue.h:16,
                 from /scratch/chenyuan-data/SAGEN/llvm/llvm-4/clang/include/clang/AST/Stmt.h:16,
                 from /scratch/chenyuan-data/SAGEN/llvm/llvm-4/clang/include/clang/Analysis/PathDiagnostic.h:16,
                 from /scratch/chenyuan-data/SAGEN/llvm/llvm-4/clang/include/clang/StaticAnalyzer/Core/BugReporter/BugReporter.h:17,
                 from /scratch/chenyuan-data/SAGEN/llvm/llvm-4/clang/lib/Analysis/plugins/SAGenTestHandling/SAGenTestChecker.cpp:1:
/usr/include/c++/11/bits/shared_ptr.h:488:5: note: candidate: ‘template<class _Tp, class _Up> bool std::operator<(const std::shared_ptr<_Tp>&, const std::shared_ptr<_Tp>&)’
  488 |     operator<(const shared_ptr<_Tp>& __a, const shared_ptr<_Up>& __b) noexcept
      |     ^~~~~~~~
/usr/include/c++/11/bits/shared_ptr.h:488:5: note:   template argument deduction/substitution failed:
In file included from /usr/include/c++/11/bits/unique_ptr.h:38,
                 from /usr/include/c++/11/memory:76,
                 from /scratch/chenyuan-data/SAGEN/llvm/llvm-4/llvm/include/llvm/Support/Casting.h:20,
                 from /scratch/chenyuan-data/SAGEN/llvm/llvm-4/clang/include/clang/Basic/LLVM.h:21,
                 from /scratch/chenyuan-data/SAGEN/llvm/llvm-4/clang/include/clang/AST/APValue.h:16,
                 from /scratch/chenyuan-data/SAGEN/llvm/llvm-4/clang/include/clang/AST/Stmt.h:16,
                 from /scratch/chenyuan-data/SAGEN/llvm/llvm-4/clang/include/clang/Analysis/PathDiagnostic.h:16,
                 from /scratch/chenyuan-data/SAGEN/llvm/llvm-4/clang/include/clang/StaticAnalyzer/Core/BugReporter/BugReporter.h:17,
                 from /scratch/chenyuan-data/SAGEN/llvm/llvm-4/clang/lib/Analysis/plugins/SAGenTestHandling/SAGenTestChecker.cpp:1:
/usr/include/c++/11/bits/stl_function.h:400:20: note:   ‘const FieldKey’ is not derived from ‘const std::shared_ptr<_Tp>’
  400 |       { return __x < __y; }
      |                ~~~~^~~~~
In file included from /usr/include/c++/11/memory:77,
                 from /scratch/chenyuan-data/SAGEN/llvm/llvm-4/llvm/include/llvm/Support/Casting.h:20,
                 from /scratch/chenyuan-data/SAGEN/llvm/llvm-4/clang/include/clang/Basic/LLVM.h:21,
                 from /scratch/chenyuan-data/SAGEN/llvm/llvm-4/clang/include/clang/AST/APValue.h:16,
                 from /scratch/chenyuan-data/SAGEN/llvm/llvm-4/clang/include/clang/AST/Stmt.h:16,
                 from /scratch/chenyuan-data/SAGEN/llvm/llvm-4/clang/include/clang/Analysis/PathDiagnostic.h:16,
                 from /scratch/chenyuan-data/SAGEN/llvm/llvm-4/clang/include/clang/StaticAnalyzer/Core/BugReporter/BugReporter.h:17,
                 from /scratch/chenyuan-data/SAGEN/llvm/llvm-4/clang/lib/Analysis/plugins/SAGenTestHandling/SAGenTestChecker.cpp:1:
/usr/include/c++/11/bits/shared_ptr.h:499:5: note: candidate: ‘template<class _Tp> bool std::operator<(const std::shared_ptr<_Tp>&, std::nullptr_t)’
  499 |     operator<(const shared_ptr<_Tp>& __a, nullptr_t) noexcept
      |     ^~~~~~~~
/usr/include/c++/11/bits/shared_ptr.h:499:5: note:   template argument deduction/substitution failed:
In file included from /usr/include/c++/11/bits/unique_ptr.h:38,
                 from /usr/include/c++/11/memory:76,
                 from /scratch/chenyuan-data/SAGEN/llvm/llvm-4/llvm/include/llvm/Support/Casting.h:20,
                 from /scratch/chenyuan-data/SAGEN/llvm/llvm-4/clang/include/clang/Basic/LLVM.h:21,
                 from /scratch/chenyuan-data/SAGEN/llvm/llvm-4/clang/include/clang/AST/APValue.h:16,
                 from /scratch/chenyuan-data/SAGEN/llvm/llvm-4/clang/include/clang/AST/Stmt.h:16,
                 from /scratch/chenyuan-data/SAGEN/llvm/llvm-4/clang/include/clang/Analysis/PathDiagnostic.h:16,
                 from /scratch/chenyuan-data/SAGEN/llvm/llvm-4/clang/include/clang/StaticAnalyzer/Core/BugReporter/BugReporter.h:17,
                 from /scratch/chenyuan-data/SAGEN/llvm/llvm-4/clang/lib/Analysis/plugins/SAGenTestHandling/SAGenTestChecker.cpp:1:
/usr/include/c++/11/bits/stl_function.h:400:20: note:   ‘const FieldKey’ is not derived from ‘const std::shared_ptr<_Tp>’
  400 |       { return __x < __y; }
      |                ~~~~^~~~~
In file included from /usr/include/c++/11/memory:77,
                 from /scratch/chenyuan-data/SAGEN/llvm/llvm-4/llvm/include/llvm/Support/Casting.h:20,
                 from /scratch/chenyuan-data/SAGEN/llvm/llvm-4/clang/include/clang/Basic/LLVM.h:21,
                 from /scratch/chenyuan-data/SAGEN/llvm/llvm-4/clang/include/clang/AST/APValue.h:16,
                 from /scratch/chenyuan-data/SAGEN/llvm/llvm-4/clang/include/clang/AST/Stmt.h:16,
                 from /scratch/chenyuan-data/SAGEN/llvm/llvm-4/clang/include/clang/Analysis/PathDiagnostic.h:16,
                 from /scratch/chenyuan-data/SAGEN/llvm/llvm-4/clang/include/clang/StaticAnalyzer/Core/BugReporter/BugReporter.h:17,
                 from /scratch/chenyuan-data/SAGEN/llvm/llvm-4/clang/lib/Analysis/plugins/SAGenTestHandling/SAGenTestChecker.cpp:1:
/usr/include/c++/11/bits/shared_ptr.h:508:5: note: candidate: ‘template<class _Tp> bool std::operator<(std::nullptr_t, const std::shared_ptr<_Tp>&)’
  508 |     operator<(nullptr_t, const shared_ptr<_Tp>& __a) noexcept
      |     ^~~~~~~~
/usr/include/c++/11/bits/shared_ptr.h:508:5: note:   template argument deduction/substitution failed:
In file included from /usr/include/c++/11/bits/unique_ptr.h:38,
                 from /usr/include/c++/11/memory:76,
                 from /scratch/chenyuan-data/SAGEN/llvm/llvm-4/llvm/include/llvm/Support/Casting.h:20,
                 from /scratch/chenyuan-data/SAGEN/llvm/llvm-4/clang/include/clang/Basic/LLVM.h:21,
                 from /scratch/chenyuan-data/SAGEN/llvm/llvm-4/clang/include/clang/AST/APValue.h:16,
                 from /scratch/chenyuan-data/SAGEN/llvm/llvm-4/clang/include/clang/AST/Stmt.h:16,
                 from /scratch/chenyuan-data/SAGEN/llvm/llvm-4/clang/include/clang/Analysis/PathDiagnostic.h:16,
                 from /scratch/chenyuan-data/SAGEN/llvm/llvm-4/clang/include/clang/StaticAnalyzer/Core/BugReporter/BugReporter.h:17,
                 from /scratch/chenyuan-data/SAGEN/llvm/llvm-4/clang/lib/Analysis/plugins/SAGenTestHandling/SAGenTestChecker.cpp:1:
/usr/include/c++/11/bits/stl_function.h:400:20: note:   ‘const FieldKey’ is not derived from ‘const std::shared_ptr<_Tp>’
  400 |       { return __x < __y; }
      |                ~~~~^~~~~
In file included from /scratch/chenyuan-data/SAGEN/llvm/llvm-4/llvm/include/llvm/Support/Casting.h:21,
                 from /scratch/chenyuan-data/SAGEN/llvm/llvm-4/clang/include/clang/Basic/LLVM.h:21,
                 from /scratch/chenyuan-data/SAGEN/llvm/llvm-4/clang/include/clang/AST/APValue.h:16,
                 from /scratch/chenyuan-data/SAGEN/llvm/llvm-4/clang/include/clang/AST/Stmt.h:16,
                 from /scratch/chenyuan-data/SAGEN/llvm/llvm-4/clang/include/clang/Analysis/PathDiagnostic.h:16,
                 from /scratch/chenyuan-data/SAGEN/llvm/llvm-4/clang/include/clang/StaticAnalyzer/Core/BugReporter/BugReporter.h:17,
                 from /scratch/chenyuan-data/SAGEN/llvm/llvm-4/clang/lib/Analysis/plugins/SAGenTestHandling/SAGenTestChecker.cpp:1:
/usr/include/c++/11/optional:1063:5: note: candidate: ‘template<class _Tp, class _Up> constexpr std::__optional_lt_t<_Tp, _Up> std::operator<(const std::optional<_Tp>&, const std::optional<_Up>&)’
 1063 |     operator<(const optional<_Tp>& __lhs, const optional<_Up>& __rhs)
      |     ^~~~~~~~
/usr/include/c++/11/optional:1063:5: note:   template argument deduction/substitution failed:
In file included from /usr/include/c++/11/bits/unique_ptr.h:38,
                 from /usr/include/c++/11/memory:76,
                 from /scratch/chenyuan-data/SAGEN/llvm/llvm-4/llvm/include/llvm/Support/Casting.h:20,
                 from /scratch/chenyuan-data/SAGEN/llvm/llvm-4/clang/include/clang/Basic/LLVM.h:21,
                 from /scratch/chenyuan-data/SAGEN/llvm/llvm-4/clang/include/clang/AST/APValue.h:16,
                 from /scratch/chenyuan-data/SAGEN/llvm/llvm-4/clang/include/clang/AST/Stmt.h:16,
                 from /scratch/chenyuan-data/SAGEN/llvm/llvm-4/clang/include/clang/Analysis/PathDiagnostic.h:16,
                 from /scratch/chenyuan-data/SAGEN/llvm/llvm-4/clang/include/clang/StaticAnalyzer/Core/BugReporter/BugReporter.h:17,
                 from /scratch/chenyuan-data/SAGEN/llvm/llvm-4/clang/lib/Analysis/plugins/SAGenTestHandling/SAGenTestChecker.cpp:1:
/usr/include/c++/11/bits/stl_function.h:400:20: note:   ‘const FieldKey’ is not derived from ‘const std::optional<_Tp>’
  400 |       { return __x < __y; }
      |                ~~~~^~~~~
In file included from /scratch/chenyuan-data/SAGEN/llvm/llvm-4/llvm/include/llvm/Support/Casting.h:21,
                 from /scratch/chenyuan-data/SAGEN/llvm/llvm-4/clang/include/clang/Basic/LLVM.h:21,
                 from /scratch/chenyuan-data/SAGEN/llvm/llvm-4/clang/include/clang/AST/APValue.h:16,
                 from /scratch/chenyuan-data/SAGEN/llvm/llvm-4/clang/include/clang/AST/Stmt.h:16,
                 from /scratch/chenyuan-data/SAGEN/llvm/llvm-4/clang/include/clang/Analysis/PathDiagnostic.h:16,
                 from /scratch/chenyuan-data/SAGEN/llvm/llvm-4/clang/include/clang/StaticAnalyzer/Core/BugReporter/BugReporter.h:17,
                 from /scratch/chenyuan-data/SAGEN/llvm/llvm-4/clang/lib/Analysis/plugins/SAGenTestHandling/SAGenTestChecker.cpp:1:
/usr/include/c++/11/optional:1131:5: note: candidate: ‘template<class _Tp> constexpr bool std::operator<(const std::optional<_Tp>&, std::nullopt_t)’
 1131 |     operator<(const optional<_Tp>& /* __lhs */, nullopt_t) noexcept
      |     ^~~~~~~~
/usr/include/c++/11/optional:1131:5: note:   template argument deduction/substitution failed:
In file included from /usr/include/c++/11/bits/unique_ptr.h:38,
                 from /usr/include/c++/11/memory:76,
                 from /scratch/chenyuan-data/SAGEN/llvm/llvm-4/llvm/include/llvm/Support/Casting.h:20,
                 from /scratch/chenyuan-data/SAGEN/llvm/llvm-4/clang/include/clang/Basic/LLVM.h:21,
                 from /scratch/chenyuan-data/SAGEN/llvm/llvm-4/clang/include/clang/AST/APValue.h:16,
                 from /scratch/chenyuan-data/SAGEN/llvm/llvm-4/clang/include/clang/AST/Stmt.h:16,
                 from /scratch/chenyuan-data/SAGEN/llvm/llvm-4/clang/include/clang/Analysis/PathDiagnostic.h:16,
                 from /scratch/chenyuan-data/SAGEN/llvm/llvm-4/clang/include/clang/StaticAnalyzer/Core/BugReporter/BugReporter.h:17,
                 from /scratch/chenyuan-data/SAGEN/llvm/llvm-4/clang/lib/Analysis/plugins/SAGenTestHandling/SAGenTestChecker.cpp:1:
/usr/include/c++/11/bits/stl_function.h:400:20: note:   ‘const FieldKey’ is not derived from ‘const std::optional<_Tp>’
  400 |       { return __x < __y; }
      |                ~~~~^~~~~
In file included from /scratch/chenyuan-data/SAGEN/llvm/llvm-4/llvm/include/llvm/Support/Casting.h:21,
                 from /scratch/chenyuan-data/SAGEN/llvm/llvm-4/clang/include/clang/Basic/LLVM.h:21,
                 from /scratch/chenyuan-data/SAGEN/llvm/llvm-4/clang/include/clang/AST/APValue.h:16,
                 from /scratch/chenyuan-data/SAGEN/llvm/llvm-4/clang/include/clang/AST/Stmt.h:16,
                 from /scratch/chenyuan-data/SAGEN/llvm/llvm-4/clang/include/clang/Analysis/PathDiagnostic.h:16,
                 from /scratch/chenyuan-data/SAGEN/llvm/llvm-4/clang/include/clang/StaticAnalyzer/Core/BugReporter/BugReporter.h:17,
                 from /scratch/chenyuan-data/SAGEN/llvm/llvm-4/clang/lib/Analysis/plugins/SAGenTestHandling/SAGenTestChecker.cpp:1:
/usr/include/c++/11/optional:1136:5: note: candidate: ‘template<class _Tp> constexpr bool std::operator<(std::nullopt_t, const std::optional<_Tp>&)’
 1136 |     operator<(nullopt_t, const optional<_Tp>& __rhs) noexcept
      |     ^~~~~~~~
/usr/include/c++/11/optional:1136:5: note:   template argument deduction/substitution failed:
In file included from /usr/include/c++/11/bits/unique_ptr.h:38,
                 from /usr/include/c++/11/memory:76,
                 from /scratch/chenyuan-data/SAGEN/llvm/llvm-4/llvm/include/llvm/Support/Casting.h:20,
                 from /scratch/chenyuan-data/SAGEN/llvm/llvm-4/clang/include/clang/Basic/LLVM.h:21,
                 from /scratch/chenyuan-data/SAGEN/llvm/llvm-4/clang/include/clang/AST/APValue.h:16,
                 from /scratch/chenyuan-data/SAGEN/llvm/llvm-4/clang/include/clang/AST/Stmt.h:16,
                 from /scratch/chenyuan-data/SAGEN/llvm/llvm-4/clang/include/clang/Analysis/PathDiagnostic.h:16,
                 from /scratch/chenyuan-data/SAGEN/llvm/llvm-4/clang/include/clang/StaticAnalyzer/Core/BugReporter/BugReporter.h:17,
                 from /scratch/chenyuan-data/SAGEN/llvm/llvm-4/clang/lib/Analysis/plugins/SAGenTestHandling/SAGenTestChecker.cpp:1:
/usr/include/c++/11/bits/stl_function.h:400:20: note:   ‘const FieldKey’ is not derived from ‘const std::optional<_Tp>’
  400 |       { return __x < __y; }
      |                ~~~~^~~~~
In file included from /scratch/chenyuan-data/SAGEN/llvm/llvm-4/llvm/include/llvm/Support/Casting.h:21,
                 from /scratch/chenyuan-data/SAGEN/llvm/llvm-4/clang/include/clang/Basic/LLVM.h:21,
                 from /scratch/chenyuan-data/SAGEN/llvm/llvm-4/clang/include/clang/AST/APValue.h:16,
                 from /scratch/chenyuan-data/SAGEN/llvm/llvm-4/clang/include/clang/AST/Stmt.h:16,
                 from /scratch/chenyuan-data/SAGEN/llvm/llvm-4/clang/include/clang/Analysis/PathDiagnostic.h:16,
                 from /scratch/chenyuan-data/SAGEN/llvm/llvm-4/clang/include/clang/StaticAnalyzer/Core/BugReporter/BugReporter.h:17,
                 from /scratch/chenyuan-data/SAGEN/llvm/llvm-4/clang/lib/Analysis/plugins/SAGenTestHandling/SAGenTestChecker.cpp:1:
/usr/include/c++/11/optional:1197:5: note: candidate: ‘template<class _Tp, class _Up> constexpr std::__optional_lt_t<_Tp, _Up> std::operator<(const std::optional<_Tp>&, const _Up&)’
 1197 |     operator<(const optional<_Tp>& __lhs, const _Up& __rhs)
      |     ^~~~~~~~
/usr/include/c++/11/optional:1197:5: note:   template argument deduction/substitution failed:
In file included from /usr/include/c++/11/bits/unique_ptr.h:38,
                 from /usr/include/c++/11/memory:76,
                 from /scratch/chenyuan-data/SAGEN/llvm/llvm-4/llvm/include/llvm/Support/Casting.h:20,
                 from /scratch/chenyuan-data/SAGEN/llvm/llvm-4/clang/include/clang/Basic/LLVM.h:21,
                 from /scratch/chenyuan-data/SAGEN/llvm/llvm-4/clang/include/clang/AST/APValue.h:16,
                 from /scratch/chenyuan-data/SAGEN/llvm/llvm-4/clang/include/clang/AST/Stmt.h:16,
                 from /scratch/chenyuan-data/SAGEN/llvm/llvm-4/clang/include/clang/Analysis/PathDiagnostic.h:16,
                 from /scratch/chenyuan-data/SAGEN/llvm/llvm-4/clang/include/clang/StaticAnalyzer/Core/BugReporter/BugReporter.h:17,
                 from /scratch/chenyuan-data/SAGEN/llvm/llvm-4/clang/lib/Analysis/plugins/SAGenTestHandling/SAGenTestChecker.cpp:1:
/usr/include/c++/11/bits/stl_function.h:400:20: note:   ‘const FieldKey’ is not derived from ‘const std::optional<_Tp>’
  400 |       { return __x < __y; }
      |                ~~~~^~~~~
In file included from /scratch/chenyuan-data/SAGEN/llvm/llvm-4/llvm/include/llvm/Support/Casting.h:21,
                 from /scratch/chenyuan-data/SAGEN/llvm/llvm-4/clang/include/clang/Basic/LLVM.h:21,
                 from /scratch/chenyuan-data/SAGEN/llvm/llvm-4/clang/include/clang/AST/APValue.h:16,
                 from /scratch/chenyuan-data/SAGEN/llvm/llvm-4/clang/include/clang/AST/Stmt.h:16,
                 from /scratch/chenyuan-data/SAGEN/llvm/llvm-4/clang/include/clang/Analysis/PathDiagnostic.h:16,
                 from /scratch/chenyuan-data/SAGEN/llvm/llvm-4/clang/include/clang/StaticAnalyzer/Core/BugReporter/BugReporter.h:17,
                 from /scratch/chenyuan-data/SAGEN/llvm/llvm-4/clang/lib/Analysis/plugins/SAGenTestHandling/SAGenTestChecker.cpp:1:
/usr/include/c++/11/optional:1203:5: note: candidate: ‘template<class _Tp, class _Up> constexpr std::__optional_lt_t<_Up, _Tp> std::operator<(const _Up&, const std::optional<_Tp>&)’
 1203 |     operator<(const _Up& __lhs, const optional<_Tp>& __rhs)
      |     ^~~~~~~~
/usr/include/c++/11/optional:1203:5: note:   template argument deduction/substitution failed:
In file included from /usr/include/c++/11/bits/unique_ptr.h:38,
                 from /usr/include/c++/11/memory:76,
                 from /scratch/chenyuan-data/SAGEN/llvm/llvm-4/llvm/include/llvm/Support/Casting.h:20,
                 from /scratch/chenyuan-data/SAGEN/llvm/llvm-4/clang/include/clang/Basic/LLVM.h:21,
                 from /scratch/chenyuan-data/SAGEN/llvm/llvm-4/clang/include/clang/AST/APValue.h:16,
                 from /scratch/chenyuan-data/SAGEN/llvm/llvm-4/clang/include/clang/AST/Stmt.h:16,
                 from /scratch/chenyuan-data/SAGEN/llvm/llvm-4/clang/include/clang/Analysis/PathDiagnostic.h:16,
                 from /scratch/chenyuan-data/SAGEN/llvm/llvm-4/clang/include/clang/StaticAnalyzer/Core/BugReporter/BugReporter.h:17,
                 from /scratch/chenyuan-data/SAGEN/llvm/llvm-4/clang/lib/Analysis/plugins/SAGenTestHandling/SAGenTestChecker.cpp:1:
/usr/include/c++/11/bits/stl_function.h:400:20: note:   ‘const FieldKey’ is not derived from ‘const std::optional<_Tp>’
  400 |       { return __x < __y; }
      |                ~~~~^~~~~
In file included from /usr/include/c++/11/vector:67,
                 from /usr/include/c++/11/functional:62,
                 from /usr/include/c++/11/pstl/glue_algorithm_defs.h:13,
                 from /usr/include/c++/11/algorithm:74,
                 from /scratch/chenyuan-data/SAGEN/llvm/llvm-4/llvm/include/llvm/ADT/SmallVector.h:19,
                 from /scratch/chenyuan-data/SAGEN/llvm/llvm-4/clang/include/clang/Basic/LLVM.h:24,
                 from /scratch/chenyuan-data/SAGEN/llvm/llvm-4/clang/include/clang/AST/APValue.h:16,
                 from /scratch/chenyuan-data/SAGEN/llvm/llvm-4/clang/include/clang/AST/Stmt.h:16,
                 from /scratch/chenyuan-data/SAGEN/llvm/llvm-4/clang/include/clang/Analysis/PathDiagnostic.h:16,
                 from /scratch/chenyuan-data/SAGEN/llvm/llvm-4/clang/include/clang/StaticAnalyzer/Core/BugReporter/BugReporter.h:17,
                 from /scratch/chenyuan-data/SAGEN/llvm/llvm-4/clang/lib/Analysis/plugins/SAGenTestHandling/SAGenTestChecker.cpp:1:
/usr/include/c++/11/bits/stl_vector.h:1930:5: note: candidate: ‘template<class _Tp, class _Alloc> bool std::operator<(const std::vector<_Tp, _Alloc>&, const std::vector<_Tp, _Alloc>&)’
 1930 |     operator<(const vector<_Tp, _Alloc>& __x, const vector<_Tp, _Alloc>& __y)
      |     ^~~~~~~~
/usr/include/c++/11/bits/stl_vector.h:1930:5: note:   template argument deduction/substitution failed:
In file included from /usr/include/c++/11/bits/unique_ptr.h:38,
                 from /usr/include/c++/11/memory:76,
                 from /scratch/chenyuan-data/SAGEN/llvm/llvm-4/llvm/include/llvm/Support/Casting.h:20,
                 from /scratch/chenyuan-data/SAGEN/llvm/llvm-4/clang/include/clang/Basic/LLVM.h:21,
                 from /scratch/chenyuan-data/SAGEN/llvm/llvm-4/clang/include/clang/AST/APValue.h:16,
                 from /scratch/chenyuan-data/SAGEN/llvm/llvm-4/clang/include/clang/AST/Stmt.h:16,
                 from /scratch/chenyuan-data/SAGEN/llvm/llvm-4/clang/include/clang/Analysis/PathDiagnostic.h:16,
                 from /scratch/chenyuan-data/SAGEN/llvm/llvm-4/clang/include/clang/StaticAnalyzer/Core/BugReporter/BugReporter.h:17,
                 from /scratch/chenyuan-data/SAGEN/llvm/llvm-4/clang/lib/Analysis/plugins/SAGenTestHandling/SAGenTestChecker.cpp:1:
/usr/include/c++/11/bits/stl_function.h:400:20: note:   ‘const FieldKey’ is not derived from ‘const std::vector<_Tp, _Alloc>’
  400 |       { return __x < __y; }
      |                ~~~~^~~~~
In file included from /usr/include/c++/11/bits/basic_string.h:48,
                 from /usr/include/c++/11/string:55,
                 from /usr/include/c++/11/bits/locale_classes.h:40,
                 from /usr/include/c++/11/bits/ios_base.h:41,
                 from /usr/include/c++/11/streambuf:41,
                 from /usr/include/c++/11/bits/streambuf_iterator.h:35,
                 from /usr/include/c++/11/iterator:66,
                 from /scratch/chenyuan-data/SAGEN/llvm/llvm-4/llvm/include/llvm/ADT/SmallVector.h:26,
                 from /scratch/chenyuan-data/SAGEN/llvm/llvm-4/clang/include/clang/Basic/LLVM.h:24,
                 from /scratch/chenyuan-data/SAGEN/llvm/llvm-4/clang/include/clang/AST/APValue.h:16,
                 from /scratch/chenyuan-data/SAGEN/llvm/llvm-4/clang/include/clang/AST/Stmt.h:16,
                 from /scratch/chenyuan-data/SAGEN/llvm/llvm-4/clang/include/clang/Analysis/PathDiagnostic.h:16,
                 from /scratch/chenyuan-data/SAGEN/llvm/llvm-4/clang/include/clang/StaticAnalyzer/Core/BugReporter/BugReporter.h:17,
                 from /scratch/chenyuan-data/SAGEN/llvm/llvm-4/clang/lib/Analysis/plugins/SAGenTestHandling/SAGenTestChecker.cpp:1:
/usr/include/c++/11/string_view:589:5: note: candidate: ‘template<class _CharT, class _Traits> constexpr bool std::operator<(std::basic_string_view<_CharT, _Traits>, std::basic_string_view<_CharT, _Traits>)’
  589 |     operator< (basic_string_view<_CharT, _Traits> __x,
      |     ^~~~~~~~
/usr/include/c++/11/string_view:589:5: note:   template argument deduction/substitution failed:
In file included from /usr/include/c++/11/bits/unique_ptr.h:38,
                 from /usr/include/c++/11/memory:76,
                 from /scratch/chenyuan-data/SAGEN/llvm/llvm-4/llvm/include/llvm/Support/Casting.h:20,
                 from /scratch/chenyuan-data/SAGEN/llvm/llvm-4/clang/include/clang/Basic/LLVM.h:21,
                 from /scratch/chenyuan-data/SAGEN/llvm/llvm-4/clang/include/clang/AST/APValue.h:16,
                 from /scratch/chenyuan-data/SAGEN/llvm/llvm-4/clang/include/clang/AST/Stmt.h:16,
                 from /scratch/chenyuan-data/SAGEN/llvm/llvm-4/clang/include/clang/Analysis/PathDiagnostic.h:16,
                 from /scratch/chenyuan-data/SAGEN/llvm/llvm-4/clang/include/clang/StaticAnalyzer/Core/BugReporter/BugReporter.h:17,
                 from /scratch/chenyuan-data/SAGEN/llvm/llvm-4/clang/lib/Analysis/plugins/SAGenTestHandling/SAGenTestChecker.cpp:1:
/usr/include/c++/11/bits/stl_function.h:400:20: note:   ‘FieldKey’ is not derived from ‘std::basic_string_view<_CharT, _Traits>’
  400 |       { return __x < __y; }
      |                ~~~~^~~~~
In file included from /usr/include/c++/11/bits/basic_string.h:48,
                 from /usr/include/c++/11/string:55,
                 from /usr/include/c++/11/bits/locale_classes.h:40,
                 from /usr/include/c++/11/bits/ios_base.h:41,
                 from /usr/include/c++/11/streambuf:41,
                 from /usr/include/c++/11/bits/streambuf_iterator.h:35,
                 from /usr/include/c++/11/iterator:66,
                 from /scratch/chenyuan-data/SAGEN/llvm/llvm-4/llvm/include/llvm/ADT/SmallVector.h:26,
                 from /scratch/chenyuan-data/SAGEN/llvm/llvm-4/clang/include/clang/Basic/LLVM.h:24,
                 from /scratch/chenyuan-data/SAGEN/llvm/llvm-4/clang/include/clang/AST/APValue.h:16,
                 from /scratch/chenyuan-data/SAGEN/llvm/llvm-4/clang/include/clang/AST/Stmt.h:16,
                 from /scratch/chenyuan-data/SAGEN/llvm/llvm-4/clang/include/clang/Analysis/PathDiagnostic.h:16,
                 from /scratch/chenyuan-data/SAGEN/llvm/llvm-4/clang/include/clang/StaticAnalyzer/Core/BugReporter/BugReporter.h:17,
                 from /scratch/chenyuan-data/SAGEN/llvm/llvm-4/clang/lib/Analysis/plugins/SAGenTestHandling/SAGenTestChecker.cpp:1:
/usr/include/c++/11/string_view:595:5: note: candidate: ‘template<class _CharT, class _Traits> constexpr bool std::operator<(std::basic_string_view<_CharT, _Traits>, std::__type_identity_t<std::basic_string_view<_CharT, _Traits> >)’
  595 |     operator< (basic_string_view<_CharT, _Traits> __x,
      |     ^~~~~~~~
/usr/include/c++/11/string_view:595:5: note:   template argument deduction/substitution failed:
In file included from /usr/include/c++/11/bits/unique_ptr.h:38,
                 from /usr/include/c++/11/memory:76,
                 from /scratch/chenyuan-data/SAGEN/llvm/llvm-4/llvm/include/llvm/Support/Casting.h:20,
                 from /scratch/chenyuan-data/SAGEN/llvm/llvm-4/clang/include/clang/Basic/LLVM.h:21,
                 from /scratch/chenyuan-data/SAGEN/llvm/llvm-4/clang/include/clang/AST/APValue.h:16,
                 from /scratch/chenyuan-data/SAGEN/llvm/llvm-4/clang/include/clang/AST/Stmt.h:16,
                 from /scratch/chenyuan-data/SAGEN/llvm/llvm-4/clang/include/clang/Analysis/PathDiagnostic.h:16,
                 from /scratch/chenyuan-data/SAGEN/llvm/llvm-4/clang/include/clang/StaticAnalyzer/Core/BugReporter/BugReporter.h:17,
                 from /scratch/chenyuan-data/SAGEN/llvm/llvm-4/clang/lib/Analysis/plugins/SAGenTestHandling/SAGenTestChecker.cpp:1:
/usr/include/c++/11/bits/stl_function.h:400:20: note:   ‘FieldKey’ is not derived from ‘std::basic_string_view<_CharT, _Traits>’
  400 |       { return __x < __y; }
      |                ~~~~^~~~~
In file included from /usr/include/c++/11/bits/basic_string.h:48,
                 from /usr/include/c++/11/string:55,
                 from /usr/include/c++/11/bits/locale_classes.h:40,
                 from /usr/include/c++/11/bits/ios_base.h:41,
                 from /usr/include/c++/11/streambuf:41,
                 from /usr/include/c++/11/bits/streambuf_iterator.h:35,
                 from /usr/include/c++/11/iterator:66,
                 from /scratch/chenyuan-data/SAGEN/llvm/llvm-4/llvm/include/llvm/ADT/SmallVector.h:26,
                 from /scratch/chenyuan-data/SAGEN/llvm/llvm-4/clang/include/clang/Basic/LLVM.h:24,
                 from /scratch/chenyuan-data/SAGEN/llvm/llvm-4/clang/include/clang/AST/APValue.h:16,
                 from /scratch/chenyuan-data/SAGEN/llvm/llvm-4/clang/include/clang/AST/Stmt.h:16,
                 from /scratch/chenyuan-data/SAGEN/llvm/llvm-4/clang/include/clang/Analysis/PathDiagnostic.h:16,
                 from /scratch/chenyuan-data/SAGEN/llvm/llvm-4/clang/include/clang/StaticAnalyzer/Core/BugReporter/BugReporter.h:17,
                 from /scratch/chenyuan-data/SAGEN/llvm/llvm-4/clang/lib/Analysis/plugins/SAGenTestHandling/SAGenTestChecker.cpp:1:
/usr/include/c++/11/string_view:602:5: note: candidate: ‘template<class _CharT, class _Traits> constexpr bool std::operator<(std::__type_identity_t<std::basic_string_view<_CharT, _Traits> >, std::basic_string_view<_CharT, _Traits>)’
  602 |     operator< (__type_identity_t<basic_string_view<_CharT, _Traits>> __x,
      |     ^~~~~~~~
/usr/include/c++/11/string_view:602:5: note:   template argument deduction/substitution failed:
In file included from /usr/include/c++/11/bits/unique_ptr.h:38,
                 from /usr/include/c++/11/memory:76,
                 from /scratch/chenyuan-data/SAGEN/llvm/llvm-4/llvm/include/llvm/Support/Casting.h:20,
                 from /scratch/chenyuan-data/SAGEN/llvm/llvm-4/clang/include/clang/Basic/LLVM.h:21,
                 from /scratch/chenyuan-data/SAGEN/llvm/llvm-4/clang/include/clang/AST/APValue.h:16,
                 from /scratch/chenyuan-data/SAGEN/llvm/llvm-4/clang/include/clang/AST/Stmt.h:16,
                 from /scratch/chenyuan-data/SAGEN/llvm/llvm-4/clang/include/clang/Analysis/PathDiagnostic.h:16,
                 from /scratch/chenyuan-data/SAGEN/llvm/llvm-4/clang/include/clang/StaticAnalyzer/Core/BugReporter/BugReporter.h:17,
                 from /scratch/chenyuan-data/SAGEN/llvm/llvm-4/clang/lib/Analysis/plugins/SAGenTestHandling/SAGenTestChecker.cpp:1:
/usr/include/c++/11/bits/stl_function.h:400:20: note:   ‘FieldKey’ is not derived from ‘std::basic_string_view<_CharT, _Traits>’
  400 |       { return __x < __y; }
      |                ~~~~^~~~~
In file included from /usr/include/c++/11/string:55,
                 from /usr/include/c++/11/bits/locale_classes.h:40,
                 from /usr/include/c++/11/bits/ios_base.h:41,
                 from /usr/include/c++/11/streambuf:41,
                 from /usr/include/c++/11/bits/streambuf_iterator.h:35,
                 from /usr/include/c++/11/iterator:66,
                 from /scratch/chenyuan-data/SAGEN/llvm/llvm-4/llvm/include/llvm/ADT/SmallVector.h:26,
                 from /scratch/chenyuan-data/SAGEN/llvm/llvm-4/clang/include/clang/Basic/LLVM.h:24,
                 from /scratch/chenyuan-data/SAGEN/llvm/llvm-4/clang/include/clang/AST/APValue.h:16,
                 from /scratch/chenyuan-data/SAGEN/llvm/llvm-4/clang/include/clang/AST/Stmt.h:16,
                 from /scratch/chenyuan-data/SAGEN/llvm/llvm-4/clang/include/clang/Analysis/PathDiagnostic.h:16,
                 from /scratch/chenyuan-data/SAGEN/llvm/llvm-4/clang/include/clang/StaticAnalyzer/Core/BugReporter/BugReporter.h:17,
                 from /scratch/chenyuan-data/SAGEN/llvm/llvm-4/clang/lib/Analysis/plugins/SAGenTestHandling/SAGenTestChecker.cpp:1:
/usr/include/c++/11/bits/basic_string.h:6340:5: note: candidate: ‘template<class _CharT, class _Traits, class _Alloc> bool std::operator<(const std::__cxx11::basic_string<_CharT, _Traits, _Allocator>&, const std::__cxx11::basic_string<_CharT, _Traits, _Allocator>&)’
 6340 |     operator<(const basic_string<_CharT, _Traits, _Alloc>& __lhs,
      |     ^~~~~~~~
/usr/include/c++/11/bits/basic_string.h:6340:5: note:   template argument deduction/substitution failed:
In file included from /usr/include/c++/11/bits/unique_ptr.h:38,
                 from /usr/include/c++/11/memory:76,
                 from /scratch/chenyuan-data/SAGEN/llvm/llvm-4/llvm/include/llvm/Support/Casting.h:20,
                 from /scratch/chenyuan-data/SAGEN/llvm/llvm-4/clang/include/clang/Basic/LLVM.h:21,
                 from /scratch/chenyuan-data/SAGEN/llvm/llvm-4/clang/include/clang/AST/APValue.h:16,
                 from /scratch/chenyuan-data/SAGEN/llvm/llvm-4/clang/include/clang/AST/Stmt.h:16,
                 from /scratch/chenyuan-data/SAGEN/llvm/llvm-4/clang/include/clang/Analysis/PathDiagnostic.h:16,
                 from /scratch/chenyuan-data/SAGEN/llvm/llvm-4/clang/include/clang/StaticAnalyzer/Core/BugReporter/BugReporter.h:17,
                 from /scratch/chenyuan-data/SAGEN/llvm/llvm-4/clang/lib/Analysis/plugins/SAGenTestHandling/SAGenTestChecker.cpp:1:
/usr/include/c++/11/bits/stl_function.h:400:20: note:   ‘const FieldKey’ is not derived from ‘const std::__cxx11::basic_string<_CharT, _Traits, _Allocator>’
  400 |       { return __x < __y; }
      |                ~~~~^~~~~
In file included from /usr/include/c++/11/string:55,
                 from /usr/include/c++/11/bits/locale_classes.h:40,
                 from /usr/include/c++/11/bits/ios_base.h:41,
                 from /usr/include/c++/11/streambuf:41,
                 from /usr/include/c++/11/bits/streambuf_iterator.h:35,
                 from /usr/include/c++/11/iterator:66,
                 from /scratch/chenyuan-data/SAGEN/llvm/llvm-4/llvm/include/llvm/ADT/SmallVector.h:26,
                 from /scratch/chenyuan-data/SAGEN/llvm/llvm-4/clang/include/clang/Basic/LLVM.h:24,
                 from /scratch/chenyuan-data/SAGEN/llvm/llvm-4/clang/include/clang/AST/APValue.h:16,
                 from /scratch/chenyuan-data/SAGEN/llvm/llvm-4/clang/include/clang/AST/Stmt.h:16,
                 from /scratch/chenyuan-data/SAGEN/llvm/llvm-4/clang/include/clang/Analysis/PathDiagnostic.h:16,
                 from /scratch/chenyuan-data/SAGEN/llvm/llvm-4/clang/include/clang/StaticAnalyzer/Core/BugReporter/BugReporter.h:17,
                 from /scratch/chenyuan-data/SAGEN/llvm/llvm-4/clang/lib/Analysis/plugins/SAGenTestHandling/SAGenTestChecker.cpp:1:
/usr/include/c++/11/bits/basic_string.h:6353:5: note: candidate: ‘template<class _CharT, class _Traits, class _Alloc> bool std::operator<(const std::__cxx11::basic_string<_CharT, _Traits, _Allocator>&, const _CharT*)’
 6353 |     operator<(const basic_string<_CharT, _Traits, _Alloc>& __lhs,
      |     ^~~~~~~~
/usr/include/c++/11/bits/basic_string.h:6353:5: note:   template argument deduction/substitution failed:
In file included from /usr/include/c++/11/bits/unique_ptr.h:38,
                 from /usr/include/c++/11/memory:76,
                 from /scratch/chenyuan-data/SAGEN/llvm/llvm-4/llvm/include/llvm/Support/Casting.h:20,
                 from /scratch/chenyuan-data/SAGEN/llvm/llvm-4/clang/include/clang/Basic/LLVM.h:21,
                 from /scratch/chenyuan-data/SAGEN/llvm/llvm-4/clang/include/clang/AST/APValue.h:16,
                 from /scratch/chenyuan-data/SAGEN/llvm/llvm-4/clang/include/clang/AST/Stmt.h:16,
                 from /scratch/chenyuan-data/SAGEN/llvm/llvm-4/clang/include/clang/Analysis/PathDiagnostic.h:16,
                 from /scratch/chenyuan-data/SAGEN/llvm/llvm-4/clang/include/clang/StaticAnalyzer/Core/BugReporter/BugReporter.h:17,
                 from /scratch/chenyuan-data/SAGEN/llvm/llvm-4/clang/lib/Analysis/plugins/SAGenTestHandling/SAGenTestChecker.cpp:1:
/usr/include/c++/11/bits/stl_function.h:400:20: note:   ‘const FieldKey’ is not derived from ‘const std::__cxx11::basic_string<_CharT, _Traits, _Allocator>’
  400 |       { return __x < __y; }
      |                ~~~~^~~~~
In file included from /usr/include/c++/11/string:55,
                 from /usr/include/c++/11/bits/locale_classes.h:40,
                 from /usr/include/c++/11/bits/ios_base.h:41,
                 from /usr/include/c++/11/streambuf:41,
                 from /usr/include/c++/11/bits/streambuf_iterator.h:35,
                 from /usr/include/c++/11/iterator:66,
                 from /scratch/chenyuan-data/SAGEN/llvm/llvm-4/llvm/include/llvm/ADT/SmallVector.h:26,
                 from /scratch/chenyuan-data/SAGEN/llvm/llvm-4/clang/include/clang/Basic/LLVM.h:24,
                 from /scratch/chenyuan-data/SAGEN/llvm/llvm-4/clang/include/clang/AST/APValue.h:16,
                 from /scratch/chenyuan-data/SAGEN/llvm/llvm-4/clang/include/clang/AST/Stmt.h:16,
                 from /scratch/chenyuan-data/SAGEN/llvm/llvm-4/clang/include/clang/Analysis/PathDiagnostic.h:16,
                 from /scratch/chenyuan-data/SAGEN/llvm/llvm-4/clang/include/clang/StaticAnalyzer/Core/BugReporter/BugReporter.h:17,
                 from /scratch/chenyuan-data/SAGEN/llvm/llvm-4/clang/lib/Analysis/plugins/SAGenTestHandling/SAGenTestChecker.cpp:1:
/usr/include/c++/11/bits/basic_string.h:6365:5: note: candidate: ‘template<class _CharT, class _Traits, class _Alloc> bool std::operator<(const _CharT*, const std::__cxx11::basic_string<_CharT, _Traits, _Allocator>&)’
 6365 |     operator<(const _CharT* __lhs,
      |     ^~~~~~~~
/usr/include/c++/11/bits/basic_string.h:6365:5: note:   template argument deduction/substitution failed:
In file included from /usr/include/c++/11/bits/unique_ptr.h:38,
                 from /usr/include/c++/11/memory:76,
                 from /scratch/chenyuan-data/SAGEN/llvm/llvm-4/llvm/include/llvm/Support/Casting.h:20,
                 from /scratch/chenyuan-data/SAGEN/llvm/llvm-4/clang/include/clang/Basic/LLVM.h:21,
                 from /scratch/chenyuan-data/SAGEN/llvm/llvm-4/clang/include/clang/AST/APValue.h:16,
                 from /scratch/chenyuan-data/SAGEN/llvm/llvm-4/clang/include/clang/AST/Stmt.h:16,
                 from /scratch/chenyuan-data/SAGEN/llvm/llvm-4/clang/include/clang/Analysis/PathDiagnostic.h:16,
                 from /scratch/chenyuan-data/SAGEN/llvm/llvm-4/clang/include/clang/StaticAnalyzer/Core/BugReporter/BugReporter.h:17,
                 from /scratch/chenyuan-data/SAGEN/llvm/llvm-4/clang/lib/Analysis/plugins/SAGenTestHandling/SAGenTestChecker.cpp:1:
/usr/include/c++/11/bits/stl_function.h:400:20: note:   mismatched types ‘const _CharT*’ and ‘FieldKey’
  400 |       { return __x < __y; }
      |                ~~~~^~~~~
In file included from /usr/include/c++/11/map:61,
                 from /scratch/chenyuan-data/SAGEN/llvm/llvm-4/clang/include/clang/Basic/TargetCXXABI.h:18,
                 from /scratch/chenyuan-data/SAGEN/llvm/llvm-4/clang/include/clang/Basic/LangOptions.h:22,
                 from /scratch/chenyuan-data/SAGEN/llvm/llvm-4/clang/include/clang/AST/Stmt.h:25,
                 from /scratch/chenyuan-data/SAGEN/llvm/llvm-4/clang/include/clang/Analysis/PathDiagnostic.h:16,
                 from /scratch/chenyuan-data/SAGEN/llvm/llvm-4/clang/include/clang/StaticAnalyzer/Core/BugReporter/BugReporter.h:17,
                 from /scratch/chenyuan-data/SAGEN/llvm/llvm-4/clang/lib/Analysis/plugins/SAGenTestHandling/SAGenTestChecker.cpp:1:
/usr/include/c++/11/bits/stl_map.h:1501:5: note: candidate: ‘template<class _Key, class _Tp, class _Compare, class _Alloc> bool std::operator<(const std::map<_Key, _Tp, _Compare, _Allocator>&, const std::map<_Key, _Tp, _Compare, _Allocator>&)’
 1501 |     operator<(const map<_Key, _Tp, _Compare, _Alloc>& __x,
      |     ^~~~~~~~
/usr/include/c++/11/bits/stl_map.h:1501:5: note:   template argument deduction/substitution failed:
In file included from /usr/include/c++/11/bits/unique_ptr.h:38,
                 from /usr/include/c++/11/memory:76,
                 from /scratch/chenyuan-data/SAGEN/llvm/llvm-4/llvm/include/llvm/Support/Casting.h:20,
                 from /scratch/chenyuan-data/SAGEN/llvm/llvm-4/clang/include/clang/Basic/LLVM.h:21,
                 from /scratch/chenyuan-data/SAGEN/llvm/llvm-4/clang/include/clang/AST/APValue.h:16,
                 from /scratch/chenyuan-data/SAGEN/llvm/llvm-4/clang/include/clang/AST/Stmt.h:16,
                 from /scratch/chenyuan-data/SAGEN/llvm/llvm-4/clang/include/clang/Analysis/PathDiagnostic.h:16,
                 from /scratch/chenyuan-data/SAGEN/llvm/llvm-4/clang/include/clang/StaticAnalyzer/Core/BugReporter/BugReporter.h:17,
                 from /scratch/chenyuan-data/SAGEN/llvm/llvm-4/clang/lib/Analysis/plugins/SAGenTestHandling/SAGenTestChecker.cpp:1:
/usr/include/c++/11/bits/stl_function.h:400:20: note:   ‘const FieldKey’ is not derived from ‘const std::map<_Key, _Tp, _Compare, _Allocator>’
  400 |       { return __x < __y; }
      |                ~~~~^~~~~
In file included from /usr/include/c++/11/map:62,
                 from /scratch/chenyuan-data/SAGEN/llvm/llvm-4/clang/include/clang/Basic/TargetCXXABI.h:18,
                 from /scratch/chenyuan-data/SAGEN/llvm/llvm-4/clang/include/clang/Basic/LangOptions.h:22,
                 from /scratch/chenyuan-data/SAGEN/llvm/llvm-4/clang/include/clang/AST/Stmt.h:25,
                 from /scratch/chenyuan-data/SAGEN/llvm/llvm-4/clang/include/clang/Analysis/PathDiagnostic.h:16,
                 from /scratch/chenyuan-data/SAGEN/llvm/llvm-4/clang/include/clang/StaticAnalyzer/Core/BugReporter/BugReporter.h:17,
                 from /scratch/chenyuan-data/SAGEN/llvm/llvm-4/clang/lib/Analysis/plugins/SAGenTestHandling/SAGenTestChecker.cpp:1:
/usr/include/c++/11/bits/stl_multimap.h:1166:5: note: candidate: ‘template<class _Key, class _Tp, class _Compare, class _Alloc> bool std::operator<(const std::multimap<_Key, _Tp, _Compare, _Allocator>&, const std::multimap<_Key, _Tp, _Compare, _Allocator>&)’
 1166 |     operator<(const multimap<_Key, _Tp, _Compare, _Alloc>& __x,
      |     ^~~~~~~~
/usr/include/c++/11/bits/stl_multimap.h:1166:5: note:   template argument deduction/substitution failed:
In file included from /usr/include/c++/11/bits/unique_ptr.h:38,
                 from /usr/include/c++/11/memory:76,
                 from /scratch/chenyuan-data/SAGEN/llvm/llvm-4/llvm/include/llvm/Support/Casting.h:20,
                 from /scratch/chenyuan-data/SAGEN/llvm/llvm-4/clang/include/clang/Basic/LLVM.h:21,
                 from /scratch/chenyuan-data/SAGEN/llvm/llvm-4/clang/include/clang/AST/APValue.h:16,
                 from /scratch/chenyuan-data/SAGEN/llvm/llvm-4/clang/include/clang/AST/Stmt.h:16,
                 from /scratch/chenyuan-data/SAGEN/llvm/llvm-4/clang/include/clang/Analysis/PathDiagnostic.h:16,
                 from /scratch/chenyuan-data/SAGEN/llvm/llvm-4/clang/include/clang/StaticAnalyzer/Core/BugReporter/BugReporter.h:17,
                 from /scratch/chenyuan-data/SAGEN/llvm/llvm-4/clang/lib/Analysis/plugins/SAGenTestHandling/SAGenTestChecker.cpp:1:
/usr/include/c++/11/bits/stl_function.h:400:20: note:   ‘const FieldKey’ is not derived from ‘const std::multimap<_Key, _Tp, _Compare, _Allocator>’
  400 |       { return __x < __y; }
      |                ~~~~^~~~~
In file included from /usr/include/c++/11/list:63,
                 from /scratch/chenyuan-data/SAGEN/llvm/llvm-4/clang/include/clang/Basic/Diagnostic.h:31,
                 from /scratch/chenyuan-data/SAGEN/llvm/llvm-4/clang/include/clang/AST/NestedNameSpecifier.h:18,
                 from /scratch/chenyuan-data/SAGEN/llvm/llvm-4/clang/include/clang/AST/Type.h:21,
                 from /scratch/chenyuan-data/SAGEN/llvm/llvm-4/clang/include/clang/AST/DeclarationName.h:16,
                 from /scratch/chenyuan-data/SAGEN/llvm/llvm-4/clang/include/clang/AST/DeclBase.h:18,
                 from /scratch/chenyuan-data/SAGEN/llvm/llvm-4/clang/include/clang/Analysis/AnalysisDeclContext.h:20,
                 from /scratch/chenyuan-data/SAGEN/llvm/llvm-4/clang/include/clang/Analysis/PathDiagnostic.h:17,
                 from /scratch/chenyuan-data/SAGEN/llvm/llvm-4/clang/include/clang/StaticAnalyzer/Core/BugReporter/BugReporter.h:17,
                 from /scratch/chenyuan-data/SAGEN/llvm/llvm-4/clang/lib/Analysis/plugins/SAGenTestHandling/SAGenTestChecker.cpp:1:
/usr/include/c++/11/bits/stl_list.h:2085:5: note: candidate: ‘template<class _Tp, class _Alloc> bool std::operator<(const std::__cxx11::list<_Tp, _Alloc>&, const std::__cxx11::list<_Tp, _Alloc>&)’
 2085 |     operator<(const list<_Tp, _Alloc>& __x, const list<_Tp, _Alloc>& __y)
      |     ^~~~~~~~
/usr/include/c++/11/bits/stl_list.h:2085:5: note:   template argument deduction/substitution failed:
In file included from /usr/include/c++/11/bits/unique_ptr.h:38,
                 from /usr/include/c++/11/memory:76,
                 from /scratch/chenyuan-data/SAGEN/llvm/llvm-4/llvm/include/llvm/Support/Casting.h:20,
                 from /scratch/chenyuan-data/SAGEN/llvm/llvm-4/clang/include/clang/Basic/LLVM.h:21,
                 from /scratch/chenyuan-data/SAGEN/llvm/llvm-4/clang/include/clang/AST/APValue.h:16,
                 from /scratch/chenyuan-data/SAGEN/llvm/llvm-4/clang/include/clang/AST/Stmt.h:16,
                 from /scratch/chenyuan-data/SAGEN/llvm/llvm-4/clang/include/clang/Analysis/PathDiagnostic.h:16,
                 from /scratch/chenyuan-data/SAGEN/llvm/llvm-4/clang/include/clang/StaticAnalyzer/Core/BugReporter/BugReporter.h:17,
                 from /scratch/chenyuan-data/SAGEN/llvm/llvm-4/clang/lib/Analysis/plugins/SAGenTestHandling/SAGenTestChecker.cpp:1:
/usr/include/c++/11/bits/stl_function.h:400:20: note:   ‘const FieldKey’ is not derived from ‘const std::__cxx11::list<_Tp, _Alloc>’
  400 |       { return __x < __y; }
      |                ~~~~^~~~~
In file included from /usr/include/c++/11/deque:67,
                 from /scratch/chenyuan-data/SAGEN/llvm/llvm-4/clang/include/clang/Analysis/PathDiagnostic.h:27,
                 from /scratch/chenyuan-data/SAGEN/llvm/llvm-4/clang/include/clang/StaticAnalyzer/Core/BugReporter/BugReporter.h:17,
                 from /scratch/chenyuan-data/SAGEN/llvm/llvm-4/clang/lib/Analysis/plugins/SAGenTestHandling/SAGenTestChecker.cpp:1:
/usr/include/c++/11/bits/stl_deque.h:2285:5: note: candidate: ‘template<class _Tp, class _Alloc> bool std::operator<(const std::deque<_Tp, _Alloc>&, const std::deque<_Tp, _Alloc>&)’
 2285 |     operator<(const deque<_Tp, _Alloc>& __x, const deque<_Tp, _Alloc>& __y)
      |     ^~~~~~~~
/usr/include/c++/11/bits/stl_deque.h:2285:5: note:   template argument deduction/substitution failed:
In file included from /usr/include/c++/11/bits/unique_ptr.h:38,
                 from /usr/include/c++/11/memory:76,
                 from /scratch/chenyuan-data/SAGEN/llvm/llvm-4/llvm/include/llvm/Support/Casting.h:20,
                 from /scratch/chenyuan-data/SAGEN/llvm/llvm-4/clang/include/clang/Basic/LLVM.h:21,
                 from /scratch/chenyuan-data/SAGEN/llvm/llvm-4/clang/include/clang/AST/APValue.h:16,
                 from /scratch/chenyuan-data/SAGEN/llvm/llvm-4/clang/include/clang/AST/Stmt.h:16,
                 from /scratch/chenyuan-data/SAGEN/llvm/llvm-4/clang/include/clang/Analysis/PathDiagnostic.h:16,
                 from /scratch/chenyuan-data/SAGEN/llvm/llvm-4/clang/include/clang/StaticAnalyzer/Core/BugReporter/BugReporter.h:17,
                 from /scratch/chenyuan-data/SAGEN/llvm/llvm-4/clang/lib/Analysis/plugins/SAGenTestHandling/SAGenTestChecker.cpp:1:
/usr/include/c++/11/bits/stl_function.h:400:20: note:   ‘const FieldKey’ is not derived from ‘const std::deque<_Tp, _Alloc>’
  400 |       { return __x < __y; }
      |                ~~~~^~~~~
In file included from /usr/include/c++/11/set:61,
                 from /scratch/chenyuan-data/SAGEN/llvm/llvm-4/clang/include/clang/Analysis/PathDiagnostic.h:33,
                 from /scratch/chenyuan-data/SAGEN/llvm/llvm-4/clang/include/clang/StaticAnalyzer/Core/BugReporter/BugReporter.h:17,
                 from /scratch/chenyuan-data/SAGEN/llvm/llvm-4/clang/lib/Analysis/plugins/SAGenTestHandling/SAGenTestChecker.cpp:1:
/usr/include/c++/11/bits/stl_set.h:1023:5: note: candidate: ‘template<class _Key, class _Compare, class _Alloc> bool std::operator<(const std::set<_Key, _Compare, _Allocator>&, const std::set<_Key, _Compare, _Allocator>&)’
 1023 |     operator<(const set<_Key, _Compare, _Alloc>& __x,
      |     ^~~~~~~~
/usr/include/c++/11/bits/stl_set.h:1023:5: note:   template argument deduction/substitution failed:
In file included from /usr/include/c++/11/bits/unique_ptr.h:38,
                 from /usr/include/c++/11/memory:76,
                 from /scratch/chenyuan-data/SAGEN/llvm/llvm-4/llvm/include/llvm/Support/Casting.h:20,
                 from /scratch/chenyuan-data/SAGEN/llvm/llvm-4/clang/include/clang/Basic/LLVM.h:21,
                 from /scratch/chenyuan-data/SAGEN/llvm/llvm-4/clang/include/clang/AST/APValue.h:16,
                 from /scratch/chenyuan-data/SAGEN/llvm/llvm-4/clang/include/clang/AST/Stmt.h:16,
                 from /scratch/chenyuan-data/SAGEN/llvm/llvm-4/clang/include/clang/Analysis/PathDiagnostic.h:16,
                 from /scratch/chenyuan-data/SAGEN/llvm/llvm-4/clang/include/clang/StaticAnalyzer/Core/BugReporter/BugReporter.h:17,
                 from /scratch/chenyuan-data/SAGEN/llvm/llvm-4/clang/lib/Analysis/plugins/SAGenTestHandling/SAGenTestChecker.cpp:1:
/usr/include/c++/11/bits/stl_function.h:400:20: note:   ‘const FieldKey’ is not derived from ‘const std::set<_Key, _Compare, _Allocator>’
  400 |       { return __x < __y; }
      |                ~~~~^~~~~
In file included from /usr/include/c++/11/set:62,
                 from /scratch/chenyuan-data/SAGEN/llvm/llvm-4/clang/include/clang/Analysis/PathDiagnostic.h:33,
                 from /scratch/chenyuan-data/SAGEN/llvm/llvm-4/clang/include/clang/StaticAnalyzer/Core/BugReporter/BugReporter.h:17,
                 from /scratch/chenyuan-data/SAGEN/llvm/llvm-4/clang/lib/Analysis/plugins/SAGenTestHandling/SAGenTestChecker.cpp:1:
/usr/include/c++/11/bits/stl_multiset.h:1009:5: note: candidate: ‘template<class _Key, class _Compare, class _Alloc> bool std::operator<(const std::multiset<_Key, _Compare, _Allocator>&, const std::multiset<_Key, _Compare, _Allocator>&)’
 1009 |     operator<(const multiset<_Key, _Compare, _Alloc>& __x,
      |     ^~~~~~~~
/usr/include/c++/11/bits/stl_multiset.h:1009:5: note:   template argument deduction/substitution failed:
In file included from /usr/include/c++/11/bits/unique_ptr.h:38,
                 from /usr/include/c++/11/memory:76,
                 from /scratch/chenyuan-data/SAGEN/llvm/llvm-4/llvm/include/llvm/Support/Casting.h:20,
                 from /scratch/chenyuan-data/SAGEN/llvm/llvm-4/clang/include/clang/Basic/LLVM.h:21,
                 from /scratch/chenyuan-data/SAGEN/llvm/llvm-4/clang/include/clang/AST/APValue.h:16,
                 from /scratch/chenyuan-data/SAGEN/llvm/llvm-4/clang/include/clang/AST/Stmt.h:16,
                 from /scratch/chenyuan-data/SAGEN/llvm/llvm-4/clang/include/clang/Analysis/PathDiagnostic.h:16,
                 from /scratch/chenyuan-data/SAGEN/llvm/llvm-4/clang/include/clang/StaticAnalyzer/Core/BugReporter/BugReporter.h:17,
                 from /scratch/chenyuan-data/SAGEN/llvm/llvm-4/clang/lib/Analysis/plugins/SAGenTestHandling/SAGenTestChecker.cpp:1:
/usr/include/c++/11/bits/stl_function.h:400:20: note:   ‘const FieldKey’ is not derived from ‘const std::multiset<_Key, _Compare, _Allocator>’
  400 |       { return __x < __y; }
      |                ~~~~^~~~~
In file included from /scratch/chenyuan-data/SAGEN/llvm/llvm-4/clang/include/clang/Basic/Module.h:38,
                 from /scratch/chenyuan-data/SAGEN/llvm/llvm-4/clang/include/clang/Lex/Preprocessor.h:22,
                 from /scratch/chenyuan-data/SAGEN/llvm/llvm-4/clang/include/clang/StaticAnalyzer/Core/BugReporter/BugReporter.h:20,
                 from /scratch/chenyuan-data/SAGEN/llvm/llvm-4/clang/lib/Analysis/plugins/SAGenTestHandling/SAGenTestChecker.cpp:1:
/usr/include/c++/11/variant:1230:3: note: candidate: ‘template<class ... _Types> constexpr bool std::operator<(const std::variant<_Types ...>&, const std::variant<_Types ...>&)’
 1230 |   _VARIANT_RELATION_FUNCTION_TEMPLATE(<, less)
      |   ^~~~~~~~~~~~~~~~~~~~~~~~~~~~~~~~~~~
/usr/include/c++/11/variant:1230:3: note:   template argument deduction/substitution failed:
In file included from /usr/include/c++/11/bits/unique_ptr.h:38,
                 from /usr/include/c++/11/memory:76,
                 from /scratch/chenyuan-data/SAGEN/llvm/llvm-4/llvm/include/llvm/Support/Casting.h:20,
                 from /scratch/chenyuan-data/SAGEN/llvm/llvm-4/clang/include/clang/Basic/LLVM.h:21,
                 from /scratch/chenyuan-data/SAGEN/llvm/llvm-4/clang/include/clang/AST/APValue.h:16,
                 from /scratch/chenyuan-data/SAGEN/llvm/llvm-4/clang/include/clang/AST/Stmt.h:16,
                 from /scratch/chenyuan-data/SAGEN/llvm/llvm-4/clang/include/clang/Analysis/PathDiagnostic.h:16,
                 from /scratch/chenyuan-data/SAGEN/llvm/llvm-4/clang/include/clang/StaticAnalyzer/Core/BugReporter/BugReporter.h:17,
                 from /scratch/chenyuan-data/SAGEN/llvm/llvm-4/clang/lib/Analysis/plugins/SAGenTestHandling/SAGenTestChecker.cpp:1:
/usr/include/c++/11/bits/stl_function.h:400:20: note:   ‘const FieldKey’ is not derived from ‘const std::variant<_Types ...>’
  400 |       { return __x < __y; }
      |                ~~~~^~~~~
In file included from /usr/include/c++/11/stack:61,
                 from /scratch/chenyuan-data/SAGEN/llvm/llvm-4/llvm/include/llvm/Support/FileSystem.h:43,
                 from /scratch/chenyuan-data/SAGEN/llvm/llvm-4/clang/include/clang/Basic/FileManager.h:29,
                 from /scratch/chenyuan-data/SAGEN/llvm/llvm-4/clang/include/clang/Basic/SourceManager.h:39,
                 from /scratch/chenyuan-data/SAGEN/llvm/llvm-4/clang/include/clang/Lex/Preprocessor.h:24,
                 from /scratch/chenyuan-data/SAGEN/llvm/llvm-4/clang/include/clang/StaticAnalyzer/Core/BugReporter/BugReporter.h:20,
                 from /scratch/chenyuan-data/SAGEN/llvm/llvm-4/clang/lib/Analysis/plugins/SAGenTestHandling/SAGenTestChecker.cpp:1:
/usr/include/c++/11/bits/stl_stack.h:337:5: note: candidate: ‘template<class _Tp, class _Seq> bool std::operator<(const std::stack<_Tp, _Seq>&, const std::stack<_Tp, _Seq>&)’
  337 |     operator<(const stack<_Tp, _Seq>& __x, const stack<_Tp, _Seq>& __y)
      |     ^~~~~~~~
/usr/include/c++/11/bits/stl_stack.h:337:5: note:   template argument deduction/substitution failed:
In file included from /usr/include/c++/11/bits/unique_ptr.h:38,
                 from /usr/include/c++/11/memory:76,
                 from /scratch/chenyuan-data/SAGEN/llvm/llvm-4/llvm/include/llvm/Support/Casting.h:20,
                 from /scratch/chenyuan-data/SAGEN/llvm/llvm-4/clang/include/clang/Basic/LLVM.h:21,
                 from /scratch/chenyuan-data/SAGEN/llvm/llvm-4/clang/include/clang/AST/APValue.h:16,
                 from /scratch/chenyuan-data/SAGEN/llvm/llvm-4/clang/include/clang/AST/Stmt.h:16,
                 from /scratch/chenyuan-data/SAGEN/llvm/llvm-4/clang/include/clang/Analysis/PathDiagnostic.h:16,
                 from /scratch/chenyuan-data/SAGEN/llvm/llvm-4/clang/include/clang/StaticAnalyzer/Core/BugReporter/BugReporter.h:17,
                 from /scratch/chenyuan-data/SAGEN/llvm/llvm-4/clang/lib/Analysis/plugins/SAGenTestHandling/SAGenTestChecker.cpp:1:
/usr/include/c++/11/bits/stl_function.h:400:20: note:   ‘const FieldKey’ is not derived from ‘const std::stack<_Tp, _Seq>’
  400 |       { return __x < __y; }
      |                ~~~~^~~~~
In file included from /usr/include/c++/11/bits/ios_base.h:46,
                 from /usr/include/c++/11/streambuf:41,
                 from /usr/include/c++/11/bits/streambuf_iterator.h:35,
                 from /usr/include/c++/11/iterator:66,
                 from /scratch/chenyuan-data/SAGEN/llvm/llvm-4/llvm/include/llvm/ADT/SmallVector.h:26,
                 from /scratch/chenyuan-data/SAGEN/llvm/llvm-4/clang/include/clang/Basic/LLVM.h:24,
                 from /scratch/chenyuan-data/SAGEN/llvm/llvm-4/clang/include/clang/AST/APValue.h:16,
                 from /scratch/chenyuan-data/SAGEN/llvm/llvm-4/clang/include/clang/AST/Stmt.h:16,
                 from /scratch/chenyuan-data/SAGEN/llvm/llvm-4/clang/include/clang/Analysis/PathDiagnostic.h:16,
                 from /scratch/chenyuan-data/SAGEN/llvm/llvm-4/clang/include/clang/StaticAnalyzer/Core/BugReporter/BugReporter.h:17,
                 from /scratch/chenyuan-data/SAGEN/llvm/llvm-4/clang/lib/Analysis/plugins/SAGenTestHandling/SAGenTestChecker.cpp:1:
/usr/include/c++/11/system_error:269:3: note: candidate: ‘bool std::operator<(const std::error_code&, const std::error_code&)’
  269 |   operator<(const error_code& __lhs, const error_code& __rhs) noexcept
      |   ^~~~~~~~
/usr/include/c++/11/system_error:269:31: note:   no known conversion for argument 1 from ‘const FieldKey’ to ‘const std::error_code&’
  269 |   operator<(const error_code& __lhs, const error_code& __rhs) noexcept
      |             ~~~~~~~~~~~~~~~~~~^~~~~
/usr/include/c++/11/system_error:398:3: note: candidate: ‘bool std::operator<(const std::error_condition&, const std::error_condition&)’
  398 |   operator<(const error_condition& __lhs,
      |   ^~~~~~~~
/usr/include/c++/11/system_error:398:36: note:   no known conversion for argument 1 from ‘const FieldKey’ to ‘const std::error_condition&’
  398 |   operator<(const error_condition& __lhs,
      |             ~~~~~~~~~~~~~~~~~~~~~~~^~~~~
In file included from /scratch/chenyuan-data/SAGEN/llvm/llvm-4/clang/include/clang/Basic/Module.h:38,
                 from /scratch/chenyuan-data/SAGEN/llvm/llvm-4/clang/include/clang/Lex/Preprocessor.h:22,
                 from /scratch/chenyuan-data/SAGEN/llvm/llvm-4/clang/include/clang/StaticAnalyzer/Core/BugReporter/BugReporter.h:20,
                 from /scratch/chenyuan-data/SAGEN/llvm/llvm-4/clang/lib/Analysis/plugins/SAGenTestHandling/SAGenTestChecker.cpp:1:
/usr/include/c++/11/variant:1272:18: note: candidate: ‘constexpr bool std::operator<(std::monostate, std::monostate)’
 1272 |   constexpr bool operator<(monostate, monostate) noexcept { return false; }
      |                  ^~~~~~~~
/usr/include/c++/11/variant:1272:28: note:   no known conversion for argument 1 from ‘const FieldKey’ to ‘std::monostate’
 1272 |   constexpr bool operator<(monostate, monostate) noexcept { return false; }
      |                            ^~~~~~~~~
make[3]: *** [tools/clang/lib/Analysis/plugins/SAGenTestHandling/CMakeFiles/SAGenTestPlugin.dir/build.make:76: tools/clang/lib/Analysis/plugins/SAGenTestHandling/CMakeFiles/SAGenTestPlugin.dir/SAGenTestChecker.cpp.o] Error 1
make[2]: *** [CMakeFiles/Makefile2:31101: tools/clang/lib/Analysis/plugins/SAGenTestHandling/CMakeFiles/SAGenTestPlugin.dir/all] Error 2
make[1]: *** [CMakeFiles/Makefile2:31108: tools/clang/lib/Analysis/plugins/SAGenTestHandling/CMakeFiles/SAGenTestPlugin.dir/rule] Error 2
make: *** [Makefile:7495: SAGenTestPlugin] Error 2
