/scratch/chenyuan-data/SAGEN/llvm/llvm-4/clang/lib/Analysis/plugins/SAGenTestHandling/SAGenTestChecker.cpp: In constructor ‘{anonymous}::CleanupFunctionVisitor::CleanupFunctionVisitor(clang::ASTContext&)’:
/scratch/chenyuan-data/SAGEN/llvm/llvm-4/clang/lib/Analysis/plugins/SAGenTestHandling/SAGenTestChecker.cpp:43:9: error: no matching function for call to ‘clang::SourceLocation::SourceLocation(std::nullptr_t)’
   43 |         GuardLoc(nullptr), FreeLoc(nullptr) {}
      |         ^~~~~~~~~~~~~~~~~
In file included from /scratch/chenyuan-data/SAGEN/llvm/llvm-4/clang/include/clang/Basic/Diagnostic.h:19,
                 from /scratch/chenyuan-data/SAGEN/llvm/llvm-4/clang/include/clang/AST/NestedNameSpecifier.h:18,
                 from /scratch/chenyuan-data/SAGEN/llvm/llvm-4/clang/include/clang/AST/Type.h:21,
                 from /scratch/chenyuan-data/SAGEN/llvm/llvm-4/clang/include/clang/AST/CanonicalType.h:17,
                 from /scratch/chenyuan-data/SAGEN/llvm/llvm-4/clang/include/clang/AST/ASTContext.h:18,
                 from /scratch/chenyuan-data/SAGEN/llvm/llvm-4/clang/lib/Analysis/plugins/SAGenTestHandling/SAGenTestChecker.cpp:1:
/scratch/chenyuan-data/SAGEN/llvm/llvm-4/clang/include/clang/Basic/SourceLocation.h:88:7: note: candidate: ‘constexpr clang::SourceLocation::SourceLocation()’
   88 | class SourceLocation {
      |       ^~~~~~~~~~~~~~
/scratch/chenyuan-data/SAGEN/llvm/llvm-4/clang/include/clang/Basic/SourceLocation.h:88:7: note:   candidate expects 0 arguments, 1 provided
/scratch/chenyuan-data/SAGEN/llvm/llvm-4/clang/include/clang/Basic/SourceLocation.h:88:7: note: candidate: ‘constexpr clang::SourceLocation::SourceLocation(const clang::SourceLocation&)’
/scratch/chenyuan-data/SAGEN/llvm/llvm-4/clang/include/clang/Basic/SourceLocation.h:88:7: note:   no known conversion for argument 1 from ‘std::nullptr_t’ to ‘const clang::SourceLocation&’
/scratch/chenyuan-data/SAGEN/llvm/llvm-4/clang/include/clang/Basic/SourceLocation.h:88:7: note: candidate: ‘constexpr clang::SourceLocation::SourceLocation(clang::SourceLocation&&)’
/scratch/chenyuan-data/SAGEN/llvm/llvm-4/clang/include/clang/Basic/SourceLocation.h:88:7: note:   no known conversion for argument 1 from ‘std::nullptr_t’ to ‘clang::SourceLocation&&’
/scratch/chenyuan-data/SAGEN/llvm/llvm-4/clang/lib/Analysis/plugins/SAGenTestHandling/SAGenTestChecker.cpp:43:28: error: no matching function for call to ‘clang::SourceLocation::SourceLocation(std::nullptr_t)’
   43 |         GuardLoc(nullptr), FreeLoc(nullptr) {}
      |                            ^~~~~~~~~~~~~~~~
In file included from /scratch/chenyuan-data/SAGEN/llvm/llvm-4/clang/include/clang/Basic/Diagnostic.h:19,
                 from /scratch/chenyuan-data/SAGEN/llvm/llvm-4/clang/include/clang/AST/NestedNameSpecifier.h:18,
                 from /scratch/chenyuan-data/SAGEN/llvm/llvm-4/clang/include/clang/AST/Type.h:21,
                 from /scratch/chenyuan-data/SAGEN/llvm/llvm-4/clang/include/clang/AST/CanonicalType.h:17,
                 from /scratch/chenyuan-data/SAGEN/llvm/llvm-4/clang/include/clang/AST/ASTContext.h:18,
                 from /scratch/chenyuan-data/SAGEN/llvm/llvm-4/clang/lib/Analysis/plugins/SAGenTestHandling/SAGenTestChecker.cpp:1:
/scratch/chenyuan-data/SAGEN/llvm/llvm-4/clang/include/clang/Basic/SourceLocation.h:88:7: note: candidate: ‘constexpr clang::SourceLocation::SourceLocation()’
   88 | class SourceLocation {
      |       ^~~~~~~~~~~~~~
/scratch/chenyuan-data/SAGEN/llvm/llvm-4/clang/include/clang/Basic/SourceLocation.h:88:7: note:   candidate expects 0 arguments, 1 provided
/scratch/chenyuan-data/SAGEN/llvm/llvm-4/clang/include/clang/Basic/SourceLocation.h:88:7: note: candidate: ‘constexpr clang::SourceLocation::SourceLocation(const clang::SourceLocation&)’
/scratch/chenyuan-data/SAGEN/llvm/llvm-4/clang/include/clang/Basic/SourceLocation.h:88:7: note:   no known conversion for argument 1 from ‘std::nullptr_t’ to ‘const clang::SourceLocation&’
/scratch/chenyuan-data/SAGEN/llvm/llvm-4/clang/include/clang/Basic/SourceLocation.h:88:7: note: candidate: ‘constexpr clang::SourceLocation::SourceLocation(clang::SourceLocation&&)’
/scratch/chenyuan-data/SAGEN/llvm/llvm-4/clang/include/clang/Basic/SourceLocation.h:88:7: note:   no known conversion for argument 1 from ‘std::nullptr_t’ to ‘clang::SourceLocation&&’
/scratch/chenyuan-data/SAGEN/llvm/llvm-4/clang/lib/Analysis/plugins/SAGenTestHandling/SAGenTestChecker.cpp: In member function ‘bool {anonymous}::CleanupFunctionVisitor::VisitCallExpr(clang::CallExpr*)’:
/scratch/chenyuan-data/SAGEN/llvm/llvm-4/clang/lib/Analysis/plugins/SAGenTestHandling/SAGenTestChecker.cpp:50:11: error: no match for ‘operator!’ (operand type is ‘clang::SourceLocation’)
   50 |       if (!GuardLoc)
      |           ^~~~~~~~~
/scratch/chenyuan-data/SAGEN/llvm/llvm-4/clang/lib/Analysis/plugins/SAGenTestHandling/SAGenTestChecker.cpp:50:11: note: candidate: ‘operator!(bool)’ (built-in)
/scratch/chenyuan-data/SAGEN/llvm/llvm-4/clang/lib/Analysis/plugins/SAGenTestHandling/SAGenTestChecker.cpp:50:11: note:   no known conversion for argument 1 from ‘clang::SourceLocation’ to ‘bool’
/scratch/chenyuan-data/SAGEN/llvm/llvm-4/clang/lib/Analysis/plugins/SAGenTestHandling/SAGenTestChecker.cpp:57:11: error: no match for ‘operator!’ (operand type is ‘clang::SourceLocation’)
   57 |       if (!FreeLoc)
      |           ^~~~~~~~
/scratch/chenyuan-data/SAGEN/llvm/llvm-4/clang/lib/Analysis/plugins/SAGenTestHandling/SAGenTestChecker.cpp:57:11: note: candidate: ‘operator!(bool)’ (built-in)
/scratch/chenyuan-data/SAGEN/llvm/llvm-4/clang/lib/Analysis/plugins/SAGenTestHandling/SAGenTestChecker.cpp:57:11: note:   no known conversion for argument 1 from ‘clang::SourceLocation’ to ‘bool’
/scratch/chenyuan-data/SAGEN/llvm/llvm-4/clang/lib/Analysis/plugins/SAGenTestHandling/SAGenTestChecker.cpp: In member function ‘clang::SourceLocation {anonymous}::CleanupFunctionVisitor::getGuardLoc() const’:
/scratch/chenyuan-data/SAGEN/llvm/llvm-4/clang/lib/Analysis/plugins/SAGenTestHandling/SAGenTestChecker.cpp:64:47: error: could not convert ‘((const {anonymous}::CleanupFunctionVisitor*)this)->{anonymous}::CleanupFunctionVisitor::GuardLoc’ from ‘const clang::SourceLocation’ to ‘bool’
   64 |   SourceLocation getGuardLoc() const { return GuardLoc ? GuardLoc : SourceLocation(); }
      |                                               ^~~~~~~~
      |                                               |
      |                                               const clang::SourceLocation
/scratch/chenyuan-data/SAGEN/llvm/llvm-4/clang/lib/Analysis/plugins/SAGenTestHandling/SAGenTestChecker.cpp: In member function ‘clang::SourceLocation {anonymous}::CleanupFunctionVisitor::getFreeLoc() const’:
/scratch/chenyuan-data/SAGEN/llvm/llvm-4/clang/lib/Analysis/plugins/SAGenTestHandling/SAGenTestChecker.cpp:66:46: error: could not convert ‘((const {anonymous}::CleanupFunctionVisitor*)this)->{anonymous}::CleanupFunctionVisitor::FreeLoc’ from ‘const clang::SourceLocation’ to ‘bool’
   66 |   SourceLocation getFreeLoc() const { return FreeLoc ? FreeLoc : SourceLocation(); }
      |                                              ^~~~~~~
      |                                              |
      |                                              const clang::SourceLocation
/scratch/chenyuan-data/SAGEN/llvm/llvm-4/clang/lib/Analysis/plugins/SAGenTestHandling/SAGenTestChecker.cpp: In member function ‘void {anonymous}::SAGenTestChecker::checkASTCodeBody(const clang::Decl*, clang::ento::AnalysisManager&, clang::ento::BugReporter&) const’:
/scratch/chenyuan-data/SAGEN/llvm/llvm-4/clang/lib/Analysis/plugins/SAGenTestHandling/SAGenTestChecker.cpp:126:72: error: no matching function for call to ‘clang::ento::PathDiagnosticLocation::createBegin(const clang::Stmt*&, const clang::SourceManager&)’
  126 |       PathDiagnosticLocation DLoc = PathDiagnosticLocation::createBegin(Body, SM);
      |                                     ~~~~~~~~~~~~~~~~~~~~~~~~~~~~~~~~~~~^~~~~~~~~~
In file included from /scratch/chenyuan-data/SAGEN/llvm/llvm-4/clang/include/clang/StaticAnalyzer/Core/BugReporter/BugReporter.h:17,
                 from /scratch/chenyuan-data/SAGEN/llvm/llvm-4/clang/lib/Analysis/plugins/SAGenTestHandling/SAGenTestChecker.cpp:7:
/scratch/chenyuan-data/SAGEN/llvm/llvm-4/clang/include/clang/Analysis/PathDiagnostic.h:254:33: note: candidate: ‘static clang::ento::PathDiagnosticLocation clang::ento::PathDiagnosticLocation::createBegin(const clang::Decl*, const clang::SourceManager&)’
  254 |   static PathDiagnosticLocation createBegin(const Decl *D,
      |                                 ^~~~~~~~~~~
/scratch/chenyuan-data/SAGEN/llvm/llvm-4/clang/include/clang/Analysis/PathDiagnostic.h:254:57: note:   no known conversion for argument 1 from ‘const clang::Stmt*’ to ‘const clang::Decl*’
  254 |   static PathDiagnosticLocation createBegin(const Decl *D,
      |                                             ~~~~~~~~~~~~^
/scratch/chenyuan-data/SAGEN/llvm/llvm-4/clang/include/clang/Analysis/PathDiagnostic.h:261:3: note: candidate: ‘static clang::ento::PathDiagnosticLocation clang::ento::PathDiagnosticLocation::createBegin(const clang::Decl*, const clang::SourceManager&, clang::ento::LocationOrAnalysisDeclContext)’
  261 |   createBegin(const Decl *D, const SourceManager &SM,
      |   ^~~~~~~~~~~
/scratch/chenyuan-data/SAGEN/llvm/llvm-4/clang/include/clang/Analysis/PathDiagnostic.h:261:3: note:   candidate expects 3 arguments, 2 provided
/scratch/chenyuan-data/SAGEN/llvm/llvm-4/clang/include/clang/Analysis/PathDiagnostic.h:267:33: note: candidate: ‘static clang::ento::PathDiagnosticLocation clang::ento::PathDiagnosticLocation::createBegin(const clang::Stmt*, const clang::SourceManager&, clang::ento::LocationOrAnalysisDeclContext)’
  267 |   static PathDiagnosticLocation createBegin(const Stmt *S,
      |                                 ^~~~~~~~~~~
/scratch/chenyuan-data/SAGEN/llvm/llvm-4/clang/include/clang/Analysis/PathDiagnostic.h:267:33: note:   candidate expects 3 arguments, 2 provided
make[3]: *** [tools/clang/lib/Analysis/plugins/SAGenTestHandling/CMakeFiles/SAGenTestPlugin.dir/build.make:76: tools/clang/lib/Analysis/plugins/SAGenTestHandling/CMakeFiles/SAGenTestPlugin.dir/SAGenTestChecker.cpp.o] Error 1
make[2]: *** [CMakeFiles/Makefile2:31101: tools/clang/lib/Analysis/plugins/SAGenTestHandling/CMakeFiles/SAGenTestPlugin.dir/all] Error 2
make[1]: *** [CMakeFiles/Makefile2:31108: tools/clang/lib/Analysis/plugins/SAGenTestHandling/CMakeFiles/SAGenTestPlugin.dir/rule] Error 2
make: *** [Makefile:7495: SAGenTestPlugin] Error 2
