/scratch/chenyuan-data/SAGEN/llvm/llvm-4/clang/lib/Analysis/plugins/SAGenTestHandling/SAGenTestChecker.cpp:26:50: error: macro "REGISTER_SET_FACTORY_WITH_PROGRAMSTATE" requires 2 arguments, but only 1 given
   26 | REGISTER_SET_FACTORY_WITH_PROGRAMSTATE(FieldIdSet)
      |                                                  ^
In file included from /scratch/chenyuan-data/SAGEN/llvm/llvm-4/clang/include/clang/StaticAnalyzer/Core/PathSensitive/RangedConstraintManager.h:17,
                 from /scratch/chenyuan-data/SAGEN/llvm/llvm-4/clang/include/clang/StaticAnalyzer/Core/BugReporter/BugReporterVisitors.h:19,
                 from /scratch/chenyuan-data/SAGEN/llvm/llvm-4/clang/include/clang/StaticAnalyzer/Core/BugReporter/BugReporter.h:21,
                 from /scratch/chenyuan-data/SAGEN/llvm/llvm-4/clang/lib/Analysis/plugins/SAGenTestHandling/SAGenTestChecker.cpp:1:
/scratch/chenyuan-data/SAGEN/llvm/llvm-4/clang/include/clang/StaticAnalyzer/Core/PathSensitive/ProgramStateTrait.h:119: note: macro "REGISTER_SET_FACTORY_WITH_PROGRAMSTATE" defined here
  119 |   #define REGISTER_SET_FACTORY_WITH_PROGRAMSTATE(Name, Elem) \
      |
/scratch/chenyuan-data/SAGEN/llvm/llvm-4/clang/lib/Analysis/plugins/SAGenTestHandling/SAGenTestChecker.cpp:26:1: error: ‘REGISTER_SET_FACTORY_WITH_PROGRAMSTATE’ does not name a type
   26 | REGISTER_SET_FACTORY_WITH_PROGRAMSTATE(FieldIdSet)
      | ^~~~~~~~~~~~~~~~~~~~~~~~~~~~~~~~~~~~~~
In file included from /scratch/chenyuan-data/SAGEN/llvm/llvm-4/clang/include/clang/StaticAnalyzer/Core/PathSensitive/RangedConstraintManager.h:17,
                 from /scratch/chenyuan-data/SAGEN/llvm/llvm-4/clang/include/clang/StaticAnalyzer/Core/BugReporter/BugReporterVisitors.h:19,
                 from /scratch/chenyuan-data/SAGEN/llvm/llvm-4/clang/include/clang/StaticAnalyzer/Core/BugReporter/BugReporter.h:21,
                 from /scratch/chenyuan-data/SAGEN/llvm/llvm-4/clang/lib/Analysis/plugins/SAGenTestHandling/SAGenTestChecker.cpp:1:
/scratch/chenyuan-data/SAGEN/llvm/llvm-4/clang/lib/Analysis/plugins/SAGenTestHandling/SAGenTestChecker.cpp:28:32: error: ‘ObjFreedFieldsMap’ was not declared in this scope
   28 | REGISTER_MAP_WITH_PROGRAMSTATE(ObjFreedFieldsMap, const MemRegion*, FieldIdSet)
      |                                ^~~~~~~~~~~~~~~~~
/scratch/chenyuan-data/SAGEN/llvm/llvm-4/clang/include/clang/StaticAnalyzer/Core/PathSensitive/ProgramStateTrait.h:42:28: note: in definition of macro ‘REGISTER_TRAIT_WITH_PROGRAMSTATE’
   42 |   struct ProgramStateTrait<Name> : public ProgramStatePartialTrait<Name##Ty> { \
      |                            ^~~~
/scratch/chenyuan-data/SAGEN/llvm/llvm-4/clang/lib/Analysis/plugins/SAGenTestHandling/SAGenTestChecker.cpp:28:1: note: in expansion of macro ‘REGISTER_MAP_WITH_PROGRAMSTATE’
   28 | REGISTER_MAP_WITH_PROGRAMSTATE(ObjFreedFieldsMap, const MemRegion*, FieldIdSet)
      | ^~~~~~~~~~~~~~~~~~~~~~~~~~~~~~
/scratch/chenyuan-data/SAGEN/llvm/llvm-4/clang/include/clang/StaticAnalyzer/Core/PathSensitive/ProgramStateTrait.h:42:32: error: template argument 1 is invalid
   42 |   struct ProgramStateTrait<Name> : public ProgramStatePartialTrait<Name##Ty> { \
      |                                ^
/scratch/chenyuan-data/SAGEN/llvm/llvm-4/clang/include/clang/StaticAnalyzer/Core/PathSensitive/ProgramStateTrait.h:88:5: note: in expansion of macro ‘REGISTER_TRAIT_WITH_PROGRAMSTATE’
   88 |     REGISTER_TRAIT_WITH_PROGRAMSTATE(Name, \
      |     ^~~~~~~~~~~~~~~~~~~~~~~~~~~~~~~~
/scratch/chenyuan-data/SAGEN/llvm/llvm-4/clang/lib/Analysis/plugins/SAGenTestHandling/SAGenTestChecker.cpp:28:1: note: in expansion of macro ‘REGISTER_MAP_WITH_PROGRAMSTATE’
   28 | REGISTER_MAP_WITH_PROGRAMSTATE(ObjFreedFieldsMap, const MemRegion*, FieldIdSet)
      | ^~~~~~~~~~~~~~~~~~~~~~~~~~~~~~
/scratch/chenyuan-data/SAGEN/llvm/llvm-4/clang/lib/Analysis/plugins/SAGenTestHandling/SAGenTestChecker.cpp:28:32: error: ‘ObjFreedFieldsMapTy’ was not declared in this scope
   28 | REGISTER_MAP_WITH_PROGRAMSTATE(ObjFreedFieldsMap, const MemRegion*, FieldIdSet)
      |                                ^~~~~~~~~~~~~~~~~
/scratch/chenyuan-data/SAGEN/llvm/llvm-4/clang/include/clang/StaticAnalyzer/Core/PathSensitive/ProgramStateTrait.h:42:68: note: in definition of macro ‘REGISTER_TRAIT_WITH_PROGRAMSTATE’
   42 |   struct ProgramStateTrait<Name> : public ProgramStatePartialTrait<Name##Ty> { \
      |                                                                    ^~~~
/scratch/chenyuan-data/SAGEN/llvm/llvm-4/clang/lib/Analysis/plugins/SAGenTestHandling/SAGenTestChecker.cpp:28:1: note: in expansion of macro ‘REGISTER_MAP_WITH_PROGRAMSTATE’
   28 | REGISTER_MAP_WITH_PROGRAMSTATE(ObjFreedFieldsMap, const MemRegion*, FieldIdSet)
      | ^~~~~~~~~~~~~~~~~~~~~~~~~~~~~~
/scratch/chenyuan-data/SAGEN/llvm/llvm-4/clang/include/clang/StaticAnalyzer/Core/PathSensitive/ProgramStateTrait.h:42:76: error: template argument 1 is invalid
   42 |   struct ProgramStateTrait<Name> : public ProgramStatePartialTrait<Name##Ty> { \
      |                                                                            ^
/scratch/chenyuan-data/SAGEN/llvm/llvm-4/clang/include/clang/StaticAnalyzer/Core/PathSensitive/ProgramStateTrait.h:88:5: note: in expansion of macro ‘REGISTER_TRAIT_WITH_PROGRAMSTATE’
   88 |     REGISTER_TRAIT_WITH_PROGRAMSTATE(Name, \
      |     ^~~~~~~~~~~~~~~~~~~~~~~~~~~~~~~~
/scratch/chenyuan-data/SAGEN/llvm/llvm-4/clang/lib/Analysis/plugins/SAGenTestHandling/SAGenTestChecker.cpp:28:1: note: in expansion of macro ‘REGISTER_MAP_WITH_PROGRAMSTATE’
   28 | REGISTER_MAP_WITH_PROGRAMSTATE(ObjFreedFieldsMap, const MemRegion*, FieldIdSet)
      | ^~~~~~~~~~~~~~~~~~~~~~~~~~~~~~
In file included from /scratch/chenyuan-data/SAGEN/llvm/llvm-4/clang/include/clang/StaticAnalyzer/Core/PathSensitive/RangedConstraintManager.h:16,
                 from /scratch/chenyuan-data/SAGEN/llvm/llvm-4/clang/include/clang/StaticAnalyzer/Core/BugReporter/BugReporterVisitors.h:19,
                 from /scratch/chenyuan-data/SAGEN/llvm/llvm-4/clang/include/clang/StaticAnalyzer/Core/BugReporter/BugReporter.h:21,
                 from /scratch/chenyuan-data/SAGEN/llvm/llvm-4/clang/lib/Analysis/plugins/SAGenTestHandling/SAGenTestChecker.cpp:1:
/scratch/chenyuan-data/SAGEN/llvm/llvm-4/clang/include/clang/StaticAnalyzer/Core/PathSensitive/ProgramState.h: In instantiation of ‘struct clang::ento::ProgramStateTrait<llvm::ImmutableSet<const clang::IdentifierInfo*> >’:
/scratch/chenyuan-data/SAGEN/llvm/llvm-4/clang/include/clang/StaticAnalyzer/Core/PathSensitive/ProgramState.h:848:45:   required by substitution of ‘template<class T> typename clang::ento::ProgramStateTrait<T>::context_type clang::ento::ProgramState::get_context() const [with T = llvm::ImmutableSet<const clang::IdentifierInfo*>]’
/scratch/chenyuan-data/SAGEN/llvm/llvm-4/clang/lib/Analysis/plugins/SAGenTestHandling/SAGenTestChecker.cpp:73:46:   required from here
/scratch/chenyuan-data/SAGEN/llvm/llvm-4/clang/include/clang/StaticAnalyzer/Core/PathSensitive/ProgramState.h:52:33: error: no type named ‘data_type’ in ‘class llvm::ImmutableSet<const clang::IdentifierInfo*>’
   52 |   typedef typename T::data_type data_type;
      |                                 ^~~~~~~~~
/scratch/chenyuan-data/SAGEN/llvm/llvm-4/clang/lib/Analysis/plugins/SAGenTestHandling/SAGenTestChecker.cpp: In member function ‘clang::ento::ProgramStateRef {anonymous}::SAGenTestChecker::addFieldToSet(clang::ento::ProgramStateRef, const clang::ento::MemRegion*, const clang::IdentifierInfo*) const’:
/scratch/chenyuan-data/SAGEN/llvm/llvm-4/clang/lib/Analysis/plugins/SAGenTestHandling/SAGenTestChecker.cpp:73:46: error: no matching function for call to ‘clang::ento::ProgramState::get_context<FieldIdSet>() const’
   73 |         auto &F = St->get_context<FieldIdSet>();
      |                   ~~~~~~~~~~~~~~~~~~~~~~~~~~~^~
In file included from /scratch/chenyuan-data/SAGEN/llvm/llvm-4/clang/include/clang/StaticAnalyzer/Core/PathSensitive/RangedConstraintManager.h:16,
                 from /scratch/chenyuan-data/SAGEN/llvm/llvm-4/clang/include/clang/StaticAnalyzer/Core/BugReporter/BugReporterVisitors.h:19,
                 from /scratch/chenyuan-data/SAGEN/llvm/llvm-4/clang/include/clang/StaticAnalyzer/Core/BugReporter/BugReporter.h:21,
                 from /scratch/chenyuan-data/SAGEN/llvm/llvm-4/clang/lib/Analysis/plugins/SAGenTestHandling/SAGenTestChecker.cpp:1:
/scratch/chenyuan-data/SAGEN/llvm/llvm-4/clang/include/clang/StaticAnalyzer/Core/PathSensitive/ProgramState.h:439:47: note: candidate: ‘template<class T> typename clang::ento::ProgramStateTrait<T>::context_type clang::ento::ProgramState::get_context() const’
  439 |   typename ProgramStateTrait<T>::context_type get_context() const;
      |                                               ^~~~~~~~~~~
/scratch/chenyuan-data/SAGEN/llvm/llvm-4/clang/include/clang/StaticAnalyzer/Core/PathSensitive/ProgramState.h:439:47: note:   substitution of deduced template arguments resulted in errors seen above
/scratch/chenyuan-data/SAGEN/llvm/llvm-4/clang/lib/Analysis/plugins/SAGenTestHandling/SAGenTestChecker.cpp: In member function ‘clang::ento::ProgramStateRef {anonymous}::SAGenTestChecker::removeFieldFromSetByName(clang::ento::ProgramStateRef, const clang::ento::MemRegion*, llvm::StringRef) const’:
/scratch/chenyuan-data/SAGEN/llvm/llvm-4/clang/lib/Analysis/plugins/SAGenTestHandling/SAGenTestChecker.cpp:101:48: error: no matching function for call to ‘clang::ento::ProgramState::get_context<FieldIdSet>() const’
  101 |           auto &F = St->get_context<FieldIdSet>();
      |                     ~~~~~~~~~~~~~~~~~~~~~~~~~~~^~
In file included from /scratch/chenyuan-data/SAGEN/llvm/llvm-4/clang/include/clang/StaticAnalyzer/Core/PathSensitive/RangedConstraintManager.h:16,
                 from /scratch/chenyuan-data/SAGEN/llvm/llvm-4/clang/include/clang/StaticAnalyzer/Core/BugReporter/BugReporterVisitors.h:19,
                 from /scratch/chenyuan-data/SAGEN/llvm/llvm-4/clang/include/clang/StaticAnalyzer/Core/BugReporter/BugReporter.h:21,
                 from /scratch/chenyuan-data/SAGEN/llvm/llvm-4/clang/lib/Analysis/plugins/SAGenTestHandling/SAGenTestChecker.cpp:1:
/scratch/chenyuan-data/SAGEN/llvm/llvm-4/clang/include/clang/StaticAnalyzer/Core/PathSensitive/ProgramState.h:439:47: note: candidate: ‘template<class T> typename clang::ento::ProgramStateTrait<T>::context_type clang::ento::ProgramState::get_context() const’
  439 |   typename ProgramStateTrait<T>::context_type get_context() const;
      |                                               ^~~~~~~~~~~
/scratch/chenyuan-data/SAGEN/llvm/llvm-4/clang/include/clang/StaticAnalyzer/Core/PathSensitive/ProgramState.h:439:47: note:   template argument deduction/substitution failed:
/scratch/chenyuan-data/SAGEN/llvm/llvm-4/clang/include/clang/StaticAnalyzer/Core/PathSensitive/ProgramState.h: In substitution of ‘template<class T> typename clang::ento::ProgramStateTrait<T>::context_type clang::ento::ProgramState::get_context() const [with T = llvm::ImmutableSet<const clang::IdentifierInfo*>]’:
/scratch/chenyuan-data/SAGEN/llvm/llvm-4/clang/lib/Analysis/plugins/SAGenTestHandling/SAGenTestChecker.cpp:101:48:   required from here
/scratch/chenyuan-data/SAGEN/llvm/llvm-4/clang/include/clang/StaticAnalyzer/Core/PathSensitive/ProgramState.h:848:45: error: no type named ‘context_type’ in ‘struct clang::ento::ProgramStateTrait<llvm::ImmutableSet<const clang::IdentifierInfo*> >’
  848 | typename ProgramStateTrait<T>::context_type ProgramState::get_context() const {
      |                                             ^~~~~~~~~~~~
/scratch/chenyuan-data/SAGEN/llvm/llvm-4/clang/lib/Analysis/plugins/SAGenTestHandling/SAGenTestChecker.cpp: In member function ‘const clang::ento::MemRegion* {anonymous}::SAGenTestChecker::getCanonicalBase(const clang::ento::MemRegion*, clang::ento::ProgramStateRef) const’:
/scratch/chenyuan-data/SAGEN/llvm/llvm-4/clang/lib/Analysis/plugins/SAGenTestHandling/SAGenTestChecker.cpp:133:52: error: cannot convert ‘clang::ento::ProgramStatePartialTrait<llvm::ImmutableMap<const clang::ento::MemRegion*, const clang::ento::MemRegion*> >::lookup_type’ {aka ‘const clang::ento::MemRegion* const*’} to ‘const clang::ento::MemRegion*’ in initialization
  133 |     const MemRegion *Next = State->get<PtrAliasMap>(Cur);
      |                             ~~~~~~~~~~~~~~~~~~~~~~~^~~~~
      |                                                    |
      |                                                    clang::ento::ProgramStatePartialTrait<llvm::ImmutableMap<const clang::ento::MemRegion*, const clang::ento::MemRegion*> >::lookup_type {aka const clang::ento::MemRegion* const*}
/scratch/chenyuan-data/SAGEN/llvm/llvm-4/clang/lib/Analysis/plugins/SAGenTestHandling/SAGenTestChecker.cpp: In member function ‘void {anonymous}::SAGenTestChecker::checkPreCall(const clang::ento::CallEvent&, clang::ento::CheckerContext&) const’:
/scratch/chenyuan-data/SAGEN/llvm/llvm-4/clang/lib/Analysis/plugins/SAGenTestHandling/SAGenTestChecker.cpp:271:29: error: ‘ObjFreedFieldsMap’ was not declared in this scope; did you mean ‘ObjNullifiedFieldsMap’?
  271 |       State = addFieldToSet<ObjFreedFieldsMap>(State, Base, FieldId);
      |                             ^~~~~~~~~~~~~~~~~
      |                             ObjNullifiedFieldsMap
/scratch/chenyuan-data/SAGEN/llvm/llvm-4/clang/lib/Analysis/plugins/SAGenTestHandling/SAGenTestChecker.cpp:271:47: error: no matching function for call to ‘{anonymous}::SAGenTestChecker::addFieldToSet<<expression error> >(clang::ento::ProgramStateRef&, const clang::ento::MemRegion*&, const clang::IdentifierInfo*&) const’
  271 |       State = addFieldToSet<ObjFreedFieldsMap>(State, Base, FieldId);
      |               ~~~~~~~~~~~~~~~~~~~~~~~~~~~~~~~~^~~~~~~~~~~~~~~~~~~~~~
/scratch/chenyuan-data/SAGEN/llvm/llvm-4/clang/lib/Analysis/plugins/SAGenTestHandling/SAGenTestChecker.cpp:69:23: note: candidate: ‘template<class MapT> clang::ento::ProgramStateRef {anonymous}::SAGenTestChecker::addFieldToSet(clang::ento::ProgramStateRef, const clang::ento::MemRegion*, const clang::IdentifierInfo*) const’
   69 |       ProgramStateRef addFieldToSet(ProgramStateRef St, const MemRegion *Base,
      |                       ^~~~~~~~~~~~~
/scratch/chenyuan-data/SAGEN/llvm/llvm-4/clang/lib/Analysis/plugins/SAGenTestHandling/SAGenTestChecker.cpp:69:23: note:   template argument deduction/substitution failed:
/scratch/chenyuan-data/SAGEN/llvm/llvm-4/clang/lib/Analysis/plugins/SAGenTestHandling/SAGenTestChecker.cpp:271:47: error: template argument 1 is invalid
  271 |       State = addFieldToSet<ObjFreedFieldsMap>(State, Base, FieldId);
      |               ~~~~~~~~~~~~~~~~~~~~~~~~~~~~~~~~^~~~~~~~~~~~~~~~~~~~~~
/scratch/chenyuan-data/SAGEN/llvm/llvm-4/clang/lib/Analysis/plugins/SAGenTestHandling/SAGenTestChecker.cpp:297:40: error: ‘ObjFreedFieldsMap’ was not declared in this scope; did you mean ‘ObjNullifiedFieldsMap’?
  297 |       bool WasFreed = setContainsField<ObjFreedFieldsMap>(State, Base, FieldName);
      |                                        ^~~~~~~~~~~~~~~~~
      |                                        ObjNullifiedFieldsMap
/scratch/chenyuan-data/SAGEN/llvm/llvm-4/clang/lib/Analysis/plugins/SAGenTestHandling/SAGenTestChecker.cpp:297:58: error: no matching function for call to ‘{anonymous}::SAGenTestChecker::setContainsField<<expression error> >(clang::ento::ProgramStateRef&, const clang::ento::MemRegion*&, llvm::StringRef&) const’
  297 |       bool WasFreed = setContainsField<ObjFreedFieldsMap>(State, Base, FieldName);
      |                       ~~~~~~~~~~~~~~~~~~~~~~~~~~~~~~~~~~~^~~~~~~~~~~~~~~~~~~~~~~~
/scratch/chenyuan-data/SAGEN/llvm/llvm-4/clang/lib/Analysis/plugins/SAGenTestHandling/SAGenTestChecker.cpp:82:12: note: candidate: ‘template<class MapT> bool {anonymous}::SAGenTestChecker::setContainsField(clang::ento::ProgramStateRef, const clang::ento::MemRegion*, llvm::StringRef) const’
   82 |       bool setContainsField(ProgramStateRef St, const MemRegion *Base,
      |            ^~~~~~~~~~~~~~~~
/scratch/chenyuan-data/SAGEN/llvm/llvm-4/clang/lib/Analysis/plugins/SAGenTestHandling/SAGenTestChecker.cpp:82:12: note:   template argument deduction/substitution failed:
/scratch/chenyuan-data/SAGEN/llvm/llvm-4/clang/lib/Analysis/plugins/SAGenTestHandling/SAGenTestChecker.cpp:297:58: error: template argument 1 is invalid
  297 |       bool WasFreed = setContainsField<ObjFreedFieldsMap>(State, Base, FieldName);
      |                       ~~~~~~~~~~~~~~~~~~~~~~~~~~~~~~~~~~~^~~~~~~~~~~~~~~~~~~~~~~~
/scratch/chenyuan-data/SAGEN/llvm/llvm-4/clang/lib/Analysis/plugins/SAGenTestHandling/SAGenTestChecker.cpp:303:60: error: no matching function for call to ‘{anonymous}::SAGenTestChecker::removeFieldFromSetByName<ObjFreedFieldsMap>(clang::ento::ProgramStateRef&, const clang::ento::MemRegion*&, llvm::StringRef&) const’
  303 |         State = removeFieldFromSetByName<ObjFreedFieldsMap>(State, Base, FieldName);
      |                 ~~~~~~~~~~~~~~~~~~~~~~~~~~~~~~~~~~~~~~~~~~~^~~~~~~~~~~~~~~~~~~~~~~~
/scratch/chenyuan-data/SAGEN/llvm/llvm-4/clang/lib/Analysis/plugins/SAGenTestHandling/SAGenTestChecker.cpp:96:23: note: candidate: ‘template<class MapT> clang::ento::ProgramStateRef {anonymous}::SAGenTestChecker::removeFieldFromSetByName(clang::ento::ProgramStateRef, const clang::ento::MemRegion*, llvm::StringRef) const’
   96 |       ProgramStateRef removeFieldFromSetByName(ProgramStateRef St, const MemRegion *Base,
      |                       ^~~~~~~~~~~~~~~~~~~~~~~~
/scratch/chenyuan-data/SAGEN/llvm/llvm-4/clang/lib/Analysis/plugins/SAGenTestHandling/SAGenTestChecker.cpp:96:23: note:   template argument deduction/substitution failed:
make[3]: *** [tools/clang/lib/Analysis/plugins/SAGenTestHandling/CMakeFiles/SAGenTestPlugin.dir/build.make:76: tools/clang/lib/Analysis/plugins/SAGenTestHandling/CMakeFiles/SAGenTestPlugin.dir/SAGenTestChecker.cpp.o] Error 1
make[2]: *** [CMakeFiles/Makefile2:31101: tools/clang/lib/Analysis/plugins/SAGenTestHandling/CMakeFiles/SAGenTestPlugin.dir/all] Error 2
make[1]: *** [CMakeFiles/Makefile2:31108: tools/clang/lib/Analysis/plugins/SAGenTestHandling/CMakeFiles/SAGenTestPlugin.dir/rule] Error 2
make: *** [Makefile:7495: SAGenTestPlugin] Error 2
