In file included from /scratch/chenyuan-data/SAGEN/llvm/llvm-4/clang/include/clang/StaticAnalyzer/Core/PathSensitive/RangedConstraintManager.h:17,
                 from /scratch/chenyuan-data/SAGEN/llvm/llvm-4/clang/include/clang/StaticAnalyzer/Core/BugReporter/BugReporterVisitors.h:19,
                 from /scratch/chenyuan-data/SAGEN/llvm/llvm-4/clang/include/clang/StaticAnalyzer/Core/BugReporter/BugReporter.h:21,
                 from /scratch/chenyuan-data/SAGEN/llvm/llvm-4/clang/include/clang/StaticAnalyzer/Core/PathSensitive/ExprEngine.h:25,
                 from /scratch/chenyuan-data/SAGEN/llvm/llvm-4/clang/include/clang/StaticAnalyzer/Core/PathSensitive/CheckerContext.h:17,
                 from /scratch/chenyuan-data/SAGEN/llvm/llvm-4/clang/include/clang/StaticAnalyzer/Checkers/utility.h:4,
                 from /scratch/chenyuan-data/SAGEN/llvm/llvm-4/clang/lib/Analysis/plugins/SAGenTestHandling/SAGenTestChecker.cpp:3:
/scratch/chenyuan-data/SAGEN/llvm/llvm-4/clang/include/clang/StaticAnalyzer/Core/PathSensitive/ProgramStateTrait.h:73:80: error: type/value mismatch at argument 2 in template parameter list for ‘template<class KeyT, class ValT, class ValInfo> class llvm::ImmutableMap’
   73 |   #define CLANG_ENTO_PROGRAMSTATE_MAP(Key, Value) llvm::ImmutableMap<Key, Value>
      |                                                                                ^
/scratch/chenyuan-data/SAGEN/llvm/llvm-4/clang/include/clang/StaticAnalyzer/Core/PathSensitive/ProgramStateTrait.h:37:20: note: in definition of macro ‘REGISTER_TRAIT_WITH_PROGRAMSTATE’
   37 |   using Name##Ty = Type;                                                       \
      |                    ^~~~
/scratch/chenyuan-data/SAGEN/llvm/llvm-4/clang/include/clang/StaticAnalyzer/Core/PathSensitive/ProgramStateTrait.h:89:38: note: in expansion of macro ‘CLANG_ENTO_PROGRAMSTATE_MAP’
   89 |                                      CLANG_ENTO_PROGRAMSTATE_MAP(Key, Value))
      |                                      ^~~~~~~~~~~~~~~~~~~~~~~~~~~
/scratch/chenyuan-data/SAGEN/llvm/llvm-4/clang/lib/Analysis/plugins/SAGenTestHandling/SAGenTestChecker.cpp:27:1: note: in expansion of macro ‘REGISTER_MAP_WITH_PROGRAMSTATE’
   27 | REGISTER_MAP_WITH_PROGRAMSTATE(SpinLockAcquired, bool, false)
      | ^~~~~~~~~~~~~~~~~~~~~~~~~~~~~~
/scratch/chenyuan-data/SAGEN/llvm/llvm-4/clang/include/clang/StaticAnalyzer/Core/PathSensitive/ProgramStateTrait.h:73:80: note:   expected a type, got ‘false’
   73 |   #define CLANG_ENTO_PROGRAMSTATE_MAP(Key, Value) llvm::ImmutableMap<Key, Value>
      |                                                                                ^
/scratch/chenyuan-data/SAGEN/llvm/llvm-4/clang/include/clang/StaticAnalyzer/Core/PathSensitive/ProgramStateTrait.h:37:20: note: in definition of macro ‘REGISTER_TRAIT_WITH_PROGRAMSTATE’
   37 |   using Name##Ty = Type;                                                       \
      |                    ^~~~
/scratch/chenyuan-data/SAGEN/llvm/llvm-4/clang/include/clang/StaticAnalyzer/Core/PathSensitive/ProgramStateTrait.h:89:38: note: in expansion of macro ‘CLANG_ENTO_PROGRAMSTATE_MAP’
   89 |                                      CLANG_ENTO_PROGRAMSTATE_MAP(Key, Value))
      |                                      ^~~~~~~~~~~~~~~~~~~~~~~~~~~
/scratch/chenyuan-data/SAGEN/llvm/llvm-4/clang/lib/Analysis/plugins/SAGenTestHandling/SAGenTestChecker.cpp:27:1: note: in expansion of macro ‘REGISTER_MAP_WITH_PROGRAMSTATE’
   27 | REGISTER_MAP_WITH_PROGRAMSTATE(SpinLockAcquired, bool, false)
      | ^~~~~~~~~~~~~~~~~~~~~~~~~~~~~~
/scratch/chenyuan-data/SAGEN/llvm/llvm-4/clang/include/clang/StaticAnalyzer/Core/PathSensitive/ProgramStateTrait.h:73:80: error: template argument 3 is invalid
   73 |   #define CLANG_ENTO_PROGRAMSTATE_MAP(Key, Value) llvm::ImmutableMap<Key, Value>
      |                                                                                ^
/scratch/chenyuan-data/SAGEN/llvm/llvm-4/clang/include/clang/StaticAnalyzer/Core/PathSensitive/ProgramStateTrait.h:37:20: note: in definition of macro ‘REGISTER_TRAIT_WITH_PROGRAMSTATE’
   37 |   using Name##Ty = Type;                                                       \
      |                    ^~~~
/scratch/chenyuan-data/SAGEN/llvm/llvm-4/clang/include/clang/StaticAnalyzer/Core/PathSensitive/ProgramStateTrait.h:89:38: note: in expansion of macro ‘CLANG_ENTO_PROGRAMSTATE_MAP’
   89 |                                      CLANG_ENTO_PROGRAMSTATE_MAP(Key, Value))
      |                                      ^~~~~~~~~~~~~~~~~~~~~~~~~~~
/scratch/chenyuan-data/SAGEN/llvm/llvm-4/clang/lib/Analysis/plugins/SAGenTestHandling/SAGenTestChecker.cpp:27:1: note: in expansion of macro ‘REGISTER_MAP_WITH_PROGRAMSTATE’
   27 | REGISTER_MAP_WITH_PROGRAMSTATE(SpinLockAcquired, bool, false)
      | ^~~~~~~~~~~~~~~~~~~~~~~~~~~~~~
/scratch/chenyuan-data/SAGEN/llvm/llvm-4/clang/lib/Analysis/plugins/SAGenTestHandling/SAGenTestChecker.cpp:27:32: error: ‘SpinLockAcquiredTy’ was not declared in this scope
   27 | REGISTER_MAP_WITH_PROGRAMSTATE(SpinLockAcquired, bool, false)
      |                                ^~~~~~~~~~~~~~~~
/scratch/chenyuan-data/SAGEN/llvm/llvm-4/clang/include/clang/StaticAnalyzer/Core/PathSensitive/ProgramStateTrait.h:42:68: note: in definition of macro ‘REGISTER_TRAIT_WITH_PROGRAMSTATE’
   42 |   struct ProgramStateTrait<Name> : public ProgramStatePartialTrait<Name##Ty> { \
      |                                                                    ^~~~
/scratch/chenyuan-data/SAGEN/llvm/llvm-4/clang/lib/Analysis/plugins/SAGenTestHandling/SAGenTestChecker.cpp:27:1: note: in expansion of macro ‘REGISTER_MAP_WITH_PROGRAMSTATE’
   27 | REGISTER_MAP_WITH_PROGRAMSTATE(SpinLockAcquired, bool, false)
      | ^~~~~~~~~~~~~~~~~~~~~~~~~~~~~~
/scratch/chenyuan-data/SAGEN/llvm/llvm-4/clang/include/clang/StaticAnalyzer/Core/PathSensitive/ProgramStateTrait.h:42:76: error: template argument 1 is invalid
   42 |   struct ProgramStateTrait<Name> : public ProgramStatePartialTrait<Name##Ty> { \
      |                                                                            ^
/scratch/chenyuan-data/SAGEN/llvm/llvm-4/clang/include/clang/StaticAnalyzer/Core/PathSensitive/ProgramStateTrait.h:88:5: note: in expansion of macro ‘REGISTER_TRAIT_WITH_PROGRAMSTATE’
   88 |     REGISTER_TRAIT_WITH_PROGRAMSTATE(Name, \
      |     ^~~~~~~~~~~~~~~~~~~~~~~~~~~~~~~~
/scratch/chenyuan-data/SAGEN/llvm/llvm-4/clang/lib/Analysis/plugins/SAGenTestHandling/SAGenTestChecker.cpp:27:1: note: in expansion of macro ‘REGISTER_MAP_WITH_PROGRAMSTATE’
   27 | REGISTER_MAP_WITH_PROGRAMSTATE(SpinLockAcquired, bool, false)
      | ^~~~~~~~~~~~~~~~~~~~~~~~~~~~~~
/scratch/chenyuan-data/SAGEN/llvm/llvm-4/clang/lib/Analysis/plugins/SAGenTestHandling/SAGenTestChecker.cpp: In member function ‘void SAGenTestChecker::checkBeginFunction(clang::ento::CheckerContext&) const’:
/scratch/chenyuan-data/SAGEN/llvm/llvm-4/clang/lib/Analysis/plugins/SAGenTestHandling/SAGenTestChecker.cpp:55:70: error: invalid conversion from ‘const clang::Decl*’ to ‘const clang::FunctionDecl*’ [-fpermissive]
   55 |   const FunctionDecl *FD = C.getCurrentAnalysisDeclContext()->getDecl();
      |                            ~~~~~~~~~~~~~~~~~~~~~~~~~~~~~~~~~~~~~~~~~~^~
      |                                                                      |
      |                                                                      const clang::Decl*
/scratch/chenyuan-data/SAGEN/llvm/llvm-4/clang/lib/Analysis/plugins/SAGenTestHandling/SAGenTestChecker.cpp:65:39: error: no matching function for call to ‘clang::ento::ProgramState::set<{anonymous}::SpinLockAcquired>(bool) const’
   65 |   State = State->set<SpinLockAcquired>(false);
      |           ~~~~~~~~~~~~~~~~~~~~~~~~~~~~^~~~~~~
In file included from /scratch/chenyuan-data/SAGEN/llvm/llvm-4/clang/include/clang/StaticAnalyzer/Core/PathSensitive/RangedConstraintManager.h:16,
                 from /scratch/chenyuan-data/SAGEN/llvm/llvm-4/clang/include/clang/StaticAnalyzer/Core/BugReporter/BugReporterVisitors.h:19,
                 from /scratch/chenyuan-data/SAGEN/llvm/llvm-4/clang/include/clang/StaticAnalyzer/Core/BugReporter/BugReporter.h:21,
                 from /scratch/chenyuan-data/SAGEN/llvm/llvm-4/clang/include/clang/StaticAnalyzer/Core/PathSensitive/ExprEngine.h:25,
                 from /scratch/chenyuan-data/SAGEN/llvm/llvm-4/clang/include/clang/StaticAnalyzer/Core/PathSensitive/CheckerContext.h:17,
                 from /scratch/chenyuan-data/SAGEN/llvm/llvm-4/clang/include/clang/StaticAnalyzer/Checkers/utility.h:4,
                 from /scratch/chenyuan-data/SAGEN/llvm/llvm-4/clang/lib/Analysis/plugins/SAGenTestHandling/SAGenTestChecker.cpp:3:
/scratch/chenyuan-data/SAGEN/llvm/llvm-4/clang/include/clang/StaticAnalyzer/Core/PathSensitive/ProgramState.h:454:3: note: candidate: ‘template<class T> clang::ento::ProgramStateRef clang::ento::ProgramState::set(typename clang::ento::ProgramStateTrait<T>::data_type) const’
  454 |   set(typename ProgramStateTrait<T>::data_type D) const;
      |   ^~~
/scratch/chenyuan-data/SAGEN/llvm/llvm-4/clang/include/clang/StaticAnalyzer/Core/PathSensitive/ProgramState.h:454:3: note:   template argument deduction/substitution failed:
/scratch/chenyuan-data/SAGEN/llvm/llvm-4/clang/include/clang/StaticAnalyzer/Core/PathSensitive/ProgramState.h: In substitution of ‘template<class T> clang::ento::ProgramStateRef clang::ento::ProgramState::set(typename clang::ento::ProgramStateTrait<T>::data_type) const [with T = {anonymous}::SpinLockAcquired]’:
/scratch/chenyuan-data/SAGEN/llvm/llvm-4/clang/lib/Analysis/plugins/SAGenTestHandling/SAGenTestChecker.cpp:65:39:   required from here
/scratch/chenyuan-data/SAGEN/llvm/llvm-4/clang/include/clang/StaticAnalyzer/Core/PathSensitive/ProgramState.h:869:17: error: no type named ‘data_type’ in ‘struct clang::ento::ProgramStateTrait<{anonymous}::SpinLockAcquired>’
  869 | ProgramStateRef ProgramState::set(typename ProgramStateTrait<T>::data_type D) const {
      |                 ^~~~~~~~~~~~
/scratch/chenyuan-data/SAGEN/llvm/llvm-4/clang/include/clang/StaticAnalyzer/Core/PathSensitive/ProgramState.h:458:3: note: candidate: ‘template<class T> clang::ento::ProgramStateRef clang::ento::ProgramState::set(typename clang::ento::ProgramStateTrait<T>::key_type, typename clang::ento::ProgramStateTrait<T>::value_type) const’
  458 |   set(typename ProgramStateTrait<T>::key_type K,
      |   ^~~
/scratch/chenyuan-data/SAGEN/llvm/llvm-4/clang/include/clang/StaticAnalyzer/Core/PathSensitive/ProgramState.h:458:3: note:   template argument deduction/substitution failed:
/scratch/chenyuan-data/SAGEN/llvm/llvm-4/clang/include/clang/StaticAnalyzer/Core/PathSensitive/ProgramState.h: In substitution of ‘template<class T> clang::ento::ProgramStateRef clang::ento::ProgramState::set(typename clang::ento::ProgramStateTrait<T>::key_type, typename clang::ento::ProgramStateTrait<T>::value_type) const [with T = {anonymous}::SpinLockAcquired]’:
/scratch/chenyuan-data/SAGEN/llvm/llvm-4/clang/lib/Analysis/plugins/SAGenTestHandling/SAGenTestChecker.cpp:65:39:   required from here
/scratch/chenyuan-data/SAGEN/llvm/llvm-4/clang/include/clang/StaticAnalyzer/Core/PathSensitive/ProgramState.h:874:17: error: no type named ‘value_type’ in ‘struct clang::ento::ProgramStateTrait<{anonymous}::SpinLockAcquired>’
  874 | ProgramStateRef ProgramState::set(typename ProgramStateTrait<T>::key_type K,
      |                 ^~~~~~~~~~~~
/scratch/chenyuan-data/SAGEN/llvm/llvm-4/clang/include/clang/StaticAnalyzer/Core/PathSensitive/ProgramState.h:463:3: note: candidate: ‘template<class T> clang::ento::ProgramStateRef clang::ento::ProgramState::set(typename clang::ento::ProgramStateTrait<T>::key_type, typename clang::ento::ProgramStateTrait<T>::value_type, typename clang::ento::ProgramStateTrait<T>::context_type) const’
  463 |   set(typename ProgramStateTrait<T>::key_type K,
      |   ^~~
/scratch/chenyuan-data/SAGEN/llvm/llvm-4/clang/include/clang/StaticAnalyzer/Core/PathSensitive/ProgramState.h:463:3: note:   template argument deduction/substitution failed:
/scratch/chenyuan-data/SAGEN/llvm/llvm-4/clang/include/clang/StaticAnalyzer/Core/PathSensitive/ProgramState.h: In substitution of ‘template<class T> clang::ento::ProgramStateRef clang::ento::ProgramState::set(typename clang::ento::ProgramStateTrait<T>::key_type, typename clang::ento::ProgramStateTrait<T>::value_type, typename clang::ento::ProgramStateTrait<T>::context_type) const [with T = {anonymous}::SpinLockAcquired]’:
/scratch/chenyuan-data/SAGEN/llvm/llvm-4/clang/lib/Analysis/plugins/SAGenTestHandling/SAGenTestChecker.cpp:65:39:   required from here
/scratch/chenyuan-data/SAGEN/llvm/llvm-4/clang/include/clang/StaticAnalyzer/Core/PathSensitive/ProgramState.h:880:17: error: no type named ‘context_type’ in ‘struct clang::ento::ProgramStateTrait<{anonymous}::SpinLockAcquired>’
  880 | ProgramStateRef ProgramState::set(typename ProgramStateTrait<T>::key_type K,
      |                 ^~~~~~~~~~~~
/scratch/chenyuan-data/SAGEN/llvm/llvm-4/clang/lib/Analysis/plugins/SAGenTestHandling/SAGenTestChecker.cpp: In member function ‘void SAGenTestChecker::checkPostCall(const clang::ento::CallEvent&, clang::ento::CheckerContext&) const’:
/scratch/chenyuan-data/SAGEN/llvm/llvm-4/clang/lib/Analysis/plugins/SAGenTestHandling/SAGenTestChecker.cpp:84:43: error: no matching function for call to ‘clang::ento::ProgramState::set<{anonymous}::SpinLockAcquired>(bool) const’
   84 |       State = State->set<SpinLockAcquired>(true);
      |               ~~~~~~~~~~~~~~~~~~~~~~~~~~~~^~~~~~
In file included from /scratch/chenyuan-data/SAGEN/llvm/llvm-4/clang/include/clang/StaticAnalyzer/Core/PathSensitive/RangedConstraintManager.h:16,
                 from /scratch/chenyuan-data/SAGEN/llvm/llvm-4/clang/include/clang/StaticAnalyzer/Core/BugReporter/BugReporterVisitors.h:19,
                 from /scratch/chenyuan-data/SAGEN/llvm/llvm-4/clang/include/clang/StaticAnalyzer/Core/BugReporter/BugReporter.h:21,
                 from /scratch/chenyuan-data/SAGEN/llvm/llvm-4/clang/include/clang/StaticAnalyzer/Core/PathSensitive/ExprEngine.h:25,
                 from /scratch/chenyuan-data/SAGEN/llvm/llvm-4/clang/include/clang/StaticAnalyzer/Core/PathSensitive/CheckerContext.h:17,
                 from /scratch/chenyuan-data/SAGEN/llvm/llvm-4/clang/include/clang/StaticAnalyzer/Checkers/utility.h:4,
                 from /scratch/chenyuan-data/SAGEN/llvm/llvm-4/clang/lib/Analysis/plugins/SAGenTestHandling/SAGenTestChecker.cpp:3:
/scratch/chenyuan-data/SAGEN/llvm/llvm-4/clang/include/clang/StaticAnalyzer/Core/PathSensitive/ProgramState.h:454:3: note: candidate: ‘template<class T> clang::ento::ProgramStateRef clang::ento::ProgramState::set(typename clang::ento::ProgramStateTrait<T>::data_type) const’
  454 |   set(typename ProgramStateTrait<T>::data_type D) const;
      |   ^~~
/scratch/chenyuan-data/SAGEN/llvm/llvm-4/clang/include/clang/StaticAnalyzer/Core/PathSensitive/ProgramState.h:454:3: note:   template argument deduction/substitution failed:
/scratch/chenyuan-data/SAGEN/llvm/llvm-4/clang/include/clang/StaticAnalyzer/Core/PathSensitive/ProgramState.h: In substitution of ‘template<class T> clang::ento::ProgramStateRef clang::ento::ProgramState::set(typename clang::ento::ProgramStateTrait<T>::data_type) const [with T = {anonymous}::SpinLockAcquired]’:
/scratch/chenyuan-data/SAGEN/llvm/llvm-4/clang/lib/Analysis/plugins/SAGenTestHandling/SAGenTestChecker.cpp:84:43:   required from here
/scratch/chenyuan-data/SAGEN/llvm/llvm-4/clang/include/clang/StaticAnalyzer/Core/PathSensitive/ProgramState.h:869:17: error: no type named ‘data_type’ in ‘struct clang::ento::ProgramStateTrait<{anonymous}::SpinLockAcquired>’
  869 | ProgramStateRef ProgramState::set(typename ProgramStateTrait<T>::data_type D) const {
      |                 ^~~~~~~~~~~~
/scratch/chenyuan-data/SAGEN/llvm/llvm-4/clang/include/clang/StaticAnalyzer/Core/PathSensitive/ProgramState.h:458:3: note: candidate: ‘template<class T> clang::ento::ProgramStateRef clang::ento::ProgramState::set(typename clang::ento::ProgramStateTrait<T>::key_type, typename clang::ento::ProgramStateTrait<T>::value_type) const’
  458 |   set(typename ProgramStateTrait<T>::key_type K,
      |   ^~~
/scratch/chenyuan-data/SAGEN/llvm/llvm-4/clang/include/clang/StaticAnalyzer/Core/PathSensitive/ProgramState.h:458:3: note:   template argument deduction/substitution failed:
/scratch/chenyuan-data/SAGEN/llvm/llvm-4/clang/include/clang/StaticAnalyzer/Core/PathSensitive/ProgramState.h: In substitution of ‘template<class T> clang::ento::ProgramStateRef clang::ento::ProgramState::set(typename clang::ento::ProgramStateTrait<T>::key_type, typename clang::ento::ProgramStateTrait<T>::value_type) const [with T = {anonymous}::SpinLockAcquired]’:
/scratch/chenyuan-data/SAGEN/llvm/llvm-4/clang/lib/Analysis/plugins/SAGenTestHandling/SAGenTestChecker.cpp:84:43:   required from here
/scratch/chenyuan-data/SAGEN/llvm/llvm-4/clang/include/clang/StaticAnalyzer/Core/PathSensitive/ProgramState.h:874:17: error: no type named ‘value_type’ in ‘struct clang::ento::ProgramStateTrait<{anonymous}::SpinLockAcquired>’
  874 | ProgramStateRef ProgramState::set(typename ProgramStateTrait<T>::key_type K,
      |                 ^~~~~~~~~~~~
/scratch/chenyuan-data/SAGEN/llvm/llvm-4/clang/include/clang/StaticAnalyzer/Core/PathSensitive/ProgramState.h:463:3: note: candidate: ‘template<class T> clang::ento::ProgramStateRef clang::ento::ProgramState::set(typename clang::ento::ProgramStateTrait<T>::key_type, typename clang::ento::ProgramStateTrait<T>::value_type, typename clang::ento::ProgramStateTrait<T>::context_type) const’
  463 |   set(typename ProgramStateTrait<T>::key_type K,
      |   ^~~
/scratch/chenyuan-data/SAGEN/llvm/llvm-4/clang/include/clang/StaticAnalyzer/Core/PathSensitive/ProgramState.h:463:3: note:   template argument deduction/substitution failed:
/scratch/chenyuan-data/SAGEN/llvm/llvm-4/clang/include/clang/StaticAnalyzer/Core/PathSensitive/ProgramState.h: In substitution of ‘template<class T> clang::ento::ProgramStateRef clang::ento::ProgramState::set(typename clang::ento::ProgramStateTrait<T>::key_type, typename clang::ento::ProgramStateTrait<T>::value_type, typename clang::ento::ProgramStateTrait<T>::context_type) const [with T = {anonymous}::SpinLockAcquired]’:
/scratch/chenyuan-data/SAGEN/llvm/llvm-4/clang/lib/Analysis/plugins/SAGenTestHandling/SAGenTestChecker.cpp:84:43:   required from here
/scratch/chenyuan-data/SAGEN/llvm/llvm-4/clang/include/clang/StaticAnalyzer/Core/PathSensitive/ProgramState.h:880:17: error: no type named ‘context_type’ in ‘struct clang::ento::ProgramStateTrait<{anonymous}::SpinLockAcquired>’
  880 | ProgramStateRef ProgramState::set(typename ProgramStateTrait<T>::key_type K,
      |                 ^~~~~~~~~~~~
/scratch/chenyuan-data/SAGEN/llvm/llvm-4/clang/lib/Analysis/plugins/SAGenTestHandling/SAGenTestChecker.cpp: In member function ‘void SAGenTestChecker::checkPreCall(const clang::ento::CallEvent&, clang::ento::CheckerContext&) const’:
/scratch/chenyuan-data/SAGEN/llvm/llvm-4/clang/lib/Analysis/plugins/SAGenTestHandling/SAGenTestChecker.cpp:119:58: error: no matching function for call to ‘clang::ento::ProgramState::get<{anonymous}::SpinLockAcquired>() const’
  119 |   const bool *LockAcquired = State->get<SpinLockAcquired>();
      |                              ~~~~~~~~~~~~~~~~~~~~~~~~~~~~^~
In file included from /scratch/chenyuan-data/SAGEN/llvm/llvm-4/clang/include/clang/StaticAnalyzer/Core/PathSensitive/RangedConstraintManager.h:16,
                 from /scratch/chenyuan-data/SAGEN/llvm/llvm-4/clang/include/clang/StaticAnalyzer/Core/BugReporter/BugReporterVisitors.h:19,
                 from /scratch/chenyuan-data/SAGEN/llvm/llvm-4/clang/include/clang/StaticAnalyzer/Core/BugReporter/BugReporter.h:21,
                 from /scratch/chenyuan-data/SAGEN/llvm/llvm-4/clang/include/clang/StaticAnalyzer/Core/PathSensitive/ExprEngine.h:25,
                 from /scratch/chenyuan-data/SAGEN/llvm/llvm-4/clang/include/clang/StaticAnalyzer/Core/PathSensitive/CheckerContext.h:17,
                 from /scratch/chenyuan-data/SAGEN/llvm/llvm-4/clang/include/clang/StaticAnalyzer/Checkers/utility.h:4,
                 from /scratch/chenyuan-data/SAGEN/llvm/llvm-4/clang/lib/Analysis/plugins/SAGenTestHandling/SAGenTestChecker.cpp:3:
/scratch/chenyuan-data/SAGEN/llvm/llvm-4/clang/include/clang/StaticAnalyzer/Core/PathSensitive/ProgramState.h:427:3: note: candidate: ‘template<class T> typename clang::ento::ProgramStateTrait<T>::data_type clang::ento::ProgramState::get() const’
  427 |   get() const {
      |   ^~~
/scratch/chenyuan-data/SAGEN/llvm/llvm-4/clang/include/clang/StaticAnalyzer/Core/PathSensitive/ProgramState.h:427:3: note:   template argument deduction/substitution failed:
/scratch/chenyuan-data/SAGEN/llvm/llvm-4/clang/include/clang/StaticAnalyzer/Core/PathSensitive/ProgramState.h: In substitution of ‘template<class T> typename clang::ento::ProgramStateTrait<T>::data_type clang::ento::ProgramState::get() const [with T = {anonymous}::SpinLockAcquired]’:
/scratch/chenyuan-data/SAGEN/llvm/llvm-4/clang/lib/Analysis/plugins/SAGenTestHandling/SAGenTestChecker.cpp:119:58:   required from here
/scratch/chenyuan-data/SAGEN/llvm/llvm-4/clang/include/clang/StaticAnalyzer/Core/PathSensitive/ProgramState.h:427:3: error: no type named ‘data_type’ in ‘struct clang::ento::ProgramStateTrait<{anonymous}::SpinLockAcquired>’
/scratch/chenyuan-data/SAGEN/llvm/llvm-4/clang/include/clang/StaticAnalyzer/Core/PathSensitive/ProgramState.h:433:3: note: candidate: ‘template<class T> typename clang::ento::ProgramStateTrait<T>::lookup_type clang::ento::ProgramState::get(typename clang::ento::ProgramStateTrait<T>::key_type) const’
  433 |   get(typename ProgramStateTrait<T>::key_type key) const {
      |   ^~~
/scratch/chenyuan-data/SAGEN/llvm/llvm-4/clang/include/clang/StaticAnalyzer/Core/PathSensitive/ProgramState.h:433:3: note:   template argument deduction/substitution failed:
/scratch/chenyuan-data/SAGEN/llvm/llvm-4/clang/include/clang/StaticAnalyzer/Core/PathSensitive/ProgramState.h: In substitution of ‘template<class T> typename clang::ento::ProgramStateTrait<T>::lookup_type clang::ento::ProgramState::get(typename clang::ento::ProgramStateTrait<T>::key_type) const [with T = {anonymous}::SpinLockAcquired]’:
/scratch/chenyuan-data/SAGEN/llvm/llvm-4/clang/lib/Analysis/plugins/SAGenTestHandling/SAGenTestChecker.cpp:119:58:   required from here
/scratch/chenyuan-data/SAGEN/llvm/llvm-4/clang/include/clang/StaticAnalyzer/Core/PathSensitive/ProgramState.h:433:3: error: no type named ‘lookup_type’ in ‘struct clang::ento::ProgramStateTrait<{anonymous}::SpinLockAcquired>’
make[3]: *** [tools/clang/lib/Analysis/plugins/SAGenTestHandling/CMakeFiles/SAGenTestPlugin.dir/build.make:76: tools/clang/lib/Analysis/plugins/SAGenTestHandling/CMakeFiles/SAGenTestPlugin.dir/SAGenTestChecker.cpp.o] Error 1
make[2]: *** [CMakeFiles/Makefile2:31101: tools/clang/lib/Analysis/plugins/SAGenTestHandling/CMakeFiles/SAGenTestPlugin.dir/all] Error 2
make[1]: *** [CMakeFiles/Makefile2:31108: tools/clang/lib/Analysis/plugins/SAGenTestHandling/CMakeFiles/SAGenTestPlugin.dir/rule] Error 2
make: *** [Makefile:7495: SAGenTestPlugin] Error 2
