/scratch/chenyuan-data/SAGEN/llvm/llvm-4/clang/lib/Analysis/plugins/SAGenTestHandling/SAGenTestChecker.cpp:23:17: error: ‘taint’ is not a namespace-name
   23 | using namespace taint;
      |                 ^~~~~
/scratch/chenyuan-data/SAGEN/llvm/llvm-4/clang/lib/Analysis/plugins/SAGenTestHandling/SAGenTestChecker.cpp: In member function ‘bool {anonymous}::SectorVisitor::VisitVarDecl(clang::VarDecl*)’:
/scratch/chenyuan-data/SAGEN/llvm/llvm-4/clang/lib/Analysis/plugins/SAGenTestHandling/SAGenTestChecker.cpp:58:70: error: no matching function for call to ‘clang::ento::BasicBugReport::BasicBugReport(const clang::ento::BugType&, llvm::StringRef, clang::SourceLocation)’
   58 |                            BR.getSourceManager().getExpansionLoc(Loc));
      |                                                                      ^
In file included from /scratch/chenyuan-data/SAGEN/llvm/llvm-4/clang/lib/Analysis/plugins/SAGenTestHandling/SAGenTestChecker.cpp:8:
/scratch/chenyuan-data/SAGEN/llvm/llvm-4/clang/include/clang/StaticAnalyzer/Core/BugReporter/BugReporter.h:256:3: note: candidate: ‘clang::ento::BasicBugReport::BasicBugReport(const clang::ento::BugType&, llvm::StringRef, clang::ento::PathDiagnosticLocation)’
  256 |   BasicBugReport(const BugType &bt, StringRef desc, PathDiagnosticLocation l)
      |   ^~~~~~~~~~~~~~
/scratch/chenyuan-data/SAGEN/llvm/llvm-4/clang/include/clang/StaticAnalyzer/Core/BugReporter/BugReporter.h:256:76: note:   no known conversion for argument 3 from ‘clang::SourceLocation’ to ‘clang::ento::PathDiagnosticLocation’
  256 |   BasicBugReport(const BugType &bt, StringRef desc, PathDiagnosticLocation l)
      |                                                     ~~~~~~~~~~~~~~~~~~~~~~~^
/scratch/chenyuan-data/SAGEN/llvm/llvm-4/clang/include/clang/StaticAnalyzer/Core/BugReporter/BugReporter.h:251:7: note: candidate: ‘clang::ento::BasicBugReport::BasicBugReport(const clang::ento::BasicBugReport&)’
  251 | class BasicBugReport : public BugReport {
      |       ^~~~~~~~~~~~~~
/scratch/chenyuan-data/SAGEN/llvm/llvm-4/clang/include/clang/StaticAnalyzer/Core/BugReporter/BugReporter.h:251:7: note:   candidate expects 1 argument, 3 provided
/scratch/chenyuan-data/SAGEN/llvm/llvm-4/clang/include/clang/StaticAnalyzer/Core/BugReporter/BugReporter.h:251:7: note: candidate: ‘clang::ento::BasicBugReport::BasicBugReport(clang::ento::BasicBugReport&&)’
/scratch/chenyuan-data/SAGEN/llvm/llvm-4/clang/include/clang/StaticAnalyzer/Core/BugReporter/BugReporter.h:251:7: note:   candidate expects 1 argument, 3 provided
/scratch/chenyuan-data/SAGEN/llvm/llvm-4/clang/lib/Analysis/plugins/SAGenTestHandling/SAGenTestChecker.cpp:59:21: error: cannot convert ‘clang::ento::BugReport*’ to ‘std::unique_ptr<clang::ento::BugReport>’
   59 |       BR.emitReport(report);
      |                     ^~~~~~
      |                     |
      |                     clang::ento::BugReport*
In file included from /scratch/chenyuan-data/SAGEN/llvm/llvm-4/clang/lib/Analysis/plugins/SAGenTestHandling/SAGenTestChecker.cpp:8:
/scratch/chenyuan-data/SAGEN/llvm/llvm-4/clang/include/clang/StaticAnalyzer/Core/BugReporter/BugReporter.h:631:54: note:   initializing argument 1 of ‘virtual void clang::ento::BugReporter::emitReport(std::unique_ptr<clang::ento::BugReport>)’
  631 |   virtual void emitReport(std::unique_ptr<BugReport> R);
      |                           ~~~~~~~~~~~~~~~~~~~~~~~~~~~^
/scratch/chenyuan-data/SAGEN/llvm/llvm-4/clang/lib/Analysis/plugins/SAGenTestHandling/SAGenTestChecker.cpp: At global scope:
/scratch/chenyuan-data/SAGEN/llvm/llvm-4/clang/lib/Analysis/plugins/SAGenTestHandling/SAGenTestChecker.cpp:65:75: error: type/value mismatch at argument 1 in template parameter list for ‘template<class CHECK1, class ... CHECKs> class clang::ento::Checker’
   65 | class SAGenTestChecker : public Checker<check::ASTDecl, check::ASTCodeBody> {
      |                                                                           ^
/scratch/chenyuan-data/SAGEN/llvm/llvm-4/clang/lib/Analysis/plugins/SAGenTestHandling/SAGenTestChecker.cpp:65:75: note:   expected a type, got ‘ASTDecl’
/scratch/chenyuan-data/SAGEN/llvm/llvm-4/clang/lib/Analysis/plugins/SAGenTestHandling/SAGenTestChecker.cpp: In constructor ‘{anonymous}::SAGenTestChecker::SAGenTestChecker()’:
/scratch/chenyuan-data/SAGEN/llvm/llvm-4/clang/lib/Analysis/plugins/SAGenTestHandling/SAGenTestChecker.cpp:70:73: error: no matching function for call to ‘clang::ento::BugType::BugType({anonymous}::SAGenTestChecker*, const char [44])’
   70 |     : BT(new BugType(this, "Improper integer type for disk sector count")) {}
      |                                                                         ^
In file included from /scratch/chenyuan-data/SAGEN/llvm/llvm-4/clang/include/clang/StaticAnalyzer/Core/BugReporter/BugReporter.h:23,
                 from /scratch/chenyuan-data/SAGEN/llvm/llvm-4/clang/lib/Analysis/plugins/SAGenTestHandling/SAGenTestChecker.cpp:8:
/scratch/chenyuan-data/SAGEN/llvm/llvm-4/clang/include/clang/StaticAnalyzer/Core/BugReporter/BugType.h:42:3: note: candidate: ‘clang::ento::BugType::BugType(const clang::ento::CheckerBase*, llvm::StringRef, llvm::StringRef, bool)’
   42 |   BugType(const CheckerBase *Checker, StringRef Desc,
      |   ^~~~~~~
/scratch/chenyuan-data/SAGEN/llvm/llvm-4/clang/include/clang/StaticAnalyzer/Core/BugReporter/BugType.h:42:30: note:   no known conversion for argument 1 from ‘{anonymous}::SAGenTestChecker*’ to ‘const clang::ento::CheckerBase*’
   42 |   BugType(const CheckerBase *Checker, StringRef Desc,
      |           ~~~~~~~~~~~~~~~~~~~^~~~~~~
/scratch/chenyuan-data/SAGEN/llvm/llvm-4/clang/include/clang/StaticAnalyzer/Core/BugReporter/BugType.h:38:3: note: candidate: ‘clang::ento::BugType::BugType(clang::ento::CheckerNameRef, llvm::StringRef, llvm::StringRef, bool)’
   38 |   BugType(CheckerNameRef CheckerName, StringRef Desc,
      |   ^~~~~~~
/scratch/chenyuan-data/SAGEN/llvm/llvm-4/clang/include/clang/StaticAnalyzer/Core/BugReporter/BugType.h:38:26: note:   no known conversion for argument 1 from ‘{anonymous}::SAGenTestChecker*’ to ‘clang::ento::CheckerNameRef’
   38 |   BugType(CheckerNameRef CheckerName, StringRef Desc,
      |           ~~~~~~~~~~~~~~~^~~~~~~~~~~
/scratch/chenyuan-data/SAGEN/llvm/llvm-4/clang/include/clang/StaticAnalyzer/Core/BugReporter/BugType.h:27:7: note: candidate: ‘clang::ento::BugType::BugType(const clang::ento::BugType&)’
   27 | class BugType {
      |       ^~~~~~~
/scratch/chenyuan-data/SAGEN/llvm/llvm-4/clang/include/clang/StaticAnalyzer/Core/BugReporter/BugType.h:27:7: note:   candidate expects 1 argument, 2 provided
/scratch/chenyuan-data/SAGEN/llvm/llvm-4/clang/lib/Analysis/plugins/SAGenTestHandling/SAGenTestChecker.cpp: In member function ‘void {anonymous}::SAGenTestChecker::checkASTDecl(const clang::FunctionDecl*, clang::ento::AnalysisManager&, clang::ento::BugReporter&) const’:
/scratch/chenyuan-data/SAGEN/llvm/llvm-4/clang/lib/Analysis/plugins/SAGenTestHandling/SAGenTestChecker.cpp:96:51: error: no matching function for call to ‘clang::ento::BasicBugReport::BasicBugReport(clang::ento::BugType&, llvm::StringRef, clang::SourceLocation)’
   96 |                                  FD->getLocation());
      |                                                   ^
In file included from /scratch/chenyuan-data/SAGEN/llvm/llvm-4/clang/lib/Analysis/plugins/SAGenTestHandling/SAGenTestChecker.cpp:8:
/scratch/chenyuan-data/SAGEN/llvm/llvm-4/clang/include/clang/StaticAnalyzer/Core/BugReporter/BugReporter.h:256:3: note: candidate: ‘clang::ento::BasicBugReport::BasicBugReport(const clang::ento::BugType&, llvm::StringRef, clang::ento::PathDiagnosticLocation)’
  256 |   BasicBugReport(const BugType &bt, StringRef desc, PathDiagnosticLocation l)
      |   ^~~~~~~~~~~~~~
/scratch/chenyuan-data/SAGEN/llvm/llvm-4/clang/include/clang/StaticAnalyzer/Core/BugReporter/BugReporter.h:256:76: note:   no known conversion for argument 3 from ‘clang::SourceLocation’ to ‘clang::ento::PathDiagnosticLocation’
  256 |   BasicBugReport(const BugType &bt, StringRef desc, PathDiagnosticLocation l)
      |                                                     ~~~~~~~~~~~~~~~~~~~~~~~^
/scratch/chenyuan-data/SAGEN/llvm/llvm-4/clang/include/clang/StaticAnalyzer/Core/BugReporter/BugReporter.h:251:7: note: candidate: ‘clang::ento::BasicBugReport::BasicBugReport(const clang::ento::BasicBugReport&)’
  251 | class BasicBugReport : public BugReport {
      |       ^~~~~~~~~~~~~~
/scratch/chenyuan-data/SAGEN/llvm/llvm-4/clang/include/clang/StaticAnalyzer/Core/BugReporter/BugReporter.h:251:7: note:   candidate expects 1 argument, 3 provided
/scratch/chenyuan-data/SAGEN/llvm/llvm-4/clang/include/clang/StaticAnalyzer/Core/BugReporter/BugReporter.h:251:7: note: candidate: ‘clang::ento::BasicBugReport::BasicBugReport(clang::ento::BasicBugReport&&)’
/scratch/chenyuan-data/SAGEN/llvm/llvm-4/clang/include/clang/StaticAnalyzer/Core/BugReporter/BugReporter.h:251:7: note:   candidate expects 1 argument, 3 provided
/scratch/chenyuan-data/SAGEN/llvm/llvm-4/clang/lib/Analysis/plugins/SAGenTestHandling/SAGenTestChecker.cpp:97:23: error: cannot convert ‘clang::ento::BugReport*’ to ‘std::unique_ptr<clang::ento::BugReport>’
   97 |         BR.emitReport(report);
      |                       ^~~~~~
      |                       |
      |                       clang::ento::BugReport*
In file included from /scratch/chenyuan-data/SAGEN/llvm/llvm-4/clang/lib/Analysis/plugins/SAGenTestHandling/SAGenTestChecker.cpp:8:
/scratch/chenyuan-data/SAGEN/llvm/llvm-4/clang/include/clang/StaticAnalyzer/Core/BugReporter/BugReporter.h:631:54: note:   initializing argument 1 of ‘virtual void clang::ento::BugReporter::emitReport(std::unique_ptr<clang::ento::BugReport>)’
  631 |   virtual void emitReport(std::unique_ptr<BugReport> R);
      |                           ~~~~~~~~~~~~~~~~~~~~~~~~~~~^
In file included from /scratch/chenyuan-data/SAGEN/llvm/llvm-4/clang/include/clang/StaticAnalyzer/Core/Checker.h:18,
                 from /scratch/chenyuan-data/SAGEN/llvm/llvm-4/clang/include/clang/StaticAnalyzer/Core/BugReporter/BugType.h:18,
                 from /scratch/chenyuan-data/SAGEN/llvm/llvm-4/clang/include/clang/StaticAnalyzer/Core/BugReporter/BugReporter.h:23,
                 from /scratch/chenyuan-data/SAGEN/llvm/llvm-4/clang/lib/Analysis/plugins/SAGenTestHandling/SAGenTestChecker.cpp:8:
/scratch/chenyuan-data/SAGEN/llvm/llvm-4/clang/include/clang/StaticAnalyzer/Core/CheckerManager.h: In instantiation of ‘CHECKER* clang::ento::CheckerManager::registerChecker(AT&& ...) [with CHECKER = {anonymous}::SAGenTestChecker; AT = {}]’:
/scratch/chenyuan-data/SAGEN/llvm/llvm-4/clang/include/clang/StaticAnalyzer/Frontend/CheckerRegistry.h:108:36:   required from ‘static void clang::ento::CheckerRegistry::initializeManager(MGR&) [with MGR = clang::ento::CheckerManager; T = {anonymous}::SAGenTestChecker]’
/scratch/chenyuan-data/SAGEN/llvm/llvm-4/clang/include/clang/StaticAnalyzer/Frontend/CheckerRegistry.h:132:15:   required from ‘void clang::ento::CheckerRegistry::addChecker(llvm::StringRef, llvm::StringRef, llvm::StringRef, bool) [with T = {anonymous}::SAGenTestChecker]’
/scratch/chenyuan-data/SAGEN/llvm/llvm-4/clang/lib/Analysis/plugins/SAGenTestHandling/SAGenTestChecker.cpp:116:40:   required from here
/scratch/chenyuan-data/SAGEN/llvm/llvm-4/clang/include/clang/StaticAnalyzer/Core/CheckerManager.h:210:14: error: ‘class {anonymous}::SAGenTestChecker’ has no member named ‘Name’
  210 |     checker->Name = CurrentCheckerName;
      |     ~~~~~~~~~^~~~
/scratch/chenyuan-data/SAGEN/llvm/llvm-4/clang/include/clang/StaticAnalyzer/Core/CheckerManager.h:211:28: error: no matching function for call to ‘clang::ento::CheckerFn<void()>::CheckerFn({anonymous}::SAGenTestChecker*&, <unresolved overloaded function type>)’
  211 |     CheckerDtors.push_back(CheckerDtor(checker, destruct<CHECKER>));
      |                            ^~~~~~~~~~~~~~~~~~~~~~~~~~~~~~~~~~~~~~~
/scratch/chenyuan-data/SAGEN/llvm/llvm-4/clang/include/clang/StaticAnalyzer/Core/CheckerManager.h:69:3: note: candidate: ‘clang::ento::CheckerFn<RET(Ps ...)>::CheckerFn(clang::ento::CheckerBase*, clang::ento::CheckerFn<RET(Ps ...)>::Func) [with RET = void; Ps = {}; clang::ento::CheckerFn<RET(Ps ...)>::Func = void (*)(void*)]’
   69 |   CheckerFn(CheckerBase *checker, Func fn) : Fn(fn), Checker(checker) {}
      |   ^~~~~~~~~
/scratch/chenyuan-data/SAGEN/llvm/llvm-4/clang/include/clang/StaticAnalyzer/Core/CheckerManager.h:69:26: note:   no known conversion for argument 1 from ‘{anonymous}::SAGenTestChecker*’ to ‘clang::ento::CheckerBase*’
   69 |   CheckerFn(CheckerBase *checker, Func fn) : Fn(fn), Checker(checker) {}
      |             ~~~~~~~~~~~~~^~~~~~~
/scratch/chenyuan-data/SAGEN/llvm/llvm-4/clang/include/clang/StaticAnalyzer/Core/CheckerManager.h:61:7: note: candidate: ‘constexpr clang::ento::CheckerFn<void()>::CheckerFn(const clang::ento::CheckerFn<void()>&)’
   61 | class CheckerFn<RET(Ps...)> {
      |       ^~~~~~~~~~~~~~~~~~~~~
/scratch/chenyuan-data/SAGEN/llvm/llvm-4/clang/include/clang/StaticAnalyzer/Core/CheckerManager.h:61:7: note:   candidate expects 1 argument, 2 provided
/scratch/chenyuan-data/SAGEN/llvm/llvm-4/clang/include/clang/StaticAnalyzer/Core/CheckerManager.h:61:7: note: candidate: ‘constexpr clang::ento::CheckerFn<void()>::CheckerFn(clang::ento::CheckerFn<void()>&&)’
/scratch/chenyuan-data/SAGEN/llvm/llvm-4/clang/include/clang/StaticAnalyzer/Core/CheckerManager.h:61:7: note:   candidate expects 1 argument, 2 provided
/scratch/chenyuan-data/SAGEN/llvm/llvm-4/clang/include/clang/StaticAnalyzer/Core/CheckerManager.h:212:23: error: ‘_register’ is not a member of ‘{anonymous}::SAGenTestChecker’
  212 |     CHECKER::_register(checker, *this);
      |     ~~~~~~~~~~~~~~~~~~^~~~~~~~~~~~~~~~
/scratch/chenyuan-data/SAGEN/llvm/llvm-4/clang/include/clang/StaticAnalyzer/Core/CheckerManager.h:213:11: error: cannot convert ‘{anonymous}::SAGenTestChecker*’ to ‘clang::ento::CheckerManager::CheckerRef’ {aka ‘clang::ento::CheckerBase*’} in assignment
  213 |     ref = checker;
      |           ^~~~~~~
      |           |
      |           {anonymous}::SAGenTestChecker*
make[3]: *** [tools/clang/lib/Analysis/plugins/SAGenTestHandling/CMakeFiles/SAGenTestPlugin.dir/build.make:76: tools/clang/lib/Analysis/plugins/SAGenTestHandling/CMakeFiles/SAGenTestPlugin.dir/SAGenTestChecker.cpp.o] Error 1
make[2]: *** [CMakeFiles/Makefile2:31101: tools/clang/lib/Analysis/plugins/SAGenTestHandling/CMakeFiles/SAGenTestPlugin.dir/all] Error 2
make[1]: *** [CMakeFiles/Makefile2:31108: tools/clang/lib/Analysis/plugins/SAGenTestHandling/CMakeFiles/SAGenTestPlugin.dir/rule] Error 2
make: *** [Makefile:7495: SAGenTestPlugin] Error 2
