/scratch/chenyuan-data/SAGEN/llvm/llvm-4/clang/lib/Analysis/plugins/SAGenTestHandling/SAGenTestChecker.cpp: In function ‘bool HasName(const clang::Expr*, llvm::StringRef, clang::ASTContext&)’:
/scratch/chenyuan-data/SAGEN/llvm/llvm-4/clang/lib/Analysis/plugins/SAGenTestHandling/SAGenTestChecker.cpp:34:41: error: ‘class clang::DeclarationName’ has no member named ‘equals’
   34 |     return DRE->getNameInfo().getName().equals(Name);
      |                                         ^~~~~~
/scratch/chenyuan-data/SAGEN/llvm/llvm-4/clang/lib/Analysis/plugins/SAGenTestHandling/SAGenTestChecker.cpp:36:46: error: ‘class clang::DeclarationName’ has no member named ‘equals’
   36 |     return ME->getMemberNameInfo().getName().equals(Name);
      |                                              ^~~~~~
/scratch/chenyuan-data/SAGEN/llvm/llvm-4/clang/lib/Analysis/plugins/SAGenTestHandling/SAGenTestChecker.cpp: In member function ‘void OffByOneVisitor::reportBug(const clang::ArraySubscriptExpr*)’:
/scratch/chenyuan-data/SAGEN/llvm/llvm-4/clang/lib/Analysis/plugins/SAGenTestHandling/SAGenTestChecker.cpp:119:69: error: no matching function for call to ‘clang::ento::PathDiagnosticLocation::createBegin(const clang::ArraySubscriptExpr*&, const clang::SourceManager&, clang::ASTContext&)’
  119 |     PathDiagnosticLocation Loc = PathDiagnosticLocation::createBegin(ASE, BR.getSourceManager(), Ctx);
      |                                  ~~~~~~~~~~~~~~~~~~~~~~~~~~~~~~~~~~~^~~~~~~~~~~~~~~~~~~~~~~~~~~~~~~~~
In file included from /scratch/chenyuan-data/SAGEN/llvm/llvm-4/clang/include/clang/StaticAnalyzer/Core/BugReporter/BugReporter.h:17,
                 from /scratch/chenyuan-data/SAGEN/llvm/llvm-4/clang/lib/Analysis/plugins/SAGenTestHandling/SAGenTestChecker.cpp:9:
/scratch/chenyuan-data/SAGEN/llvm/llvm-4/clang/include/clang/Analysis/PathDiagnostic.h:254:33: note: candidate: ‘static clang::ento::PathDiagnosticLocation clang::ento::PathDiagnosticLocation::createBegin(const clang::Decl*, const clang::SourceManager&)’
  254 |   static PathDiagnosticLocation createBegin(const Decl *D,
      |                                 ^~~~~~~~~~~
/scratch/chenyuan-data/SAGEN/llvm/llvm-4/clang/include/clang/Analysis/PathDiagnostic.h:254:33: note:   candidate expects 2 arguments, 3 provided
/scratch/chenyuan-data/SAGEN/llvm/llvm-4/clang/include/clang/Analysis/PathDiagnostic.h:261:3: note: candidate: ‘static clang::ento::PathDiagnosticLocation clang::ento::PathDiagnosticLocation::createBegin(const clang::Decl*, const clang::SourceManager&, clang::ento::LocationOrAnalysisDeclContext)’
  261 |   createBegin(const Decl *D, const SourceManager &SM,
      |   ^~~~~~~~~~~
/scratch/chenyuan-data/SAGEN/llvm/llvm-4/clang/include/clang/Analysis/PathDiagnostic.h:261:27: note:   no known conversion for argument 1 from ‘const clang::ArraySubscriptExpr*’ to ‘const clang::Decl*’
  261 |   createBegin(const Decl *D, const SourceManager &SM,
      |               ~~~~~~~~~~~~^
/scratch/chenyuan-data/SAGEN/llvm/llvm-4/clang/include/clang/Analysis/PathDiagnostic.h:267:33: note: candidate: ‘static clang::ento::PathDiagnosticLocation clang::ento::PathDiagnosticLocation::createBegin(const clang::Stmt*, const clang::SourceManager&, clang::ento::LocationOrAnalysisDeclContext)’
  267 |   static PathDiagnosticLocation createBegin(const Stmt *S,
      |                                 ^~~~~~~~~~~
/scratch/chenyuan-data/SAGEN/llvm/llvm-4/clang/include/clang/Analysis/PathDiagnostic.h:269:81: note:   no known conversion for argument 3 from ‘clang::ASTContext’ to ‘clang::ento::LocationOrAnalysisDeclContext’ {aka ‘llvm::PointerUnion<const clang::LocationContext*, clang::AnalysisDeclContext*>’}
  269 |                                             const LocationOrAnalysisDeclContext LAC);
      |                                             ~~~~~~~~~~~~~~~~~~~~~~~~~~~~~~~~~~~~^~~
make[3]: *** [tools/clang/lib/Analysis/plugins/SAGenTestHandling/CMakeFiles/SAGenTestPlugin.dir/build.make:76: tools/clang/lib/Analysis/plugins/SAGenTestHandling/CMakeFiles/SAGenTestPlugin.dir/SAGenTestChecker.cpp.o] Error 1
make[2]: *** [CMakeFiles/Makefile2:31101: tools/clang/lib/Analysis/plugins/SAGenTestHandling/CMakeFiles/SAGenTestPlugin.dir/all] Error 2
make[1]: *** [CMakeFiles/Makefile2:31108: tools/clang/lib/Analysis/plugins/SAGenTestHandling/CMakeFiles/SAGenTestPlugin.dir/rule] Error 2
make: *** [Makefile:7495: SAGenTestPlugin] Error 2
