/scratch/chenyuan-data/SAGEN/llvm/llvm-4/clang/lib/Analysis/plugins/SAGenTestHandling/SAGenTestChecker.cpp:71:44: error: expected initializer before ‘extractDeclFromBaseExpr’
   71 | const ValueDecl *SAGEN_NO_SANITIZE_ADDRESS extractDeclFromBaseExpr(const Expr *E) {
      |                                            ^~~~~~~~~~~~~~~~~~~~~~~
/scratch/chenyuan-data/SAGEN/llvm/llvm-4/clang/lib/Analysis/plugins/SAGenTestHandling/SAGenTestChecker.cpp: In static member function ‘static const clang::ValueDecl* {anonymous}::SAGenTestChecker::extractLockKeyFromExpr(const clang::Expr*)’:
/scratch/chenyuan-data/SAGEN/llvm/llvm-4/clang/lib/Analysis/plugins/SAGenTestHandling/SAGenTestChecker.cpp:91:14: error: ‘extractDeclFromBaseExpr’ was not declared in this scope
   91 |       return extractDeclFromBaseExpr(UO->getSubExpr());
      |              ^~~~~~~~~~~~~~~~~~~~~~~
/scratch/chenyuan-data/SAGEN/llvm/llvm-4/clang/lib/Analysis/plugins/SAGenTestHandling/SAGenTestChecker.cpp:96:10: error: ‘extractDeclFromBaseExpr’ was not declared in this scope
   96 |   return extractDeclFromBaseExpr(E);
      |          ^~~~~~~~~~~~~~~~~~~~~~~
/scratch/chenyuan-data/SAGEN/llvm/llvm-4/clang/lib/Analysis/plugins/SAGenTestHandling/SAGenTestChecker.cpp: In member function ‘void {anonymous}::SAGenTestChecker::reportUnlockClear(const clang::Stmt*, clang::ento::CheckerContext&, const clang::FieldDecl*, const clang::ValueDecl*) const’:
/scratch/chenyuan-data/SAGEN/llvm/llvm-4/clang/lib/Analysis/plugins/SAGenTestHandling/SAGenTestChecker.cpp:211:69: error: cannot convert ‘clang::SourceLocation’ to ‘const clang::ento::PathDiagnosticLocation&’
  211 |     R->addNote("Field is used under lock elsewhere", FD->getLocation());
      |                                                      ~~~~~~~~~~~~~~~^~
      |                                                                     |
      |                                                                     clang::SourceLocation
In file included from /scratch/chenyuan-data/SAGEN/llvm/llvm-4/clang/lib/Analysis/plugins/SAGenTestHandling/SAGenTestChecker.cpp:1:
/scratch/chenyuan-data/SAGEN/llvm/llvm-4/clang/include/clang/StaticAnalyzer/Core/BugReporter/BugReporter.h:201:61: note:   initializing argument 2 of ‘void clang::ento::BugReport::addNote(llvm::StringRef, const clang::ento::PathDiagnosticLocation&, llvm::ArrayRef<clang::SourceRange>)’
  201 |   void addNote(StringRef Msg, const PathDiagnosticLocation &Pos,
      |                               ~~~~~~~~~~~~~~~~~~~~~~~~~~~~~~^~~
make[3]: *** [tools/clang/lib/Analysis/plugins/SAGenTestHandling/CMakeFiles/SAGenTestPlugin.dir/build.make:76: tools/clang/lib/Analysis/plugins/SAGenTestHandling/CMakeFiles/SAGenTestPlugin.dir/SAGenTestChecker.cpp.o] Error 1
make[2]: *** [CMakeFiles/Makefile2:31101: tools/clang/lib/Analysis/plugins/SAGenTestHandling/CMakeFiles/SAGenTestPlugin.dir/all] Error 2
make[1]: *** [CMakeFiles/Makefile2:31108: tools/clang/lib/Analysis/plugins/SAGenTestHandling/CMakeFiles/SAGenTestPlugin.dir/rule] Error 2
make: *** [Makefile:7495: SAGenTestPlugin] Error 2
