/scratch/chenyuan-data/SAGEN/llvm/llvm-4/clang/lib/Analysis/plugins/SAGenTestHandling/SAGenTestChecker.cpp: In member function ‘bool DiskSectorsVisitor::VisitVarDecl(clang::VarDecl*)’:
/scratch/chenyuan-data/SAGEN/llvm/llvm-4/clang/lib/Analysis/plugins/SAGenTestHandling/SAGenTestChecker.cpp:56:50: error: no matching function for call to ‘clang::ento::PathDiagnosticLocation::createBegin(clang::SourceLocation, const clang::SourceManager&, const clang::LangOptions&)’
   56 |               PathDiagnosticLocation::createBegin(VD->getBeginLoc(),
      |               ~~~~~~~~~~~~~~~~~~~~~~~~~~~~~~~~~~~^~~~~~~~~~~~~~~~~~~
   57 |                                                     BR.getSourceManager(),
      |                                                     ~~~~~~~~~~~~~~~~~~~~~~
   58 |                                                     VD->getASTContext().getLangOpts());
      |                                                     ~~~~~~~~~~~~~~~~~~~~~~~~~~~~~~~~~~
In file included from /scratch/chenyuan-data/SAGEN/llvm/llvm-4/clang/include/clang/StaticAnalyzer/Core/BugReporter/BugReporter.h:17,
                 from /scratch/chenyuan-data/SAGEN/llvm/llvm-4/clang/lib/Analysis/plugins/SAGenTestHandling/SAGenTestChecker.cpp:1:
/scratch/chenyuan-data/SAGEN/llvm/llvm-4/clang/include/clang/Analysis/PathDiagnostic.h:254:33: note: candidate: ‘static clang::ento::PathDiagnosticLocation clang::ento::PathDiagnosticLocation::createBegin(const clang::Decl*, const clang::SourceManager&)’
  254 |   static PathDiagnosticLocation createBegin(const Decl *D,
      |                                 ^~~~~~~~~~~
/scratch/chenyuan-data/SAGEN/llvm/llvm-4/clang/include/clang/Analysis/PathDiagnostic.h:254:33: note:   candidate expects 2 arguments, 3 provided
/scratch/chenyuan-data/SAGEN/llvm/llvm-4/clang/include/clang/Analysis/PathDiagnostic.h:261:3: note: candidate: ‘static clang::ento::PathDiagnosticLocation clang::ento::PathDiagnosticLocation::createBegin(const clang::Decl*, const clang::SourceManager&, clang::ento::LocationOrAnalysisDeclContext)’
  261 |   createBegin(const Decl *D, const SourceManager &SM,
      |   ^~~~~~~~~~~
/scratch/chenyuan-data/SAGEN/llvm/llvm-4/clang/include/clang/Analysis/PathDiagnostic.h:261:27: note:   no known conversion for argument 1 from ‘clang::SourceLocation’ to ‘const clang::Decl*’
  261 |   createBegin(const Decl *D, const SourceManager &SM,
      |               ~~~~~~~~~~~~^
/scratch/chenyuan-data/SAGEN/llvm/llvm-4/clang/include/clang/Analysis/PathDiagnostic.h:267:33: note: candidate: ‘static clang::ento::PathDiagnosticLocation clang::ento::PathDiagnosticLocation::createBegin(const clang::Stmt*, const clang::SourceManager&, clang::ento::LocationOrAnalysisDeclContext)’
  267 |   static PathDiagnosticLocation createBegin(const Stmt *S,
      |                                 ^~~~~~~~~~~
/scratch/chenyuan-data/SAGEN/llvm/llvm-4/clang/include/clang/Analysis/PathDiagnostic.h:267:57: note:   no known conversion for argument 1 from ‘clang::SourceLocation’ to ‘const clang::Stmt*’
  267 |   static PathDiagnosticLocation createBegin(const Stmt *S,
      |                                             ~~~~~~~~~~~~^
make[3]: *** [tools/clang/lib/Analysis/plugins/SAGenTestHandling/CMakeFiles/SAGenTestPlugin.dir/build.make:76: tools/clang/lib/Analysis/plugins/SAGenTestHandling/CMakeFiles/SAGenTestPlugin.dir/SAGenTestChecker.cpp.o] Error 1
make[2]: *** [CMakeFiles/Makefile2:31101: tools/clang/lib/Analysis/plugins/SAGenTestHandling/CMakeFiles/SAGenTestPlugin.dir/all] Error 2
make[1]: *** [CMakeFiles/Makefile2:31108: tools/clang/lib/Analysis/plugins/SAGenTestHandling/CMakeFiles/SAGenTestPlugin.dir/rule] Error 2
make: *** [Makefile:7495: SAGenTestPlugin] Error 2
