/scratch/chenyuan-data/SAGEN/llvm/llvm-4/clang/lib/Analysis/plugins/SAGenTestHandling/SAGenTestChecker.cpp: In member function ‘bool {anonymous}::DiskResVisitor::VisitVarDecl(clang::VarDecl*)’:
/scratch/chenyuan-data/SAGEN/llvm/llvm-4/clang/lib/Analysis/plugins/SAGenTestHandling/SAGenTestChecker.cpp:39:55: error: no matching function for call to ‘clang::ento::PathDiagnosticLocation::createBegin(clang::VarDecl*&, const clang::SourceManager&, const clang::LangOptions&)’
   39 |         auto Loc = PathDiagnosticLocation::createBegin(
      |                    ~~~~~~~~~~~~~~~~~~~~~~~~~~~~~~~~~~~^
   40 |             VD, BR.getSourceManager(), Ctx.getLangOpts());
      |             ~~~~~~~~~~~~~~~~~~~~~~~~~~~~~~~~~~~~~~~~~~~~~
In file included from /scratch/chenyuan-data/SAGEN/llvm/llvm-4/clang/include/clang/StaticAnalyzer/Core/BugReporter/BugReporter.h:17,
                 from /scratch/chenyuan-data/SAGEN/llvm/llvm-4/clang/lib/Analysis/plugins/SAGenTestHandling/SAGenTestChecker.cpp:7:
/scratch/chenyuan-data/SAGEN/llvm/llvm-4/clang/include/clang/Analysis/PathDiagnostic.h:254:33: note: candidate: ‘static clang::ento::PathDiagnosticLocation clang::ento::PathDiagnosticLocation::createBegin(const clang::Decl*, const clang::SourceManager&)’
  254 |   static PathDiagnosticLocation createBegin(const Decl *D,
      |                                 ^~~~~~~~~~~
/scratch/chenyuan-data/SAGEN/llvm/llvm-4/clang/include/clang/Analysis/PathDiagnostic.h:254:33: note:   candidate expects 2 arguments, 3 provided
/scratch/chenyuan-data/SAGEN/llvm/llvm-4/clang/include/clang/Analysis/PathDiagnostic.h:261:3: note: candidate: ‘static clang::ento::PathDiagnosticLocation clang::ento::PathDiagnosticLocation::createBegin(const clang::Decl*, const clang::SourceManager&, clang::ento::LocationOrAnalysisDeclContext)’
  261 |   createBegin(const Decl *D, const SourceManager &SM,
      |   ^~~~~~~~~~~
/scratch/chenyuan-data/SAGEN/llvm/llvm-4/clang/include/clang/Analysis/PathDiagnostic.h:262:51: note:   no known conversion for argument 3 from ‘const clang::LangOptions’ to ‘clang::ento::LocationOrAnalysisDeclContext’ {aka ‘llvm::PointerUnion<const clang::LocationContext*, clang::AnalysisDeclContext*>’}
  262 |               const LocationOrAnalysisDeclContext LAC) {
      |               ~~~~~~~~~~~~~~~~~~~~~~~~~~~~~~~~~~~~^~~
/scratch/chenyuan-data/SAGEN/llvm/llvm-4/clang/include/clang/Analysis/PathDiagnostic.h:267:33: note: candidate: ‘static clang::ento::PathDiagnosticLocation clang::ento::PathDiagnosticLocation::createBegin(const clang::Stmt*, const clang::SourceManager&, clang::ento::LocationOrAnalysisDeclContext)’
  267 |   static PathDiagnosticLocation createBegin(const Stmt *S,
      |                                 ^~~~~~~~~~~
/scratch/chenyuan-data/SAGEN/llvm/llvm-4/clang/include/clang/Analysis/PathDiagnostic.h:267:57: note:   no known conversion for argument 1 from ‘clang::VarDecl*’ to ‘const clang::Stmt*’
  267 |   static PathDiagnosticLocation createBegin(const Stmt *S,
      |                                             ~~~~~~~~~~~~^
/scratch/chenyuan-data/SAGEN/llvm/llvm-4/clang/lib/Analysis/plugins/SAGenTestHandling/SAGenTestChecker.cpp: At global scope:
/scratch/chenyuan-data/SAGEN/llvm/llvm-4/clang/lib/Analysis/plugins/SAGenTestHandling/SAGenTestChecker.cpp:53:41: error: wrong number of template arguments (0, should be at least 1)
   53 | class SAGenTestChecker : public Checker<> {
      |                                         ^
In file included from /scratch/chenyuan-data/SAGEN/llvm/llvm-4/clang/include/clang/StaticAnalyzer/Core/BugReporter/BugType.h:18,
                 from /scratch/chenyuan-data/SAGEN/llvm/llvm-4/clang/include/clang/StaticAnalyzer/Core/BugReporter/BugReporter.h:23,
                 from /scratch/chenyuan-data/SAGEN/llvm/llvm-4/clang/lib/Analysis/plugins/SAGenTestHandling/SAGenTestChecker.cpp:7:
/scratch/chenyuan-data/SAGEN/llvm/llvm-4/clang/include/clang/StaticAnalyzer/Core/Checker.h:512:7: note: provided for ‘template<class CHECK1, class ... CHECKs> class clang::ento::Checker’
  512 | class Checker : public CHECK1, public CHECKs..., public CheckerBase {
      |       ^~~~~~~
/scratch/chenyuan-data/SAGEN/llvm/llvm-4/clang/lib/Analysis/plugins/SAGenTestHandling/SAGenTestChecker.cpp: In constructor ‘{anonymous}::SAGenTestChecker::SAGenTestChecker()’:
/scratch/chenyuan-data/SAGEN/llvm/llvm-4/clang/lib/Analysis/plugins/SAGenTestHandling/SAGenTestChecker.cpp:61:78: error: no matching function for call to ‘clang::ento::BugType::BugType(const char [27], const char [17], {anonymous}::SAGenTestChecker*)’
   61 |       : BT(new BugType("Potential Integer Overflow", "Integer Overflow", this)) {}
      |                                                                              ^
In file included from /scratch/chenyuan-data/SAGEN/llvm/llvm-4/clang/include/clang/StaticAnalyzer/Core/BugReporter/BugReporter.h:23,
                 from /scratch/chenyuan-data/SAGEN/llvm/llvm-4/clang/lib/Analysis/plugins/SAGenTestHandling/SAGenTestChecker.cpp:7:
/scratch/chenyuan-data/SAGEN/llvm/llvm-4/clang/include/clang/StaticAnalyzer/Core/BugReporter/BugType.h:42:3: note: candidate: ‘clang::ento::BugType::BugType(const clang::ento::CheckerBase*, llvm::StringRef, llvm::StringRef, bool)’
   42 |   BugType(const CheckerBase *Checker, StringRef Desc,
      |   ^~~~~~~
/scratch/chenyuan-data/SAGEN/llvm/llvm-4/clang/include/clang/StaticAnalyzer/Core/BugReporter/BugType.h:42:30: note:   no known conversion for argument 1 from ‘const char [27]’ to ‘const clang::ento::CheckerBase*’
   42 |   BugType(const CheckerBase *Checker, StringRef Desc,
      |           ~~~~~~~~~~~~~~~~~~~^~~~~~~
/scratch/chenyuan-data/SAGEN/llvm/llvm-4/clang/include/clang/StaticAnalyzer/Core/BugReporter/BugType.h:38:3: note: candidate: ‘clang::ento::BugType::BugType(clang::ento::CheckerNameRef, llvm::StringRef, llvm::StringRef, bool)’
   38 |   BugType(CheckerNameRef CheckerName, StringRef Desc,
      |   ^~~~~~~
/scratch/chenyuan-data/SAGEN/llvm/llvm-4/clang/include/clang/StaticAnalyzer/Core/BugReporter/BugType.h:38:26: note:   no known conversion for argument 1 from ‘const char [27]’ to ‘clang::ento::CheckerNameRef’
   38 |   BugType(CheckerNameRef CheckerName, StringRef Desc,
      |           ~~~~~~~~~~~~~~~^~~~~~~~~~~
/scratch/chenyuan-data/SAGEN/llvm/llvm-4/clang/include/clang/StaticAnalyzer/Core/BugReporter/BugType.h:27:7: note: candidate: ‘clang::ento::BugType::BugType(const clang::ento::BugType&)’
   27 | class BugType {
      |       ^~~~~~~
/scratch/chenyuan-data/SAGEN/llvm/llvm-4/clang/include/clang/StaticAnalyzer/Core/BugReporter/BugType.h:27:7: note:   candidate expects 1 argument, 3 provided
/scratch/chenyuan-data/SAGEN/llvm/llvm-4/clang/lib/Analysis/plugins/SAGenTestHandling/SAGenTestChecker.cpp: In member function ‘void {anonymous}::SAGenTestChecker::checkASTDecl(const clang::Decl*, clang::ento::AnalysisManager&, clang::ento::BugReporter&) const’:
/scratch/chenyuan-data/SAGEN/llvm/llvm-4/clang/lib/Analysis/plugins/SAGenTestHandling/SAGenTestChecker.cpp:93:59: error: no matching function for call to ‘clang::ento::PathDiagnosticLocation::createBegin(const clang::ParmVarDecl*&, const clang::SourceManager&, const clang::LangOptions&)’
   93 |             auto Loc = PathDiagnosticLocation::createBegin(
      |                        ~~~~~~~~~~~~~~~~~~~~~~~~~~~~~~~~~~~^
   94 |                 PVD, BR.getSourceManager(), Ctx.getLangOpts());
      |                 ~~~~~~~~~~~~~~~~~~~~~~~~~~~~~~~~~~~~~~~~~~~~~~
In file included from /scratch/chenyuan-data/SAGEN/llvm/llvm-4/clang/include/clang/StaticAnalyzer/Core/BugReporter/BugReporter.h:17,
                 from /scratch/chenyuan-data/SAGEN/llvm/llvm-4/clang/lib/Analysis/plugins/SAGenTestHandling/SAGenTestChecker.cpp:7:
/scratch/chenyuan-data/SAGEN/llvm/llvm-4/clang/include/clang/Analysis/PathDiagnostic.h:254:33: note: candidate: ‘static clang::ento::PathDiagnosticLocation clang::ento::PathDiagnosticLocation::createBegin(const clang::Decl*, const clang::SourceManager&)’
  254 |   static PathDiagnosticLocation createBegin(const Decl *D,
      |                                 ^~~~~~~~~~~
/scratch/chenyuan-data/SAGEN/llvm/llvm-4/clang/include/clang/Analysis/PathDiagnostic.h:254:33: note:   candidate expects 2 arguments, 3 provided
/scratch/chenyuan-data/SAGEN/llvm/llvm-4/clang/include/clang/Analysis/PathDiagnostic.h:261:3: note: candidate: ‘static clang::ento::PathDiagnosticLocation clang::ento::PathDiagnosticLocation::createBegin(const clang::Decl*, const clang::SourceManager&, clang::ento::LocationOrAnalysisDeclContext)’
  261 |   createBegin(const Decl *D, const SourceManager &SM,
      |   ^~~~~~~~~~~
/scratch/chenyuan-data/SAGEN/llvm/llvm-4/clang/include/clang/Analysis/PathDiagnostic.h:262:51: note:   no known conversion for argument 3 from ‘const clang::LangOptions’ to ‘clang::ento::LocationOrAnalysisDeclContext’ {aka ‘llvm::PointerUnion<const clang::LocationContext*, clang::AnalysisDeclContext*>’}
  262 |               const LocationOrAnalysisDeclContext LAC) {
      |               ~~~~~~~~~~~~~~~~~~~~~~~~~~~~~~~~~~~~^~~
/scratch/chenyuan-data/SAGEN/llvm/llvm-4/clang/include/clang/Analysis/PathDiagnostic.h:267:33: note: candidate: ‘static clang::ento::PathDiagnosticLocation clang::ento::PathDiagnosticLocation::createBegin(const clang::Stmt*, const clang::SourceManager&, clang::ento::LocationOrAnalysisDeclContext)’
  267 |   static PathDiagnosticLocation createBegin(const Stmt *S,
      |                                 ^~~~~~~~~~~
/scratch/chenyuan-data/SAGEN/llvm/llvm-4/clang/include/clang/Analysis/PathDiagnostic.h:267:57: note:   no known conversion for argument 1 from ‘const clang::ParmVarDecl*’ to ‘const clang::Stmt*’
  267 |   static PathDiagnosticLocation createBegin(const Stmt *S,
      |                                             ~~~~~~~~~~~~^
In file included from /scratch/chenyuan-data/SAGEN/llvm/llvm-4/clang/include/clang/StaticAnalyzer/Core/Checker.h:18,
                 from /scratch/chenyuan-data/SAGEN/llvm/llvm-4/clang/include/clang/StaticAnalyzer/Core/BugReporter/BugType.h:18,
                 from /scratch/chenyuan-data/SAGEN/llvm/llvm-4/clang/include/clang/StaticAnalyzer/Core/BugReporter/BugReporter.h:23,
                 from /scratch/chenyuan-data/SAGEN/llvm/llvm-4/clang/lib/Analysis/plugins/SAGenTestHandling/SAGenTestChecker.cpp:7:
/scratch/chenyuan-data/SAGEN/llvm/llvm-4/clang/include/clang/StaticAnalyzer/Core/CheckerManager.h: In instantiation of ‘CHECKER* clang::ento::CheckerManager::registerChecker(AT&& ...) [with CHECKER = {anonymous}::SAGenTestChecker; AT = {}]’:
/scratch/chenyuan-data/SAGEN/llvm/llvm-4/clang/include/clang/StaticAnalyzer/Frontend/CheckerRegistry.h:108:36:   required from ‘static void clang::ento::CheckerRegistry::initializeManager(MGR&) [with MGR = clang::ento::CheckerManager; T = {anonymous}::SAGenTestChecker]’
/scratch/chenyuan-data/SAGEN/llvm/llvm-4/clang/include/clang/StaticAnalyzer/Frontend/CheckerRegistry.h:132:15:   required from ‘void clang::ento::CheckerRegistry::addChecker(llvm::StringRef, llvm::StringRef, llvm::StringRef, bool) [with T = {anonymous}::SAGenTestChecker]’
/scratch/chenyuan-data/SAGEN/llvm/llvm-4/clang/lib/Analysis/plugins/SAGenTestHandling/SAGenTestChecker.cpp:109:40:   required from here
/scratch/chenyuan-data/SAGEN/llvm/llvm-4/clang/include/clang/StaticAnalyzer/Core/CheckerManager.h:210:14: error: ‘class {anonymous}::SAGenTestChecker’ has no member named ‘Name’
  210 |     checker->Name = CurrentCheckerName;
      |     ~~~~~~~~~^~~~
/scratch/chenyuan-data/SAGEN/llvm/llvm-4/clang/include/clang/StaticAnalyzer/Core/CheckerManager.h:211:28: error: no matching function for call to ‘clang::ento::CheckerFn<void()>::CheckerFn({anonymous}::SAGenTestChecker*&, <unresolved overloaded function type>)’
  211 |     CheckerDtors.push_back(CheckerDtor(checker, destruct<CHECKER>));
      |                            ^~~~~~~~~~~~~~~~~~~~~~~~~~~~~~~~~~~~~~~
/scratch/chenyuan-data/SAGEN/llvm/llvm-4/clang/include/clang/StaticAnalyzer/Core/CheckerManager.h:69:3: note: candidate: ‘clang::ento::CheckerFn<RET(Ps ...)>::CheckerFn(clang::ento::CheckerBase*, clang::ento::CheckerFn<RET(Ps ...)>::Func) [with RET = void; Ps = {}; clang::ento::CheckerFn<RET(Ps ...)>::Func = void (*)(void*)]’
   69 |   CheckerFn(CheckerBase *checker, Func fn) : Fn(fn), Checker(checker) {}
      |   ^~~~~~~~~
/scratch/chenyuan-data/SAGEN/llvm/llvm-4/clang/include/clang/StaticAnalyzer/Core/CheckerManager.h:69:26: note:   no known conversion for argument 1 from ‘{anonymous}::SAGenTestChecker*’ to ‘clang::ento::CheckerBase*’
   69 |   CheckerFn(CheckerBase *checker, Func fn) : Fn(fn), Checker(checker) {}
      |             ~~~~~~~~~~~~~^~~~~~~
/scratch/chenyuan-data/SAGEN/llvm/llvm-4/clang/include/clang/StaticAnalyzer/Core/CheckerManager.h:61:7: note: candidate: ‘constexpr clang::ento::CheckerFn<void()>::CheckerFn(const clang::ento::CheckerFn<void()>&)’
   61 | class CheckerFn<RET(Ps...)> {
      |       ^~~~~~~~~~~~~~~~~~~~~
/scratch/chenyuan-data/SAGEN/llvm/llvm-4/clang/include/clang/StaticAnalyzer/Core/CheckerManager.h:61:7: note:   candidate expects 1 argument, 2 provided
/scratch/chenyuan-data/SAGEN/llvm/llvm-4/clang/include/clang/StaticAnalyzer/Core/CheckerManager.h:61:7: note: candidate: ‘constexpr clang::ento::CheckerFn<void()>::CheckerFn(clang::ento::CheckerFn<void()>&&)’
/scratch/chenyuan-data/SAGEN/llvm/llvm-4/clang/include/clang/StaticAnalyzer/Core/CheckerManager.h:61:7: note:   candidate expects 1 argument, 2 provided
/scratch/chenyuan-data/SAGEN/llvm/llvm-4/clang/include/clang/StaticAnalyzer/Core/CheckerManager.h:212:23: error: ‘_register’ is not a member of ‘{anonymous}::SAGenTestChecker’
  212 |     CHECKER::_register(checker, *this);
      |     ~~~~~~~~~~~~~~~~~~^~~~~~~~~~~~~~~~
/scratch/chenyuan-data/SAGEN/llvm/llvm-4/clang/include/clang/StaticAnalyzer/Core/CheckerManager.h:213:11: error: cannot convert ‘{anonymous}::SAGenTestChecker*’ to ‘clang::ento::CheckerManager::CheckerRef’ {aka ‘clang::ento::CheckerBase*’} in assignment
  213 |     ref = checker;
      |           ^~~~~~~
      |           |
      |           {anonymous}::SAGenTestChecker*
/scratch/chenyuan-data/SAGEN/llvm/llvm-4/clang/lib/Analysis/plugins/SAGenTestHandling/SAGenTestChecker.cpp: At global scope:
/scratch/chenyuan-data/SAGEN/llvm/llvm-4/clang/lib/Analysis/plugins/SAGenTestHandling/SAGenTestChecker.cpp:68:6: warning: ‘void {anonymous}::SAGenTestChecker::checkASTDecl(const clang::Decl*, clang::ento::AnalysisManager&, clang::ento::BugReporter&) const’ defined but not used [-Wunused-function]
   68 | void SAGenTestChecker::checkASTDecl(const Decl *D, AnalysisManager &Mgr,
      |      ^~~~~~~~~~~~~~~~
make[3]: *** [tools/clang/lib/Analysis/plugins/SAGenTestHandling/CMakeFiles/SAGenTestPlugin.dir/build.make:76: tools/clang/lib/Analysis/plugins/SAGenTestHandling/CMakeFiles/SAGenTestPlugin.dir/SAGenTestChecker.cpp.o] Error 1
make[2]: *** [CMakeFiles/Makefile2:31101: tools/clang/lib/Analysis/plugins/SAGenTestHandling/CMakeFiles/SAGenTestPlugin.dir/all] Error 2
make[1]: *** [CMakeFiles/Makefile2:31108: tools/clang/lib/Analysis/plugins/SAGenTestHandling/CMakeFiles/SAGenTestPlugin.dir/rule] Error 2
make: *** [Makefile:7495: SAGenTestPlugin] Error 2
