/scratch/chenyuan-data/SAGEN/llvm/llvm-4/clang/lib/Analysis/plugins/SAGenTestHandling/SAGenTestChecker.cpp: In member function ‘void {anonymous}::SAGenTestChecker::checkBind(clang::ento::SVal, clang::ento::SVal, const clang::Stmt*, clang::ento::CheckerContext&) const’:
/scratch/chenyuan-data/SAGEN/llvm/llvm-4/clang/lib/Analysis/plugins/SAGenTestHandling/SAGenTestChecker.cpp:157:39: error: ‘ParmVarRegion’ was not declared in this scope
  157 |   if (!(isa<VarRegion>(LHSReg) || isa<ParmVarRegion>(LHSReg)))
      |                                       ^~~~~~~~~~~~~
/scratch/chenyuan-data/SAGEN/llvm/llvm-4/clang/lib/Analysis/plugins/SAGenTestHandling/SAGenTestChecker.cpp:157:53: error: no matching function for call to ‘isa<<expression error> >(const clang::ento::MemRegion*&)’
  157 |   if (!(isa<VarRegion>(LHSReg) || isa<ParmVarRegion>(LHSReg)))
      |                                   ~~~~~~~~~~~~~~~~~~^~~~~~~~
In file included from /scratch/chenyuan-data/SAGEN/llvm/llvm-4/clang/include/clang/Basic/LLVM.h:21,
                 from /scratch/chenyuan-data/SAGEN/llvm/llvm-4/clang/include/clang/AST/APValue.h:16,
                 from /scratch/chenyuan-data/SAGEN/llvm/llvm-4/clang/include/clang/AST/Stmt.h:16,
                 from /scratch/chenyuan-data/SAGEN/llvm/llvm-4/clang/include/clang/Analysis/PathDiagnostic.h:16,
                 from /scratch/chenyuan-data/SAGEN/llvm/llvm-4/clang/include/clang/StaticAnalyzer/Core/BugReporter/BugReporter.h:17,
                 from /scratch/chenyuan-data/SAGEN/llvm/llvm-4/clang/lib/Analysis/plugins/SAGenTestHandling/SAGenTestChecker.cpp:1:
/scratch/chenyuan-data/SAGEN/llvm/llvm-4/llvm/include/llvm/Support/Casting.h:553:27: note: candidate: ‘template<class First, class Second, class ... Rest, class From> bool llvm::isa(const From&)’
  553 | [[nodiscard]] inline bool isa(const From &Val) {
      |                           ^~~
/scratch/chenyuan-data/SAGEN/llvm/llvm-4/llvm/include/llvm/Support/Casting.h:553:27: note:   template argument deduction/substitution failed:
/scratch/chenyuan-data/SAGEN/llvm/llvm-4/clang/lib/Analysis/plugins/SAGenTestHandling/SAGenTestChecker.cpp:157:53: error: template argument 1 is invalid
  157 |   if (!(isa<VarRegion>(LHSReg) || isa<ParmVarRegion>(LHSReg)))
      |                                   ~~~~~~~~~~~~~~~~~~^~~~~~~~
In file included from /scratch/chenyuan-data/SAGEN/llvm/llvm-4/clang/include/clang/Basic/LLVM.h:21,
                 from /scratch/chenyuan-data/SAGEN/llvm/llvm-4/clang/include/clang/AST/APValue.h:16,
                 from /scratch/chenyuan-data/SAGEN/llvm/llvm-4/clang/include/clang/AST/Stmt.h:16,
                 from /scratch/chenyuan-data/SAGEN/llvm/llvm-4/clang/include/clang/Analysis/PathDiagnostic.h:16,
                 from /scratch/chenyuan-data/SAGEN/llvm/llvm-4/clang/include/clang/StaticAnalyzer/Core/BugReporter/BugReporter.h:17,
                 from /scratch/chenyuan-data/SAGEN/llvm/llvm-4/clang/lib/Analysis/plugins/SAGenTestHandling/SAGenTestChecker.cpp:1:
/scratch/chenyuan-data/SAGEN/llvm/llvm-4/llvm/include/llvm/Support/Casting.h:548:27: note: candidate: ‘template<class To, class From> bool llvm::isa(const From&)’
  548 | [[nodiscard]] inline bool isa(const From &Val) {
      |                           ^~~
/scratch/chenyuan-data/SAGEN/llvm/llvm-4/llvm/include/llvm/Support/Casting.h:548:27: note:   template argument deduction/substitution failed:
/scratch/chenyuan-data/SAGEN/llvm/llvm-4/clang/lib/Analysis/plugins/SAGenTestHandling/SAGenTestChecker.cpp:157:53: error: template argument 1 is invalid
  157 |   if (!(isa<VarRegion>(LHSReg) || isa<ParmVarRegion>(LHSReg)))
      |                                   ~~~~~~~~~~~~~~~~~~^~~~~~~~
/scratch/chenyuan-data/SAGEN/llvm/llvm-4/clang/lib/Analysis/plugins/SAGenTestHandling/SAGenTestChecker.cpp: In member function ‘void {anonymous}::SAGenTestChecker::checkPreCall(const clang::ento::CallEvent&, clang::ento::CheckerContext&) const’:
/scratch/chenyuan-data/SAGEN/llvm/llvm-4/clang/lib/Analysis/plugins/SAGenTestHandling/SAGenTestChecker.cpp:200:59: error: cannot convert ‘clang::ento::ProgramStatePartialTrait<llvm::ImmutableMap<const clang::ento::MemRegion*, const clang::ento::MemRegion*> >::lookup_type’ {aka ‘const clang::ento::MemRegion* const*’} to ‘const clang::ento::MemRegion*’ in initialization
  200 |   const MemRegion *TrackedRes = State->get<ErrVarToResMap>(ErrVarR);
      |                                 ~~~~~~~~~~~~~~~~~~~~~~~~~~^~~~~~~~~
      |                                                           |
      |                                                           clang::ento::ProgramStatePartialTrait<llvm::ImmutableMap<const clang::ento::MemRegion*, const clang::ento::MemRegion*> >::lookup_type {aka const clang::ento::MemRegion* const*}
make[3]: *** [tools/clang/lib/Analysis/plugins/SAGenTestHandling/CMakeFiles/SAGenTestPlugin.dir/build.make:76: tools/clang/lib/Analysis/plugins/SAGenTestHandling/CMakeFiles/SAGenTestPlugin.dir/SAGenTestChecker.cpp.o] Error 1
make[2]: *** [CMakeFiles/Makefile2:31101: tools/clang/lib/Analysis/plugins/SAGenTestHandling/CMakeFiles/SAGenTestPlugin.dir/all] Error 2
make[1]: *** [CMakeFiles/Makefile2:31108: tools/clang/lib/Analysis/plugins/SAGenTestHandling/CMakeFiles/SAGenTestPlugin.dir/rule] Error 2
make: *** [Makefile:7495: SAGenTestPlugin] Error 2
