/scratch/chenyuan-data/SAGEN/llvm/llvm-4/clang/lib/Analysis/plugins/SAGenTestHandling/SAGenTestChecker.cpp: In static member function ‘static const clang::ento::MemRegion* {anonymous}::SAGenTestChecker::canonicalizeRegion(clang::ento::ProgramStateRef, const clang::ento::MemRegion*)’:
/scratch/chenyuan-data/SAGEN/llvm/llvm-4/clang/lib/Analysis/plugins/SAGenTestHandling/SAGenTestChecker.cpp:82:56: error: cannot convert ‘clang::ento::ProgramStatePartialTrait<llvm::ImmutableMap<const clang::ento::MemRegion*, const clang::ento::MemRegion*> >::lookup_type’ {aka ‘const clang::ento::MemRegion* const*’} to ‘const clang::ento::MemRegion*’ in initialization
   82 |       if (const MemRegion *R2 = State->get<PtrAliasMap>(R))
      |                                 ~~~~~~~~~~~~~~~~~~~~~~~^~~
      |                                                        |
      |                                                        clang::ento::ProgramStatePartialTrait<llvm::ImmutableMap<const clang::ento::MemRegion*, const clang::ento::MemRegion*> >::lookup_type {aka const clang::ento::MemRegion* const*}
/scratch/chenyuan-data/SAGEN/llvm/llvm-4/clang/lib/Analysis/plugins/SAGenTestHandling/SAGenTestChecker.cpp: In static member function ‘static bool {anonymous}::SAGenTestChecker::thenContainsFreeOfRegion(const clang::Stmt*, clang::ento::ProgramStateRef, const clang::ento::MemRegion*, clang::ento::CheckerContext&)’:
/scratch/chenyuan-data/SAGEN/llvm/llvm-4/clang/lib/Analysis/plugins/SAGenTestHandling/SAGenTestChecker.cpp:102:30: error: ‘class clang::Stmt’ has no member named ‘walk’
  102 |     const_cast<Stmt*>(Then)->walk(V);
      |                              ^~~~
/scratch/chenyuan-data/SAGEN/llvm/llvm-4/clang/lib/Analysis/plugins/SAGenTestHandling/SAGenTestChecker.cpp: In member function ‘void {anonymous}::SAGenTestChecker::erasePendingFor(clang::ento::ProgramStateRef&, const clang::ento::MemRegion*) const’:
/scratch/chenyuan-data/SAGEN/llvm/llvm-4/clang/lib/Analysis/plugins/SAGenTestHandling/SAGenTestChecker.cpp:127:50: error: unable to deduce ‘const auto*’ from ‘clang::ento::ProgramState::get() const [with T = {anonymous}::PtrAliasMap; typename clang::ento::ProgramStateTrait<T>::data_type = llvm::ImmutableMap<const clang::ento::MemRegion*, const clang::ento::MemRegion*>]()’
  127 |     if (const auto *AM = State->get<PtrAliasMap>()) {
      |                                                  ^
/scratch/chenyuan-data/SAGEN/llvm/llvm-4/clang/lib/Analysis/plugins/SAGenTestHandling/SAGenTestChecker.cpp:127:50: note:   mismatched types ‘const auto*’ and ‘llvm::ImmutableMap<const clang::ento::MemRegion*, const clang::ento::MemRegion*>’
/scratch/chenyuan-data/SAGEN/llvm/llvm-4/clang/lib/Analysis/plugins/SAGenTestHandling/SAGenTestChecker.cpp:128:56: error: ‘E’ was not declared in this scope
  128 |       for (auto It = AM->begin(), E = AM->end(); It != E; ++It) {
      |                                                        ^
/scratch/chenyuan-data/SAGEN/llvm/llvm-4/clang/lib/Analysis/plugins/SAGenTestHandling/SAGenTestChecker.cpp: In member function ‘void {anonymous}::SAGenTestChecker::checkBeginFunction(clang::ento::CheckerContext&) const’:
/scratch/chenyuan-data/SAGEN/llvm/llvm-4/clang/lib/Analysis/plugins/SAGenTestHandling/SAGenTestChecker.cpp:141:53: error: unable to deduce ‘const auto*’ from ‘clang::ento::ProgramState::get() const [with T = {anonymous}::PendingNetdevMap; typename clang::ento::ProgramStateTrait<T>::data_type = llvm::ImmutableMap<const clang::ento::MemRegion*, const clang::Stmt*>]()’
  141 |   if (const auto *PM = State->get<PendingNetdevMap>()) {
      |                                                     ^
/scratch/chenyuan-data/SAGEN/llvm/llvm-4/clang/lib/Analysis/plugins/SAGenTestHandling/SAGenTestChecker.cpp:141:53: note:   mismatched types ‘const auto*’ and ‘llvm::ImmutableMap<const clang::ento::MemRegion*, const clang::Stmt*>’
/scratch/chenyuan-data/SAGEN/llvm/llvm-4/clang/lib/Analysis/plugins/SAGenTestHandling/SAGenTestChecker.cpp:142:52: error: ‘E’ was not declared in this scope
  142 |     for (auto I = PM->begin(), E = PM->end(); I != E; ++I) {
      |                                                    ^
/scratch/chenyuan-data/SAGEN/llvm/llvm-4/clang/lib/Analysis/plugins/SAGenTestHandling/SAGenTestChecker.cpp:146:50: error: unable to deduce ‘const auto*’ from ‘clang::ento::ProgramState::get() const [with T = {anonymous}::NetdevLoopMap; typename clang::ento::ProgramStateTrait<T>::data_type = llvm::ImmutableMap<const clang::ento::MemRegion*, const clang::Stmt*>]()’
  146 |   if (const auto *LM = State->get<NetdevLoopMap>()) {
      |                                                  ^
/scratch/chenyuan-data/SAGEN/llvm/llvm-4/clang/lib/Analysis/plugins/SAGenTestHandling/SAGenTestChecker.cpp:146:50: note:   mismatched types ‘const auto*’ and ‘llvm::ImmutableMap<const clang::ento::MemRegion*, const clang::Stmt*>’
/scratch/chenyuan-data/SAGEN/llvm/llvm-4/clang/lib/Analysis/plugins/SAGenTestHandling/SAGenTestChecker.cpp:147:52: error: ‘E’ was not declared in this scope
  147 |     for (auto I = LM->begin(), E = LM->end(); I != E; ++I) {
      |                                                    ^
/scratch/chenyuan-data/SAGEN/llvm/llvm-4/clang/lib/Analysis/plugins/SAGenTestHandling/SAGenTestChecker.cpp:151:48: error: unable to deduce ‘const auto*’ from ‘clang::ento::ProgramState::get() const [with T = {anonymous}::PtrAliasMap; typename clang::ento::ProgramStateTrait<T>::data_type = llvm::ImmutableMap<const clang::ento::MemRegion*, const clang::ento::MemRegion*>]()’
  151 |   if (const auto *AM = State->get<PtrAliasMap>()) {
      |                                                ^
/scratch/chenyuan-data/SAGEN/llvm/llvm-4/clang/lib/Analysis/plugins/SAGenTestHandling/SAGenTestChecker.cpp:151:48: note:   mismatched types ‘const auto*’ and ‘llvm::ImmutableMap<const clang::ento::MemRegion*, const clang::ento::MemRegion*>’
/scratch/chenyuan-data/SAGEN/llvm/llvm-4/clang/lib/Analysis/plugins/SAGenTestHandling/SAGenTestChecker.cpp:152:52: error: ‘E’ was not declared in this scope
  152 |     for (auto I = AM->begin(), E = AM->end(); I != E; ++I) {
      |                                                    ^
/scratch/chenyuan-data/SAGEN/llvm/llvm-4/clang/lib/Analysis/plugins/SAGenTestHandling/SAGenTestChecker.cpp: In member function ‘void {anonymous}::SAGenTestChecker::checkPostCall(const clang::ento::CallEvent&, clang::ento::CheckerContext&) const’:
/scratch/chenyuan-data/SAGEN/llvm/llvm-4/clang/lib/Analysis/plugins/SAGenTestHandling/SAGenTestChecker.cpp:220:61: error: invalid conversion from ‘clang::ento::ProgramStatePartialTrait<llvm::ImmutableMap<const clang::ento::MemRegion*, const clang::Stmt*> >::lookup_type’ {aka ‘const clang::Stmt* const*’} to ‘const clang::Stmt**’ [-fpermissive]
  220 |             const Stmt **LoopPtr = State->get<NetdevLoopMap>(ArgR);
      |                                    ~~~~~~~~~~~~~~~~~~~~~~~~~^~~~~~
      |                                                             |
      |                                                             clang::ento::ProgramStatePartialTrait<llvm::ImmutableMap<const clang::ento::MemRegion*, const clang::Stmt*> >::lookup_type {aka const clang::Stmt* const*}
/scratch/chenyuan-data/SAGEN/llvm/llvm-4/clang/lib/Analysis/plugins/SAGenTestHandling/SAGenTestChecker.cpp:221:65: error: invalid conversion from ‘clang::ento::ProgramStatePartialTrait<llvm::ImmutableMap<const clang::ento::MemRegion*, const clang::Stmt*> >::lookup_type’ {aka ‘const clang::Stmt* const*’} to ‘const clang::Stmt**’ [-fpermissive]
  221 |             const Stmt **AllocPtr = State->get<PendingNetdevMap>(ArgR);
      |                                     ~~~~~~~~~~~~~~~~~~~~~~~~~~~~^~~~~~
      |                                                                 |
      |                                                                 clang::ento::ProgramStatePartialTrait<llvm::ImmutableMap<const clang::ento::MemRegion*, const clang::Stmt*> >::lookup_type {aka const clang::Stmt* const*}
/scratch/chenyuan-data/SAGEN/llvm/llvm-4/clang/lib/Analysis/plugins/SAGenTestHandling/SAGenTestChecker.cpp:242:61: error: invalid conversion from ‘clang::ento::ProgramStatePartialTrait<llvm::ImmutableMap<const clang::ento::MemRegion*, const clang::Stmt*> >::lookup_type’ {aka ‘const clang::Stmt* const*’} to ‘const clang::Stmt**’ [-fpermissive]
  242 |             const Stmt **LoopPtr = State->get<NetdevLoopMap>(ArgR);
      |                                    ~~~~~~~~~~~~~~~~~~~~~~~~~^~~~~~
      |                                                             |
      |                                                             clang::ento::ProgramStatePartialTrait<llvm::ImmutableMap<const clang::ento::MemRegion*, const clang::Stmt*> >::lookup_type {aka const clang::Stmt* const*}
/scratch/chenyuan-data/SAGEN/llvm/llvm-4/clang/lib/Analysis/plugins/SAGenTestHandling/SAGenTestChecker.cpp:243:65: error: invalid conversion from ‘clang::ento::ProgramStatePartialTrait<llvm::ImmutableMap<const clang::ento::MemRegion*, const clang::Stmt*> >::lookup_type’ {aka ‘const clang::Stmt* const*’} to ‘const clang::Stmt**’ [-fpermissive]
  243 |             const Stmt **AllocPtr = State->get<PendingNetdevMap>(ArgR);
      |                                     ~~~~~~~~~~~~~~~~~~~~~~~~~~~~^~~~~~
      |                                                                 |
      |                                                                 clang::ento::ProgramStatePartialTrait<llvm::ImmutableMap<const clang::ento::MemRegion*, const clang::Stmt*> >::lookup_type {aka const clang::Stmt* const*}
/scratch/chenyuan-data/SAGEN/llvm/llvm-4/clang/lib/Analysis/plugins/SAGenTestHandling/SAGenTestChecker.cpp: In member function ‘void {anonymous}::SAGenTestChecker::checkBranchCondition(const clang::Stmt*, clang::ento::CheckerContext&) const’:
/scratch/chenyuan-data/SAGEN/llvm/llvm-4/clang/lib/Analysis/plugins/SAGenTestHandling/SAGenTestChecker.cpp:272:28: error: ‘class clang::Stmt’ has no member named ‘walk’
  272 |   const_cast<Stmt*>(Then)->walk(GV);
      |                            ^~~~
/scratch/chenyuan-data/SAGEN/llvm/llvm-4/clang/lib/Analysis/plugins/SAGenTestHandling/SAGenTestChecker.cpp:292:51: error: unable to deduce ‘const auto*’ from ‘clang::ento::ProgramState::get() const [with T = {anonymous}::PendingNetdevMap; typename clang::ento::ProgramStateTrait<T>::data_type = llvm::ImmutableMap<const clang::ento::MemRegion*, const clang::Stmt*>]()’
  292 |   const auto *Pend = State->get<PendingNetdevMap>();
      |                                                   ^
/scratch/chenyuan-data/SAGEN/llvm/llvm-4/clang/lib/Analysis/plugins/SAGenTestHandling/SAGenTestChecker.cpp:292:51: note:   mismatched types ‘const auto*’ and ‘llvm::ImmutableMap<const clang::ento::MemRegion*, const clang::Stmt*>’
/scratch/chenyuan-data/SAGEN/llvm/llvm-4/clang/lib/Analysis/plugins/SAGenTestHandling/SAGenTestChecker.cpp:297:54: error: ‘E’ was not declared in this scope
  297 |   for (auto I = Pend->begin(), E = Pend->end(); I != E; ++I) {
      |                                                      ^
/scratch/chenyuan-data/SAGEN/llvm/llvm-4/clang/lib/Analysis/plugins/SAGenTestHandling/SAGenTestChecker.cpp:302:51: error: invalid conversion from ‘clang::ento::ProgramStatePartialTrait<llvm::ImmutableMap<const clang::ento::MemRegion*, const clang::Stmt*> >::lookup_type’ {aka ‘const clang::Stmt* const*’} to ‘const clang::Stmt**’ [-fpermissive]
  302 |     const Stmt **RLoop = State->get<NetdevLoopMap>(R);
      |                          ~~~~~~~~~~~~~~~~~~~~~~~~~^~~
      |                                                   |
      |                                                   clang::ento::ProgramStatePartialTrait<llvm::ImmutableMap<const clang::ento::MemRegion*, const clang::Stmt*> >::lookup_type {aka const clang::Stmt* const*}
/scratch/chenyuan-data/SAGEN/llvm/llvm-4/clang/lib/Analysis/plugins/SAGenTestHandling/SAGenTestChecker.cpp: In static member function ‘static bool {anonymous}::SAGenTestChecker::isExitLikeLabel(const clang::LabelDecl*)’:
/scratch/chenyuan-data/SAGEN/llvm/llvm-4/clang/lib/Analysis/plugins/SAGenTestHandling/SAGenTestChecker.cpp:339:12: error: ‘class llvm::StringRef’ has no member named ‘equals_lower’
  339 |   if (Name.equals_lower("exit") ||
      |            ^~~~~~~~~~~~
/scratch/chenyuan-data/SAGEN/llvm/llvm-4/clang/lib/Analysis/plugins/SAGenTestHandling/SAGenTestChecker.cpp:340:12: error: ‘class llvm::StringRef’ has no member named ‘equals_lower’
  340 |       Name.equals_lower("out") ||
      |            ^~~~~~~~~~~~
/scratch/chenyuan-data/SAGEN/llvm/llvm-4/clang/lib/Analysis/plugins/SAGenTestHandling/SAGenTestChecker.cpp:341:12: error: ‘class llvm::StringRef’ has no member named ‘equals_lower’
  341 |       Name.equals_lower("error"))
      |            ^~~~~~~~~~~~
/scratch/chenyuan-data/SAGEN/llvm/llvm-4/clang/lib/Analysis/plugins/SAGenTestHandling/SAGenTestChecker.cpp:345:12: error: ‘class llvm::StringRef’ has no member named ‘startswith_lower’; did you mean ‘startswith’?
  345 |   if (Name.startswith_lower("err") || Name.startswith_lower("error") ||
      |            ^~~~~~~~~~~~~~~~
      |            startswith
/scratch/chenyuan-data/SAGEN/llvm/llvm-4/clang/lib/Analysis/plugins/SAGenTestHandling/SAGenTestChecker.cpp:345:44: error: ‘class llvm::StringRef’ has no member named ‘startswith_lower’; did you mean ‘startswith’?
  345 |   if (Name.startswith_lower("err") || Name.startswith_lower("error") ||
      |                                            ^~~~~~~~~~~~~~~~
      |                                            startswith
/scratch/chenyuan-data/SAGEN/llvm/llvm-4/clang/lib/Analysis/plugins/SAGenTestHandling/SAGenTestChecker.cpp:346:12: error: ‘class llvm::StringRef’ has no member named ‘startswith_lower’; did you mean ‘startswith’?
  346 |       Name.startswith_lower("out"))
      |            ^~~~~~~~~~~~~~~~
      |            startswith
make[3]: *** [tools/clang/lib/Analysis/plugins/SAGenTestHandling/CMakeFiles/SAGenTestPlugin.dir/build.make:76: tools/clang/lib/Analysis/plugins/SAGenTestHandling/CMakeFiles/SAGenTestPlugin.dir/SAGenTestChecker.cpp.o] Error 1
make[2]: *** [CMakeFiles/Makefile2:31101: tools/clang/lib/Analysis/plugins/SAGenTestHandling/CMakeFiles/SAGenTestPlugin.dir/all] Error 2
make[1]: *** [CMakeFiles/Makefile2:31108: tools/clang/lib/Analysis/plugins/SAGenTestHandling/CMakeFiles/SAGenTestPlugin.dir/rule] Error 2
make: *** [Makefile:7495: SAGenTestPlugin] Error 2
