/scratch/chenyuan-data/SAGEN/llvm/llvm-4/clang/lib/Analysis/plugins/SAGenTestHandling/SAGenTestChecker.cpp: In member function ‘void {anonymous}::SAGenTestChecker::checkPostStmt(const clang::DeclStmt*, clang::ento::CheckerContext&) const’:
/scratch/chenyuan-data/SAGEN/llvm/llvm-4/clang/lib/Analysis/plugins/SAGenTestHandling/SAGenTestChecker.cpp:70:37: error: no matching function for call to ‘clang::ento::ProgramState::getSVal(const clang::VarDecl*&, const clang::LocationContext*) const’
   70 |     SVal Val = C.getState()->getSVal(VD, C.getLocationContext());
      |                ~~~~~~~~~~~~~~~~~~~~~^~~~~~~~~~~~~~~~~~~~~~~~~~~~
In file included from /scratch/chenyuan-data/SAGEN/llvm/llvm-4/clang/include/clang/StaticAnalyzer/Core/PathSensitive/RangedConstraintManager.h:16,
                 from /scratch/chenyuan-data/SAGEN/llvm/llvm-4/clang/include/clang/StaticAnalyzer/Core/BugReporter/BugReporterVisitors.h:19,
                 from /scratch/chenyuan-data/SAGEN/llvm/llvm-4/clang/include/clang/StaticAnalyzer/Core/BugReporter/BugReporter.h:21,
                 from /scratch/chenyuan-data/SAGEN/llvm/llvm-4/clang/lib/Analysis/plugins/SAGenTestHandling/SAGenTestChecker.cpp:1:
/scratch/chenyuan-data/SAGEN/llvm/llvm-4/clang/include/clang/StaticAnalyzer/Core/PathSensitive/ProgramState.h:805:13: note: candidate: ‘clang::ento::SVal clang::ento::ProgramState::getSVal(const clang::Stmt*, const clang::LocationContext*) const’
  805 | inline SVal ProgramState::getSVal(const Stmt *Ex,
      |             ^~~~~~~~~~~~
/scratch/chenyuan-data/SAGEN/llvm/llvm-4/clang/include/clang/StaticAnalyzer/Core/PathSensitive/ProgramState.h:805:47: note:   no known conversion for argument 1 from ‘const clang::VarDecl*’ to ‘const clang::Stmt*’
  805 | inline SVal ProgramState::getSVal(const Stmt *Ex,
      |                                   ~~~~~~~~~~~~^~
/scratch/chenyuan-data/SAGEN/llvm/llvm-4/clang/include/clang/StaticAnalyzer/Core/PathSensitive/ProgramState.h:380:8: note: candidate: ‘clang::ento::SVal clang::ento::ProgramState::getSVal(clang::ento::Loc, clang::QualType) const’
  380 |   SVal getSVal(Loc LV, QualType T = QualType()) const;
      |        ^~~~~~~
/scratch/chenyuan-data/SAGEN/llvm/llvm-4/clang/include/clang/StaticAnalyzer/Core/PathSensitive/ProgramState.h:380:20: note:   no known conversion for argument 1 from ‘const clang::VarDecl*’ to ‘clang::ento::Loc’
  380 |   SVal getSVal(Loc LV, QualType T = QualType()) const;
      |                ~~~~^~
/scratch/chenyuan-data/SAGEN/llvm/llvm-4/clang/include/clang/StaticAnalyzer/Core/PathSensitive/ProgramState.h:828:13: note: candidate: ‘clang::ento::SVal clang::ento::ProgramState::getSVal(const clang::ento::MemRegion*, clang::QualType) const’
  828 | inline SVal ProgramState::getSVal(const MemRegion* R, QualType T) const {
      |             ^~~~~~~~~~~~
/scratch/chenyuan-data/SAGEN/llvm/llvm-4/clang/include/clang/StaticAnalyzer/Core/PathSensitive/ProgramState.h:828:52: note:   no known conversion for argument 1 from ‘const clang::VarDecl*’ to ‘const clang::ento::MemRegion*’
  828 | inline SVal ProgramState::getSVal(const MemRegion* R, QualType T) const {
      |                                   ~~~~~~~~~~~~~~~~~^
/scratch/chenyuan-data/SAGEN/llvm/llvm-4/clang/lib/Analysis/plugins/SAGenTestHandling/SAGenTestChecker.cpp: In member function ‘void {anonymous}::SAGenTestChecker::checkPostCall(const clang::ento::CallEvent&, clang::ento::CheckerContext&) const’:
/scratch/chenyuan-data/SAGEN/llvm/llvm-4/clang/lib/Analysis/plugins/SAGenTestHandling/SAGenTestChecker.cpp:134:29: warning: comparison of integer expressions of different signedness: ‘int64_t’ {aka ‘long int’} and ‘uint64_t’ {aka ‘long unsigned int’} [-Wsign-compare]
  134 |   if (SizeVal.getExtValue() != (uint64_t)StructSize.getQuantity())
      |       ~~~~~~~~~~~~~~~~~~~~~~^~~~~~~~~~~~~~~~~~~~~~~~~~~~~~~~~~~~~
/scratch/chenyuan-data/SAGEN/llvm/llvm-4/clang/lib/Analysis/plugins/SAGenTestHandling/SAGenTestChecker.cpp: In member function ‘void {anonymous}::SAGenTestChecker::checkPreCall(const clang::ento::CallEvent&, clang::ento::CheckerContext&) const’:
/scratch/chenyuan-data/SAGEN/llvm/llvm-4/clang/lib/Analysis/plugins/SAGenTestHandling/SAGenTestChecker.cpp:165:3: error: ‘Optional’ was not declared in this scope; did you mean ‘clang::ObjCImplementationControl::Optional’?
  165 |   Optional<bool> UninitFlag = State->get<UninitStructMap>(MR);
      |   ^~~~~~~~
      |   clang::ObjCImplementationControl::Optional
In file included from /scratch/chenyuan-data/SAGEN/llvm/llvm-4/clang/include/clang/AST/ExprObjC.h:18,
                 from /scratch/chenyuan-data/SAGEN/llvm/llvm-4/clang/include/clang/Analysis/CFG.h:19,
                 from /scratch/chenyuan-data/SAGEN/llvm/llvm-4/clang/include/clang/Analysis/AnalysisDeclContext.h:22,
                 from /scratch/chenyuan-data/SAGEN/llvm/llvm-4/clang/include/clang/Analysis/PathDiagnostic.h:17,
                 from /scratch/chenyuan-data/SAGEN/llvm/llvm-4/clang/include/clang/StaticAnalyzer/Core/BugReporter/BugReporter.h:17,
                 from /scratch/chenyuan-data/SAGEN/llvm/llvm-4/clang/lib/Analysis/plugins/SAGenTestHandling/SAGenTestChecker.cpp:1:
/scratch/chenyuan-data/SAGEN/llvm/llvm-4/clang/include/clang/AST/DeclObjC.h:118:56: note: ‘clang::ObjCImplementationControl::Optional’ declared here
  118 | enum class ObjCImplementationControl { None, Required, Optional };
      |                                                        ^~~~~~~~
/scratch/chenyuan-data/SAGEN/llvm/llvm-4/clang/lib/Analysis/plugins/SAGenTestHandling/SAGenTestChecker.cpp:165:12: error: expected primary-expression before ‘bool’
  165 |   Optional<bool> UninitFlag = State->get<UninitStructMap>(MR);
      |            ^~~~
/scratch/chenyuan-data/SAGEN/llvm/llvm-4/clang/lib/Analysis/plugins/SAGenTestHandling/SAGenTestChecker.cpp:166:7: error: ‘UninitFlag’ was not declared in this scope
  166 |   if (UninitFlag.hasValue() && UninitFlag.getValue()) {
      |       ^~~~~~~~~~
make[3]: *** [tools/clang/lib/Analysis/plugins/SAGenTestHandling/CMakeFiles/SAGenTestPlugin.dir/build.make:76: tools/clang/lib/Analysis/plugins/SAGenTestHandling/CMakeFiles/SAGenTestPlugin.dir/SAGenTestChecker.cpp.o] Error 1
make[2]: *** [CMakeFiles/Makefile2:31101: tools/clang/lib/Analysis/plugins/SAGenTestHandling/CMakeFiles/SAGenTestPlugin.dir/all] Error 2
make[1]: *** [CMakeFiles/Makefile2:31108: tools/clang/lib/Analysis/plugins/SAGenTestHandling/CMakeFiles/SAGenTestPlugin.dir/rule] Error 2
make: *** [Makefile:7495: SAGenTestPlugin] Error 2
