/scratch/chenyuan-data/SAGEN/llvm/llvm-4/clang/lib/Analysis/plugins/SAGenTestHandling/SAGenTestChecker.cpp: In member function ‘bool SectorDeclVisitor::VisitVarDecl(const clang::VarDecl*)’:
/scratch/chenyuan-data/SAGEN/llvm/llvm-4/clang/lib/Analysis/plugins/SAGenTestHandling/SAGenTestChecker.cpp:52:50: error: no matching function for call to ‘clang::ento::PathDiagnosticLocation::createBegin(const clang::VarDecl*&, clang::ASTContext&)’
   52 |               PathDiagnosticLocation::createBegin(VD, Ctx);
      |               ~~~~~~~~~~~~~~~~~~~~~~~~~~~~~~~~~~~^~~~~~~~~
In file included from /scratch/chenyuan-data/SAGEN/llvm/llvm-4/clang/include/clang/StaticAnalyzer/Core/BugReporter/BugReporter.h:17,
                 from /scratch/chenyuan-data/SAGEN/llvm/llvm-4/clang/lib/Analysis/plugins/SAGenTestHandling/SAGenTestChecker.cpp:1:
/scratch/chenyuan-data/SAGEN/llvm/llvm-4/clang/include/clang/Analysis/PathDiagnostic.h:254:33: note: candidate: ‘static clang::ento::PathDiagnosticLocation clang::ento::PathDiagnosticLocation::createBegin(const clang::Decl*, const clang::SourceManager&)’
  254 |   static PathDiagnosticLocation createBegin(const Decl *D,
      |                                 ^~~~~~~~~~~
/scratch/chenyuan-data/SAGEN/llvm/llvm-4/clang/include/clang/Analysis/PathDiagnostic.h:255:66: note:   no known conversion for argument 2 from ‘clang::ASTContext’ to ‘const clang::SourceManager&’
  255 |                                             const SourceManager &SM);
      |                                             ~~~~~~~~~~~~~~~~~~~~~^~
/scratch/chenyuan-data/SAGEN/llvm/llvm-4/clang/include/clang/Analysis/PathDiagnostic.h:261:3: note: candidate: ‘static clang::ento::PathDiagnosticLocation clang::ento::PathDiagnosticLocation::createBegin(const clang::Decl*, const clang::SourceManager&, clang::ento::LocationOrAnalysisDeclContext)’
  261 |   createBegin(const Decl *D, const SourceManager &SM,
      |   ^~~~~~~~~~~
/scratch/chenyuan-data/SAGEN/llvm/llvm-4/clang/include/clang/Analysis/PathDiagnostic.h:261:3: note:   candidate expects 3 arguments, 2 provided
/scratch/chenyuan-data/SAGEN/llvm/llvm-4/clang/include/clang/Analysis/PathDiagnostic.h:267:33: note: candidate: ‘static clang::ento::PathDiagnosticLocation clang::ento::PathDiagnosticLocation::createBegin(const clang::Stmt*, const clang::SourceManager&, clang::ento::LocationOrAnalysisDeclContext)’
  267 |   static PathDiagnosticLocation createBegin(const Stmt *S,
      |                                 ^~~~~~~~~~~
/scratch/chenyuan-data/SAGEN/llvm/llvm-4/clang/include/clang/Analysis/PathDiagnostic.h:267:33: note:   candidate expects 3 arguments, 2 provided
/scratch/chenyuan-data/SAGEN/llvm/llvm-4/clang/lib/Analysis/plugins/SAGenTestHandling/SAGenTestChecker.cpp: At global scope:
/scratch/chenyuan-data/SAGEN/llvm/llvm-4/clang/lib/Analysis/plugins/SAGenTestHandling/SAGenTestChecker.cpp:67:55: error: type/value mismatch at argument 1 in template parameter list for ‘template<class CHECK1, class ... CHECKs> class clang::ento::Checker’
   67 | class SAGenTestChecker : public Checker<check::ASTDecl> {
      |                                                       ^
/scratch/chenyuan-data/SAGEN/llvm/llvm-4/clang/lib/Analysis/plugins/SAGenTestHandling/SAGenTestChecker.cpp:67:55: note:   expected a type, got ‘ASTDecl’
/scratch/chenyuan-data/SAGEN/llvm/llvm-4/clang/lib/Analysis/plugins/SAGenTestHandling/SAGenTestChecker.cpp: In member function ‘void {anonymous}::SAGenTestChecker::checkASTDecl(const clang::Decl*, clang::ento::AnalysisManager&, clang::ento::BugReporter&) const’:
/scratch/chenyuan-data/SAGEN/llvm/llvm-4/clang/lib/Analysis/plugins/SAGenTestHandling/SAGenTestChecker.cpp:79:74: error: no matching function for call to ‘clang::ento::BugType::BugType(const char [24], const char [45])’
   79 |                            "Integer Overflow in Disk Sector Calculations"));
      |                                                                          ^
In file included from /scratch/chenyuan-data/SAGEN/llvm/llvm-4/clang/include/clang/StaticAnalyzer/Core/BugReporter/BugReporter.h:23,
                 from /scratch/chenyuan-data/SAGEN/llvm/llvm-4/clang/lib/Analysis/plugins/SAGenTestHandling/SAGenTestChecker.cpp:1:
/scratch/chenyuan-data/SAGEN/llvm/llvm-4/clang/include/clang/StaticAnalyzer/Core/BugReporter/BugType.h:42:3: note: candidate: ‘clang::ento::BugType::BugType(const clang::ento::CheckerBase*, llvm::StringRef, llvm::StringRef, bool)’
   42 |   BugType(const CheckerBase *Checker, StringRef Desc,
      |   ^~~~~~~
/scratch/chenyuan-data/SAGEN/llvm/llvm-4/clang/include/clang/StaticAnalyzer/Core/BugReporter/BugType.h:42:30: note:   no known conversion for argument 1 from ‘const char [24]’ to ‘const clang::ento::CheckerBase*’
   42 |   BugType(const CheckerBase *Checker, StringRef Desc,
      |           ~~~~~~~~~~~~~~~~~~~^~~~~~~
/scratch/chenyuan-data/SAGEN/llvm/llvm-4/clang/include/clang/StaticAnalyzer/Core/BugReporter/BugType.h:38:3: note: candidate: ‘clang::ento::BugType::BugType(clang::ento::CheckerNameRef, llvm::StringRef, llvm::StringRef, bool)’
   38 |   BugType(CheckerNameRef CheckerName, StringRef Desc,
      |   ^~~~~~~
/scratch/chenyuan-data/SAGEN/llvm/llvm-4/clang/include/clang/StaticAnalyzer/Core/BugReporter/BugType.h:38:26: note:   no known conversion for argument 1 from ‘const char [24]’ to ‘clang::ento::CheckerNameRef’
   38 |   BugType(CheckerNameRef CheckerName, StringRef Desc,
      |           ~~~~~~~~~~~~~~~^~~~~~~~~~~
/scratch/chenyuan-data/SAGEN/llvm/llvm-4/clang/include/clang/StaticAnalyzer/Core/BugReporter/BugType.h:27:7: note: candidate: ‘clang::ento::BugType::BugType(const clang::ento::BugType&)’
   27 | class BugType {
      |       ^~~~~~~
/scratch/chenyuan-data/SAGEN/llvm/llvm-4/clang/include/clang/StaticAnalyzer/Core/BugReporter/BugType.h:27:7: note:   candidate expects 1 argument, 2 provided
/scratch/chenyuan-data/SAGEN/llvm/llvm-4/clang/lib/Analysis/plugins/SAGenTestHandling/SAGenTestChecker.cpp:102:56: error: no matching function for call to ‘clang::ento::PathDiagnosticLocation::createBegin(const clang::ParmVarDecl*&, clang::ASTContext&)’
  102 |                     PathDiagnosticLocation::createBegin(PVD, FD->getASTContext());
      |                     ~~~~~~~~~~~~~~~~~~~~~~~~~~~~~~~~~~~^~~~~~~~~~~~~~~~~~~~~~~~~~
In file included from /scratch/chenyuan-data/SAGEN/llvm/llvm-4/clang/include/clang/StaticAnalyzer/Core/BugReporter/BugReporter.h:17,
                 from /scratch/chenyuan-data/SAGEN/llvm/llvm-4/clang/lib/Analysis/plugins/SAGenTestHandling/SAGenTestChecker.cpp:1:
/scratch/chenyuan-data/SAGEN/llvm/llvm-4/clang/include/clang/Analysis/PathDiagnostic.h:254:33: note: candidate: ‘static clang::ento::PathDiagnosticLocation clang::ento::PathDiagnosticLocation::createBegin(const clang::Decl*, const clang::SourceManager&)’
  254 |   static PathDiagnosticLocation createBegin(const Decl *D,
      |                                 ^~~~~~~~~~~
/scratch/chenyuan-data/SAGEN/llvm/llvm-4/clang/include/clang/Analysis/PathDiagnostic.h:255:66: note:   no known conversion for argument 2 from ‘clang::ASTContext’ to ‘const clang::SourceManager&’
  255 |                                             const SourceManager &SM);
      |                                             ~~~~~~~~~~~~~~~~~~~~~^~
/scratch/chenyuan-data/SAGEN/llvm/llvm-4/clang/include/clang/Analysis/PathDiagnostic.h:261:3: note: candidate: ‘static clang::ento::PathDiagnosticLocation clang::ento::PathDiagnosticLocation::createBegin(const clang::Decl*, const clang::SourceManager&, clang::ento::LocationOrAnalysisDeclContext)’
  261 |   createBegin(const Decl *D, const SourceManager &SM,
      |   ^~~~~~~~~~~
/scratch/chenyuan-data/SAGEN/llvm/llvm-4/clang/include/clang/Analysis/PathDiagnostic.h:261:3: note:   candidate expects 3 arguments, 2 provided
/scratch/chenyuan-data/SAGEN/llvm/llvm-4/clang/include/clang/Analysis/PathDiagnostic.h:267:33: note: candidate: ‘static clang::ento::PathDiagnosticLocation clang::ento::PathDiagnosticLocation::createBegin(const clang::Stmt*, const clang::SourceManager&, clang::ento::LocationOrAnalysisDeclContext)’
  267 |   static PathDiagnosticLocation createBegin(const Stmt *S,
      |                                 ^~~~~~~~~~~
/scratch/chenyuan-data/SAGEN/llvm/llvm-4/clang/include/clang/Analysis/PathDiagnostic.h:267:33: note:   candidate expects 3 arguments, 2 provided
In file included from /scratch/chenyuan-data/SAGEN/llvm/llvm-4/clang/include/clang/StaticAnalyzer/Core/Checker.h:18,
                 from /scratch/chenyuan-data/SAGEN/llvm/llvm-4/clang/include/clang/StaticAnalyzer/Core/BugReporter/BugType.h:18,
                 from /scratch/chenyuan-data/SAGEN/llvm/llvm-4/clang/include/clang/StaticAnalyzer/Core/BugReporter/BugReporter.h:23,
                 from /scratch/chenyuan-data/SAGEN/llvm/llvm-4/clang/lib/Analysis/plugins/SAGenTestHandling/SAGenTestChecker.cpp:1:
/scratch/chenyuan-data/SAGEN/llvm/llvm-4/clang/include/clang/StaticAnalyzer/Core/CheckerManager.h: In instantiation of ‘CHECKER* clang::ento::CheckerManager::registerChecker(AT&& ...) [with CHECKER = {anonymous}::SAGenTestChecker; AT = {}]’:
/scratch/chenyuan-data/SAGEN/llvm/llvm-4/clang/include/clang/StaticAnalyzer/Frontend/CheckerRegistry.h:108:36:   required from ‘static void clang::ento::CheckerRegistry::initializeManager(MGR&) [with MGR = clang::ento::CheckerManager; T = {anonymous}::SAGenTestChecker]’
/scratch/chenyuan-data/SAGEN/llvm/llvm-4/clang/include/clang/StaticAnalyzer/Frontend/CheckerRegistry.h:132:15:   required from ‘void clang::ento::CheckerRegistry::addChecker(llvm::StringRef, llvm::StringRef, llvm::StringRef, bool) [with T = {anonymous}::SAGenTestChecker]’
/scratch/chenyuan-data/SAGEN/llvm/llvm-4/clang/lib/Analysis/plugins/SAGenTestHandling/SAGenTestChecker.cpp:127:40:   required from here
/scratch/chenyuan-data/SAGEN/llvm/llvm-4/clang/include/clang/StaticAnalyzer/Core/CheckerManager.h:210:14: error: ‘class {anonymous}::SAGenTestChecker’ has no member named ‘Name’
  210 |     checker->Name = CurrentCheckerName;
      |     ~~~~~~~~~^~~~
/scratch/chenyuan-data/SAGEN/llvm/llvm-4/clang/include/clang/StaticAnalyzer/Core/CheckerManager.h:211:28: error: no matching function for call to ‘clang::ento::CheckerFn<void()>::CheckerFn({anonymous}::SAGenTestChecker*&, <unresolved overloaded function type>)’
  211 |     CheckerDtors.push_back(CheckerDtor(checker, destruct<CHECKER>));
      |                            ^~~~~~~~~~~~~~~~~~~~~~~~~~~~~~~~~~~~~~~
/scratch/chenyuan-data/SAGEN/llvm/llvm-4/clang/include/clang/StaticAnalyzer/Core/CheckerManager.h:69:3: note: candidate: ‘clang::ento::CheckerFn<RET(Ps ...)>::CheckerFn(clang::ento::CheckerBase*, clang::ento::CheckerFn<RET(Ps ...)>::Func) [with RET = void; Ps = {}; clang::ento::CheckerFn<RET(Ps ...)>::Func = void (*)(void*)]’
   69 |   CheckerFn(CheckerBase *checker, Func fn) : Fn(fn), Checker(checker) {}
      |   ^~~~~~~~~
/scratch/chenyuan-data/SAGEN/llvm/llvm-4/clang/include/clang/StaticAnalyzer/Core/CheckerManager.h:69:26: note:   no known conversion for argument 1 from ‘{anonymous}::SAGenTestChecker*’ to ‘clang::ento::CheckerBase*’
   69 |   CheckerFn(CheckerBase *checker, Func fn) : Fn(fn), Checker(checker) {}
      |             ~~~~~~~~~~~~~^~~~~~~
/scratch/chenyuan-data/SAGEN/llvm/llvm-4/clang/include/clang/StaticAnalyzer/Core/CheckerManager.h:61:7: note: candidate: ‘constexpr clang::ento::CheckerFn<void()>::CheckerFn(const clang::ento::CheckerFn<void()>&)’
   61 | class CheckerFn<RET(Ps...)> {
      |       ^~~~~~~~~~~~~~~~~~~~~
/scratch/chenyuan-data/SAGEN/llvm/llvm-4/clang/include/clang/StaticAnalyzer/Core/CheckerManager.h:61:7: note:   candidate expects 1 argument, 2 provided
/scratch/chenyuan-data/SAGEN/llvm/llvm-4/clang/include/clang/StaticAnalyzer/Core/CheckerManager.h:61:7: note: candidate: ‘constexpr clang::ento::CheckerFn<void()>::CheckerFn(clang::ento::CheckerFn<void()>&&)’
/scratch/chenyuan-data/SAGEN/llvm/llvm-4/clang/include/clang/StaticAnalyzer/Core/CheckerManager.h:61:7: note:   candidate expects 1 argument, 2 provided
/scratch/chenyuan-data/SAGEN/llvm/llvm-4/clang/include/clang/StaticAnalyzer/Core/CheckerManager.h:212:23: error: ‘_register’ is not a member of ‘{anonymous}::SAGenTestChecker’
  212 |     CHECKER::_register(checker, *this);
      |     ~~~~~~~~~~~~~~~~~~^~~~~~~~~~~~~~~~
/scratch/chenyuan-data/SAGEN/llvm/llvm-4/clang/include/clang/StaticAnalyzer/Core/CheckerManager.h:213:11: error: cannot convert ‘{anonymous}::SAGenTestChecker*’ to ‘clang::ento::CheckerManager::CheckerRef’ {aka ‘clang::ento::CheckerBase*’} in assignment
  213 |     ref = checker;
      |           ^~~~~~~
      |           |
      |           {anonymous}::SAGenTestChecker*
make[3]: *** [tools/clang/lib/Analysis/plugins/SAGenTestHandling/CMakeFiles/SAGenTestPlugin.dir/build.make:76: tools/clang/lib/Analysis/plugins/SAGenTestHandling/CMakeFiles/SAGenTestPlugin.dir/SAGenTestChecker.cpp.o] Error 1
make[2]: *** [CMakeFiles/Makefile2:31101: tools/clang/lib/Analysis/plugins/SAGenTestHandling/CMakeFiles/SAGenTestPlugin.dir/all] Error 2
make[1]: *** [CMakeFiles/Makefile2:31108: tools/clang/lib/Analysis/plugins/SAGenTestHandling/CMakeFiles/SAGenTestPlugin.dir/rule] Error 2
make: *** [Makefile:7495: SAGenTestPlugin] Error 2
