/scratch/chenyuan-data/SAGEN/llvm/llvm-4/clang/lib/Analysis/plugins/SAGenTestHandling/SAGenTestChecker.cpp: In member function ‘bool {anonymous}::ArraySubscriptFinder::VisitArraySubscriptExpr(clang::ArraySubscriptExpr*)’:
/scratch/chenyuan-data/SAGEN/llvm/llvm-4/clang/lib/Analysis/plugins/SAGenTestHandling/SAGenTestChecker.cpp:46:49: error: conversion from ‘llvm::APInt’ to non-scalar type ‘llvm::APSInt’ requested
   46 |               llvm::APSInt LitVal = IL->getValue();
      |                                     ~~~~~~~~~~~~^~
/scratch/chenyuan-data/SAGEN/llvm/llvm-4/clang/lib/Analysis/plugins/SAGenTestHandling/SAGenTestChecker.cpp: In member function ‘bool {anonymous}::OffByOneVisitor::VisitForStmt(clang::ForStmt*)’:
/scratch/chenyuan-data/SAGEN/llvm/llvm-4/clang/lib/Analysis/plugins/SAGenTestHandling/SAGenTestChecker.cpp:99:13: error: no matching function for call to ‘clang::ento::BasicBugReport::BasicBugReport(const clang::ento::BugType&, const char [94], const clang::FunctionDecl*&)’
   99 |           FD);
      |             ^
In file included from /scratch/chenyuan-data/SAGEN/llvm/llvm-4/clang/lib/Analysis/plugins/SAGenTestHandling/SAGenTestChecker.cpp:10:
/scratch/chenyuan-data/SAGEN/llvm/llvm-4/clang/include/clang/StaticAnalyzer/Core/BugReporter/BugReporter.h:256:3: note: candidate: ‘clang::ento::BasicBugReport::BasicBugReport(const clang::ento::BugType&, llvm::StringRef, clang::ento::PathDiagnosticLocation)’
  256 |   BasicBugReport(const BugType &bt, StringRef desc, PathDiagnosticLocation l)
      |   ^~~~~~~~~~~~~~
/scratch/chenyuan-data/SAGEN/llvm/llvm-4/clang/include/clang/StaticAnalyzer/Core/BugReporter/BugReporter.h:256:76: note:   no known conversion for argument 3 from ‘const clang::FunctionDecl*’ to ‘clang::ento::PathDiagnosticLocation’
  256 |   BasicBugReport(const BugType &bt, StringRef desc, PathDiagnosticLocation l)
      |                                                     ~~~~~~~~~~~~~~~~~~~~~~~^
/scratch/chenyuan-data/SAGEN/llvm/llvm-4/clang/include/clang/StaticAnalyzer/Core/BugReporter/BugReporter.h:251:7: note: candidate: ‘clang::ento::BasicBugReport::BasicBugReport(const clang::ento::BasicBugReport&)’
  251 | class BasicBugReport : public BugReport {
      |       ^~~~~~~~~~~~~~
/scratch/chenyuan-data/SAGEN/llvm/llvm-4/clang/include/clang/StaticAnalyzer/Core/BugReporter/BugReporter.h:251:7: note:   candidate expects 1 argument, 3 provided
/scratch/chenyuan-data/SAGEN/llvm/llvm-4/clang/include/clang/StaticAnalyzer/Core/BugReporter/BugReporter.h:251:7: note: candidate: ‘clang::ento::BasicBugReport::BasicBugReport(clang::ento::BasicBugReport&&)’
/scratch/chenyuan-data/SAGEN/llvm/llvm-4/clang/include/clang/StaticAnalyzer/Core/BugReporter/BugReporter.h:251:7: note:   candidate expects 1 argument, 3 provided
make[3]: *** [tools/clang/lib/Analysis/plugins/SAGenTestHandling/CMakeFiles/SAGenTestPlugin.dir/build.make:76: tools/clang/lib/Analysis/plugins/SAGenTestHandling/CMakeFiles/SAGenTestPlugin.dir/SAGenTestChecker.cpp.o] Error 1
make[2]: *** [CMakeFiles/Makefile2:31101: tools/clang/lib/Analysis/plugins/SAGenTestHandling/CMakeFiles/SAGenTestPlugin.dir/all] Error 2
make[1]: *** [CMakeFiles/Makefile2:31108: tools/clang/lib/Analysis/plugins/SAGenTestHandling/CMakeFiles/SAGenTestPlugin.dir/rule] Error 2
make: *** [Makefile:7495: SAGenTestPlugin] Error 2
